#
# A fatal error has been detected by the Java Runtime Environment:
#
#  EXCEPTION_ACCESS_VIOLATION (0xc0000005) at pc=0x000000005bdf9014, pid=2268, tid=1808
#
# JRE version: 7.0_09-b05
# Java VM: Java HotSpot(TM) 64-Bit Server VM (23.5-b02 mixed mode windows-amd64 compressed oops)
# Problematic frame:
# V  [jvm.dll+0x109014]
#
# Failed to write core dump. Minidumps are not enabled by default on client versions of Windows
#
# If you would like to submit a bug report, please visit:
#   http://bugreport.sun.com/bugreport/crash.jsp
#

---------------  T H R E A D  ---------------

Current thread (0x0000000010051800):  JavaThread "JavaFX Application Thread" [_thread_in_vm, id=1808, stack(0x0000000010d90000,0x0000000010e90000)]

siginfo: ExceptionCode=0xc0000005, reading address 0x0000000000000000

Registers:
RAX=0x0000000000000000, RBX=0x0000000010051800, RCX=0x0000000010051800, RDX=0x000000000ca5c1c0
RSP=0x0000000010e8e5e0, RBP=0x0000000010e8e6d8, RSI=0x0000000000000000, RDI=0x00000000100519d8
R8 =0x0000000000000000, R9 =0x0000000010e8e6d8, R10=0x0000000000000000, R11=0x0000000000000200
R12=0x000000000ca5c1c0, R13=0x000000009c147690, R14=0x0000000010e8ea40, R15=0x0000000010051800
RIP=0x000000005bdf9014, EFLAGS=0x0000000000010246

Top of Stack: (sp=0x0000000010e8e5e0)
0x0000000010e8e5e0:   0000000010051800 0000000000000000
0x0000000010e8e5f0:   0000000000000000 00000000513a1ddc
0x0000000010e8e600:   0000000010051800 0000000000000000
0x0000000010e8e610:   00000000513a1dd0 000000001003d7e0
0x0000000010e8e620:   0000000002566ab5 00000000509cea88
0x0000000010e8e630:   0000000010051800 000000000c8f4060
0x0000000010e8e640:   000000000000063d 000000005c2074f0
0x0000000010e8e650:   000000000c831e10 000000005bdecacd
0x0000000010e8e660:   0000000010e8e890 000000008b59f158
0x0000000010e8e670:   0000000010051800 0000000010051800
0x0000000010e8e680:   0000000000000000 00000000509ce99c
0x0000000010e8e690:   0000000010456560 000000000c831e10
0x0000000010e8e6a0:   00000000100519d8 00000000106a6cf0
0x0000000010e8e6b0:   00000000106a6cf0 0000000050d42454
0x0000000010e8e6c0:   0000000010456560 00000000100519d8
0x0000000010e8e6d0:   0000000000000000 00000000106a6cf0 

Instructions: (pc=0x000000005bdf9014)
0x000000005bdf8ff4:   00 48 83 7b 08 00 48 89 5c 24 50 48 c7 44 24 58
0x000000005bdf9004:   00 00 00 00 74 0a 48 8d 4c 24 50 e8 fc 81 0f 00
0x000000005bdf9014:   48 8b 0e c7 44 24 40 0e 00 00 00 48 8b 41 10 48
0x000000005bdf9024:   8b 49 18 0f b7 50 42 e8 60 2f f0 ff 48 8d 4c 24 


Register to memory mapping:

RAX=0x0000000000000000 is an unknown value
RBX=0x0000000010051800 is a thread
RCX=0x0000000010051800 is a thread
RDX=0x000000000ca5c1c0 is a global jni handle
RSP=0x0000000010e8e5e0 is pointing into the stack for thread: 0x0000000010051800
RBP=0x0000000010e8e6d8 is pointing into the stack for thread: 0x0000000010051800
RSI=0x0000000000000000 is an unknown value
RDI=0x00000000100519d8 is an unknown value
R8 =0x0000000000000000 is an unknown value
R9 =0x0000000010e8e6d8 is pointing into the stack for thread: 0x0000000010051800
R10=0x0000000000000000 is an unknown value
R11=0x0000000000000200 is an unknown value
R12=0x000000000ca5c1c0 is a global jni handle
R13=0x000000009c147690 is an oop
{method} 
 - klass: {other class}
R14=0x0000000010e8ea40 is pointing into the stack for thread: 0x0000000010051800
R15=0x0000000010051800 is a thread


Stack: [0x0000000010d90000,0x0000000010e90000],  sp=0x0000000010e8e5e0,  free space=1017k
Native frames: (J=compiled Java code, j=interpreted, Vv=VM code, C=native code)
V  [jvm.dll+0x109014]

Java frames: (J=compiled Java code, j=interpreted, Vv=VM code)
j  com.sun.webpane.webkit.network.URLLoader.twkDidReceiveData(Ljava/nio/ByteBuffer;IIJ)V+0
j  com.sun.webpane.webkit.network.URLLoader.access$1200(Ljava/nio/ByteBuffer;IIJ)V+4
j  com.sun.webpane.webkit.network.URLLoader$5.run()V+35
v  ~StubRoutines::call_stub
j  com.sun.glass.ui.win.WinApplication._runLoop([Ljava/lang/String;Lcom/sun/glass/ui/Launchable;)V+0
j  com.sun.glass.ui.win.WinApplication.access$100(Lcom/sun/glass/ui/win/WinApplication;[Ljava/lang/String;Lcom/sun/glass/ui/Launchable;)V+3
j  com.sun.glass.ui.win.WinApplication$3$1.run()V+32
j  java.lang.Thread.run()V+11
v  ~StubRoutines::call_stub

---------------  P R O C E S S  ---------------

Java Threads: ( => current thread )
  0x00000000102d6000 JavaThread "Prism Font Disposer" daemon [_thread_blocked, id=7880, stack(0x00000000164d0000,0x00000000165d0000)]
  0x00000000102d5000 JavaThread "URL-Loader-3" daemon [_thread_blocked, id=1608, stack(0x0000000016310000,0x0000000016410000)]
  0x00000000102d4800 JavaThread "URL-Loader-2" daemon [_thread_blocked, id=1392, stack(0x00000000157d0000,0x00000000158d0000)]
  0x00000000102d3800 JavaThread "Keep-Alive-Timer" daemon [_thread_blocked, id=7264, stack(0x00000000161a0000,0x00000000162a0000)]
  0x00000000102d3000 JavaThread "Keep-Alive-SocketCleaner" daemon [_thread_blocked, id=9100, stack(0x0000000016080000,0x0000000016180000)]
  0x00000000102a0800 JavaThread "URL-Loader-1" daemon [_thread_blocked, id=9208, stack(0x0000000015570000,0x0000000015670000)]
  0x000000000c71e800 JavaThread "Disposer" daemon [_thread_blocked, id=9012, stack(0x0000000013f70000,0x0000000014070000)]
  0x0000000010030800 JavaThread "D3D Screen Updater" daemon [_thread_blocked, id=8784, stack(0x0000000013240000,0x0000000013340000)]
  0x000000001005c800 JavaThread "Thread-2" daemon [_thread_in_native, id=2408, stack(0x0000000011550000,0x0000000011650000)]
  0x000000000c9ee000 JavaThread "AWT-EventQueue-0" [_thread_blocked, id=1612, stack(0x0000000011660000,0x0000000011760000)]
=>0x0000000010051800 JavaThread "JavaFX Application Thread" [_thread_in_vm, id=1808, stack(0x0000000010d90000,0x0000000010e90000)]
  0x0000000010051000 JavaThread "Disposer" daemon [_thread_blocked, id=8732, stack(0x0000000010bc0000,0x0000000010cc0000)]
  0x000000000c8f9800 JavaThread "QuantumRenderer-0" daemon [_thread_blocked, id=2560, stack(0x0000000010960000,0x0000000010a60000)]
  0x000000000c82f800 JavaThread "AWT-Windows" daemon [_thread_in_native, id=7524, stack(0x000000000d890000,0x000000000d990000)]
  0x000000000c82d000 JavaThread "AWT-Shutdown" [_thread_blocked, id=9156, stack(0x000000000d790000,0x000000000d890000)]
  0x000000000c82c000 JavaThread "Java2D Disposer" daemon [_thread_blocked, id=8136, stack(0x000000000d5b0000,0x000000000d6b0000)]
  0x000000000c6ca000 JavaThread "Service Thread" daemon [_thread_blocked, id=7712, stack(0x000000000d100000,0x000000000d200000)]
  0x000000000c6c3800 JavaThread "C2 CompilerThread1" daemon [_thread_blocked, id=4284, stack(0x000000000cf00000,0x000000000d000000)]
  0x000000000c6ad800 JavaThread "C2 CompilerThread0" daemon [_thread_blocked, id=8996, stack(0x000000000cdc0000,0x000000000cec0000)]
  0x000000000c6ac800 JavaThread "Attach Listener" daemon [_thread_blocked, id=5192, stack(0x000000000cb00000,0x000000000cc00000)]
  0x000000000c6ab800 JavaThread "Signal Dispatcher" daemon [_thread_blocked, id=8480, stack(0x000000000cc50000,0x000000000cd50000)]
  0x000000000a6f8800 JavaThread "Finalizer" daemon [_thread_blocked, id=9060, stack(0x000000000c560000,0x000000000c660000)]
  0x000000000a6f0800 JavaThread "Reference Handler" daemon [_thread_blocked, id=5448, stack(0x000000000c430000,0x000000000c530000)]
  0x00000000021bc800 JavaThread "main" [_thread_blocked, id=9044, stack(0x0000000002300000,0x0000000002400000)]

Other Threads:
  0x000000000a6e8000 VMThread [stack: 0x000000000c320000,0x000000000c420000] [id=7516]
  0x000000000c6e5000 WatcherThread [stack: 0x000000000d2f0000,0x000000000d3f0000] [id=8852]

VM state:not at safepoint (normal execution)

VM Mutex/Monitor currently owned by a thread: None

Heap
 PSYoungGen      total 107776K, used 19335K [0x00000000e0160000, 0x00000000ed440000, 0x0000000100000000)
  eden space 98240K, 19% used [0x00000000e0160000,0x00000000e1412c58,0x00000000e6150000)
  from space 9536K, 1% used [0x00000000e6150000,0x00000000e617f020,0x00000000e6aa0000)
  to   space 9728K, 0% used [0x00000000ecac0000,0x00000000ecac0000,0x00000000ed440000)
 ParOldGen       total 65408K, used 17319K [0x00000000a0400000, 0x00000000a43e0000, 0x00000000e0160000)
  object space 65408K, 26% used [0x00000000a0400000,0x00000000a14e9c40,0x00000000a43e0000)
 PSPermGen       total 22400K, used 22361K [0x000000009b200000, 0x000000009c7e0000, 0x00000000a0400000)
  object space 22400K, 99% used [0x000000009b200000,0x000000009c7d6718,0x000000009c7e0000)

Card table byte_map: [0x00000000054c0000,0x00000000057f0000] byte_map_base: 0x0000000004fe7000

Polling page: 0x0000000000120000

Code Cache  [0x0000000002400000, 0x0000000002670000, 0x0000000005400000)
 total_blobs=938 nmethods=219 adapters=670 free_code_cache=47931Kb largest_free_block=49033408

Compilation events (10 events):
Event: 15.704 Thread 0x000000000c6ad800 nmethod 225 0x00000000024a0910 code [0x00000000024a0a40, 0x00000000024a0c78]
Event: 15.705 Thread 0x000000000c6c3800 nmethod 224 0x000000000249fe90 code [0x00000000024a0000, 0x00000000024a0518]
Event: 15.709 Thread 0x000000000c6ad800  226             java.lang.Math::max (11 bytes)
Event: 15.709 Thread 0x000000000c6ad800 nmethod 226 0x00000000024bd250 code [0x00000000024bd380, 0x00000000024bd3d8]
Event: 15.719 Thread 0x000000000c6c3800  227             sun.misc.URLClassPath::getResource (74 bytes)
Event: 15.739 Thread 0x000000000c6ad800  228             com.sun.openpisces.Renderer$ScanlineIterator::next (352 bytes)
Event: 15.755 Thread 0x000000000c6ad800 nmethod 228 0x000000000252f810 code [0x000000000252f9c0, 0x0000000002530448]
Event: 15.756 Thread 0x000000000c6ad800  229             com.sun.openpisces.Renderer::produceAlphas (589 bytes)
Event: 15.760 Thread 0x000000000c6c3800 nmethod 227 0x0000000002537790 code [0x0000000002537ba0, 0x000000000253a8a8]
Event: 15.776 Thread 0x000000000c6ad800 nmethod 229 0x00000000025324d0 code [0x0000000002532680, 0x0000000002533390]

GC Heap History (10 events):
Event: 15.214 GC heap before
{Heap before GC invocations=3 (full 0):
 PSYoungGen      total 28608K, used 28532K [0x00000000e0160000, 0x00000000e2140000, 0x0000000100000000)
  eden space 24576K, 99% used [0x00000000e0160000,0x00000000e19531a0,0x00000000e1960000)
  from space 4032K, 99% used [0x00000000e1d50000,0x00000000e213a1f0,0x00000000e2140000)
  to   space 4032K, 0% used [0x00000000e1960000,0x00000000e1960000,0x00000000e1d50000)
 ParOldGen       total 65408K, used 6357K [0x00000000a0400000, 0x00000000a43e0000, 0x00000000e0160000)
  object space 65408K, 9% used [0x00000000a0400000,0x00000000a0a357c0,0x00000000a43e0000)
 PSPermGen       total 21248K, used 21031K [0x000000009b200000, 0x000000009c6c0000, 0x00000000a0400000)
  object space 21248K, 98% used [0x000000009b200000,0x000000009c689cb0,0x000000009c6c0000)
Event: 15.218 GC heap after
Heap after GC invocations=3 (full 0):
 PSYoungGen      total 28608K, used 4024K [0x00000000e0160000, 0x00000000e3940000, 0x0000000100000000)
  eden space 24576K, 0% used [0x00000000e0160000,0x00000000e0160000,0x00000000e1960000)
  from space 4032K, 99% used [0x00000000e1960000,0x00000000e1d4e1e0,0x00000000e1d50000)
  to   space 4032K, 0% used [0x00000000e3550000,0x00000000e3550000,0x00000000e3940000)
 ParOldGen       total 65408K, used 6432K [0x00000000a0400000, 0x00000000a43e0000, 0x00000000e0160000)
  object space 65408K, 9% used [0x00000000a0400000,0x00000000a0a48228,0x00000000a43e0000)
 PSPermGen       total 21248K, used 21031K [0x000000009b200000, 0x000000009c6c0000, 0x00000000a0400000)
  object space 21248K, 98% used [0x000000009b200000,0x000000009c689cb0,0x000000009c6c0000)
}
Event: 15.224 GC heap before
{Heap before GC invocations=4 (full 0):
 PSYoungGen      total 28608K, used 28535K [0x00000000e0160000, 0x00000000e3940000, 0x0000000100000000)
  eden space 24576K, 99% used [0x00000000e0160000,0x00000000e194fb70,0x00000000e1960000)
  from space 4032K, 99% used [0x00000000e1960000,0x00000000e1d4e1e0,0x00000000e1d50000)
  to   space 4032K, 0% used [0x00000000e3550000,0x00000000e3550000,0x00000000e3940000)
 ParOldGen       total 65408K, used 6432K [0x00000000a0400000, 0x00000000a43e0000, 0x00000000e0160000)
  object space 65408K, 9% used [0x00000000a0400000,0x00000000a0a48228,0x00000000a43e0000)
 PSPermGen       total 21248K, used 21031K [0x000000009b200000, 0x000000009c6c0000, 0x00000000a0400000)
  object space 21248K, 98% used [0x000000009b200000,0x000000009c689cb0,0x000000009c6c0000)
Event: 15.230 GC heap after
Heap after GC invocations=4 (full 0):
 PSYoungGen      total 53184K, used 2885K [0x00000000e0160000, 0x00000000e3940000, 0x0000000100000000)
  eden space 49152K, 0% used [0x00000000e0160000,0x00000000e0160000,0x00000000e3160000)
  from space 4032K, 71% used [0x00000000e3550000,0x00000000e3821400,0x00000000e3940000)
  to   space 4032K, 0% used [0x00000000e3160000,0x00000000e3160000,0x00000000e3550000)
 ParOldGen       total 65408K, used 13293K [0x00000000a0400000, 0x00000000a43e0000, 0x00000000e0160000)
  object space 65408K, 20% used [0x00000000a0400000,0x00000000a10fb6d8,0x00000000a43e0000)
 PSPermGen       total 21248K, used 21031K [0x000000009b200000, 0x000000009c6c0000, 0x00000000a0400000)
  object space 21248K, 98% used [0x000000009b200000,0x000000009c689cb0,0x000000009c6c0000)
}
Event: 15.247 GC heap before
{Heap before GC invocations=5 (full 0):
 PSYoungGen      total 53184K, used 52026K [0x00000000e0160000, 0x00000000e3940000, 0x0000000100000000)
  eden space 49152K, 99% used [0x00000000e0160000,0x00000000e315d4d8,0x00000000e3160000)
  from space 4032K, 71% used [0x00000000e3550000,0x00000000e3821400,0x00000000e3940000)
  to   space 4032K, 0% used [0x00000000e3160000,0x00000000e3160000,0x00000000e3550000)
 ParOldGen       total 65408K, used 13293K [0x00000000a0400000, 0x00000000a43e0000, 0x00000000e0160000)
  object space 65408K, 20% used [0x00000000a0400000,0x00000000a10fb6d8,0x00000000a43e0000)
 PSPermGen       total 21248K, used 21031K [0x000000009b200000, 0x000000009c6c0000, 0x00000000a0400000)
  object space 21248K, 98% used [0x000000009b200000,0x000000009c689cb0,0x000000009c6c0000)
Event: 15.252 GC heap after
Heap after GC invocations=5 (full 0):
 PSYoungGen      total 53184K, used 2869K [0x00000000e0160000, 0x00000000e73e0000, 0x0000000100000000)
  eden space 49152K, 0% used [0x00000000e0160000,0x00000000e0160000,0x00000000e3160000)
  from space 4032K, 71% used [0x00000000e3160000,0x00000000e342d670,0x00000000e3550000)
  to   space 9472K, 0% used [0x00000000e6aa0000,0x00000000e6aa0000,0x00000000e73e0000)
 ParOldGen       total 65408K, used 16046K [0x00000000a0400000, 0x00000000a43e0000, 0x00000000e0160000)
  object space 65408K, 24% used [0x00000000a0400000,0x00000000a13ab8b8,0x00000000a43e0000)
 PSPermGen       total 21248K, used 21031K [0x000000009b200000, 0x000000009c6c0000, 0x00000000a0400000)
  object space 21248K, 98% used [0x000000009b200000,0x000000009c689cb0,0x000000009c6c0000)
}
Event: 15.264 GC heap before
{Heap before GC invocations=6 (full 0):
 PSYoungGen      total 53184K, used 51963K [0x00000000e0160000, 0x00000000e73e0000, 0x0000000100000000)
  eden space 49152K, 99% used [0x00000000e0160000,0x00000000e31516c0,0x00000000e3160000)
  from space 4032K, 71% used [0x00000000e3160000,0x00000000e342d670,0x00000000e3550000)
  to   space 9472K, 0% used [0x00000000e6aa0000,0x00000000e6aa0000,0x00000000e73e0000)
 ParOldGen       total 65408K, used 16046K [0x00000000a0400000, 0x00000000a43e0000, 0x00000000e0160000)
  object space 65408K, 24% used [0x00000000a0400000,0x00000000a13ab8b8,0x00000000a43e0000)
 PSPermGen       total 21248K, used 21031K [0x000000009b200000, 0x000000009c6c0000, 0x00000000a0400000)
  object space 21248K, 98% used [0x000000009b200000,0x000000009c689cb0,0x000000009c6c0000)
Event: 15.267 GC heap after
Heap after GC invocations=6 (full 0):
 PSYoungGen      total 107712K, used 1426K [0x00000000e0160000, 0x00000000e7400000, 0x0000000100000000)
  eden space 98240K, 0% used [0x00000000e0160000,0x00000000e0160000,0x00000000e6150000)
  from space 9472K, 15% used [0x00000000e6aa0000,0x00000000e6c04be0,0x00000000e73e0000)
  to   space 9536K, 0% used [0x00000000e6150000,0x00000000e6150000,0x00000000e6aa0000)
 ParOldGen       total 65408K, used 16046K [0x00000000a0400000, 0x00000000a43e0000, 0x00000000e0160000)
  object space 65408K, 24% used [0x00000000a0400000,0x00000000a13ab8b8,0x00000000a43e0000)
 PSPermGen       total 21248K, used 21031K [0x000000009b200000, 0x000000009c6c0000, 0x00000000a0400000)
  object space 21248K, 98% used [0x000000009b200000,0x000000009c689cb0,0x000000009c6c0000)
}
Event: 15.302 GC heap before
{Heap before GC invocations=7 (full 0):
 PSYoungGen      total 107712K, used 99598K [0x00000000e0160000, 0x00000000e7400000, 0x0000000100000000)
  eden space 98240K, 99% used [0x00000000e0160000,0x00000000e613ece0,0x00000000e6150000)
  from space 9472K, 15% used [0x00000000e6aa0000,0x00000000e6c04be0,0x00000000e73e0000)
  to   space 9536K, 0% used [0x00000000e6150000,0x00000000e6150000,0x00000000e6aa0000)
 ParOldGen       total 65408K, used 16046K [0x00000000a0400000, 0x00000000a43e0000, 0x00000000e0160000)
  object space 65408K, 24% used [0x00000000a0400000,0x00000000a13ab8b8,0x00000000a43e0000)
 PSPermGen       total 21248K, used 21031K [0x000000009b200000, 0x000000009c6c0000, 0x00000000a0400000)
  object space 21248K, 98% used [0x000000009b200000,0x000000009c689cb0,0x000000009c6c0000)
Event: 15.306 GC heap after
Heap after GC invocations=7 (full 0):
 PSYoungGen      total 107776K, used 188K [0x00000000e0160000, 0x00000000ed440000, 0x0000000100000000)
  eden space 98240K, 0% used [0x00000000e0160000,0x00000000e0160000,0x00000000e6150000)
  from space 9536K, 1% used [0x00000000e6150000,0x00000000e617f020,0x00000000e6aa0000)
  to   space 9728K, 0% used [0x00000000ecac0000,0x00000000ecac0000,0x00000000ed440000)
 ParOldGen       total 65408K, used 17319K [0x00000000a0400000, 0x00000000a43e0000, 0x00000000e0160000)
  object space 65408K, 26% used [0x00000000a0400000,0x00000000a14e9c40,0x00000000a43e0000)
 PSPermGen       total 21248K, used 21031K [0x000000009b200000, 0x000000009c6c0000, 0x00000000a0400000)
  object space 21248K, 98% used [0x000000009b200000,0x000000009c689cb0,0x000000009c6c0000)
}

Deoptimization events (10 events):
Event: 15.371 Thread 0x00000000102a0800 Uncommon trap -83 fr.pc 0x000000000250e0a8
Event: 15.551 Thread 0x0000000010051800 Uncommon trap 49 fr.pc 0x000000000249293c
Event: 15.598 Thread 0x00000000102d4800 Uncommon trap -122 fr.pc 0x000000000249c220
Event: 15.599 Thread 0x00000000102d4800 Uncommon trap -34 fr.pc 0x00000000025051e0
Event: 15.599 Thread 0x00000000102d4800 Uncommon trap -34 fr.pc 0x00000000025051e0
Event: 15.599 Thread 0x00000000102d4800 Uncommon trap -34 fr.pc 0x00000000025051e0
Event: 15.599 Thread 0x00000000102d4800 Uncommon trap -34 fr.pc 0x00000000025051e0
Event: 15.608 Thread 0x000000000c9ee000 Uncommon trap -58 fr.pc 0x000000000252852c
Event: 15.656 Thread 0x00000000102d5000 Uncommon trap -58 fr.pc 0x000000000252852c
Event: 15.656 Thread 0x00000000102d4800 Uncommon trap -58 fr.pc 0x000000000252852c

Internal exceptions (10 events):
Event: 15.750 Thread 0x000000000c8f9800 Threw 0x00000000e13c86d8 at C:\jdk7u1_64p\jdk7u9\hotspot\src\share\vm\prims\jvm.cpp:1166
Event: 15.750 Thread 0x000000000c8f9800 Threw 0x00000000e13cb780 at C:\jdk7u1_64p\jdk7u9\hotspot\src\share\vm\prims\jvm.cpp:1166
Event: 15.751 Thread 0x000000000c8f9800 Threw 0x00000000e13ce218 at C:\jdk7u1_64p\jdk7u9\hotspot\src\share\vm\prims\jvm.cpp:1166
Event: 15.752 Thread 0x000000000c8f9800 Threw 0x00000000e13d1518 at C:\jdk7u1_64p\jdk7u9\hotspot\src\share\vm\prims\jvm.cpp:1166
Event: 15.752 Thread 0x000000000c8f9800 Threw 0x00000000e13d4c20 at C:\jdk7u1_64p\jdk7u9\hotspot\src\share\vm\prims\jvm.cpp:1166
Event: 15.753 Thread 0x000000000c8f9800 Threw 0x00000000e13d94f8 at C:\jdk7u1_64p\jdk7u9\hotspot\src\share\vm\prims\jvm.cpp:1166
Event: 15.753 Thread 0x000000000c8f9800 Threw 0x00000000e13dc0d0 at C:\jdk7u1_64p\jdk7u9\hotspot\src\share\vm\prims\jvm.cpp:1166
Event: 15.754 Thread 0x000000000c8f9800 Threw 0x00000000e13e64b0 at C:\jdk7u1_64p\jdk7u9\hotspot\src\share\vm\prims\jvm.cpp:1166
Event: 15.755 Thread 0x000000000c8f9800 Threw 0x00000000e13e96e8 at C:\jdk7u1_64p\jdk7u9\hotspot\src\share\vm\prims\jvm.cpp:1166
Event: 15.792 Thread 0x0000000010051800 Threw 0x00000000e11fc028 at C:\jdk7u1_64p\jdk7u9\hotspot\src\share\vm\prims\jni.cpp:1597

Events (10 events):
Event: 15.760 Thread 0x000000000c6c3800 flushing nmethod 0x00000000024e6e50
Event: 15.760 Thread 0x000000000c6c3800 flushing nmethod 0x00000000024eb210
Event: 15.761 Executing VM operation: RevokeBias
Event: 15.761 Executing VM operation: RevokeBias done
Event: 15.762 Executing VM operation: RevokeBias
Event: 15.762 Executing VM operation: RevokeBias done
Event: 15.785 Executing VM operation: RevokeBias
Event: 15.785 Executing VM operation: RevokeBias done
Event: 15.786 Executing VM operation: RevokeBias
Event: 15.786 Executing VM operation: RevokeBias done


Dynamic libraries:
0x000000013fcb0000 - 0x000000013fce4000 	C:\Program Files\Java\jre7\bin\javaw.exe
0x00000000770d0000 - 0x0000000077279000 	C:\Windows\SYSTEM32\ntdll.dll
0x0000000076da0000 - 0x0000000076ebf000 	C:\Windows\system32\kernel32.dll
0x000007fefc9d0000 - 0x000007fefca3b000 	C:\Windows\system32\KERNELBASE.dll
0x000007fefccc0000 - 0x000007fefcd9b000 	C:\Windows\system32\ADVAPI32.dll
0x000007fefe5a0000 - 0x000007fefe63f000 	C:\Windows\system32\msvcrt.dll
0x000007fefcda0000 - 0x000007fefcdbf000 	C:\Windows\SYSTEM32\sechost.dll
0x000007fefe640000 - 0x000007fefe76d000 	C:\Windows\system32\RPCRT4.dll
0x00000000769f0000 - 0x0000000076aea000 	C:\Windows\system32\USER32.dll
0x000007fefd380000 - 0x000007fefd3e7000 	C:\Windows\system32\GDI32.dll
0x000007fefcc90000 - 0x000007fefcc9e000 	C:\Windows\system32\LPK.dll
0x000007fefcdc0000 - 0x000007fefce89000 	C:\Windows\system32\USP10.dll
0x000007fefaf50000 - 0x000007fefb144000 	C:\Windows\WinSxS\amd64_microsoft.windows.common-controls_6595b64144ccf1df_6.0.7601.17514_none_fa396087175ac9ac\COMCTL32.dll
0x000007fefe4c0000 - 0x000007fefe531000 	C:\Windows\system32\SHLWAPI.dll
0x000007fefe490000 - 0x000007fefe4be000 	C:\Windows\system32\IMM32.DLL
0x000007fefd150000 - 0x000007fefd259000 	C:\Windows\system32\MSCTF.dll
0x000000005cb30000 - 0x000000005cc01000 	C:\Program Files\Java\jre7\bin\msvcr100.dll
0x000000005bcf0000 - 0x000000005c40f000 	C:\Program Files\Java\jre7\bin\server\jvm.dll
0x000007feed640000 - 0x000007feed649000 	C:\Windows\system32\WSOCK32.dll
0x000007fefd600000 - 0x000007fefd64d000 	C:\Windows\system32\WS2_32.dll
0x000007fefe3e0000 - 0x000007fefe3e8000 	C:\Windows\system32\NSI.dll
0x000007fefa500000 - 0x000007fefa53b000 	C:\Windows\system32\WINMM.dll
0x0000000077290000 - 0x0000000077297000 	C:\Windows\system32\PSAPI.DLL
0x0000000063480000 - 0x000000006348f000 	C:\Program Files\Java\jre7\bin\verify.dll
0x000000005dcc0000 - 0x000000005dce8000 	C:\Program Files\Java\jre7\bin\java.dll
0x000000005e240000 - 0x000000005e255000 	C:\Program Files\Java\jre7\bin\zip.dll
0x00000000579c0000 - 0x0000000057b53000 	C:\Program Files\Java\jre7\bin\awt.dll
0x000007fefce90000 - 0x000007fefcf67000 	C:\Windows\system32\OLEAUT32.dll
0x000007fefd3f0000 - 0x000007fefd5f3000 	C:\Windows\system32\ole32.dll
0x000007fefaaa0000 - 0x000007fefaab8000 	C:\Windows\system32\DWMAPI.DLL
0x000007fefae80000 - 0x000007fefaed6000 	C:\Windows\system32\uxtheme.dll
0x000007fefc7f0000 - 0x000007fefc7ff000 	C:\Windows\system32\CRYPTBASE.dll
0x000007fee92e0000 - 0x000007fee94df000 	C:\Windows\system32\d3d9.dll
0x000007fefb9b0000 - 0x000007fefb9bc000 	C:\Windows\system32\VERSION.dll
0x000007fefaee0000 - 0x000007fefaee7000 	C:\Windows\system32\d3d8thk.dll
0x000007fee2480000 - 0x000007fee3569000 	C:\Windows\system32\nvd3dumx.dll
0x000007fefb700000 - 0x000007fefb72c000 	C:\Windows\system32\powrprof.dll
0x000007fefcf70000 - 0x000007fefd147000 	C:\Windows\system32\SETUPAPI.dll
0x000007fefcbb0000 - 0x000007fefcbe6000 	C:\Windows\system32\CFGMGR32.dll
0x000007fefc970000 - 0x000007fefc98a000 	C:\Windows\system32\DEVOBJ.dll
0x000007fefd650000 - 0x000007fefe3d8000 	C:\Windows\system32\SHELL32.dll
0x000000005c6c0000 - 0x000000005c6cf000 	C:\Program Files\Java\jre7\bin\prism-d3d.dll
0x0000000057c00000 - 0x0000000057c32000 	C:\Program Files\Java\jre7\bin\glass.dll
0x000007fefd2e0000 - 0x000007fefd377000 	C:\Windows\system32\COMDLG32.dll
0x0000000057fc0000 - 0x0000000057ff4000 	C:\Program Files\Java\jre7\bin\fontmanager.dll
0x000000005e150000 - 0x000000005e169000 	C:\Program Files\Java\jre7\bin\net.dll
0x000007fefc130000 - 0x000007fefc185000 	C:\Windows\system32\mswsock.dll
0x000007fefc120000 - 0x000007fefc127000 	C:\Windows\System32\wship6.dll
0x000000005e130000 - 0x000000005e141000 	C:\Program Files\Java\jre7\bin\nio.dll
0x0000000057bb0000 - 0x0000000057bf1000 	C:\Program Files\Java\jre7\bin\t2k.dll
0x000007fefe3f0000 - 0x000007fefe489000 	C:\Windows\system32\CLBCatQ.DLL
0x000007fefa8f0000 - 0x000007fefaa51000 	C:\Windows\system32\WindowsCodecs.dll
0x000007fefc790000 - 0x000007fefc7e7000 	C:\Windows\system32\apphelp.dll
0x000007fef3be0000 - 0x000007fef3c0a000 	C:\Users\Yolan\AppData\Roaming\Dropbox\bin\DropboxExt64.17.dll
0x000007fefb440000 - 0x000007fefb565000 	C:\Windows\system32\dbghelp.dll
0x00000000727a0000 - 0x0000000072873000 	C:\Windows\WinSxS\amd64_microsoft.vc90.crt_1fc8b3b9a1e18e3b_9.0.30729.6161_none_08e61857a83bc251\MSVCP90.dll
0x00000000726f0000 - 0x0000000072793000 	C:\Windows\WinSxS\amd64_microsoft.vc90.crt_1fc8b3b9a1e18e3b_9.0.30729.6161_none_08e61857a83bc251\MSVCR90.dll
0x000007fef4140000 - 0x000007fef4175000 	C:\Windows\system32\EhStorShell.dll
0x000007fefb580000 - 0x000007fefb6ac000 	C:\Windows\system32\PROPSYS.dll
0x000007fef2160000 - 0x000007fef27d2000 	C:\PROGRA~1\MIF5BA~1\Office14\GROOVEEX.DLL
0x0000000072880000 - 0x00000000728af000 	C:\Windows\WinSxS\amd64_microsoft.vc90.atl_1fc8b3b9a1e18e3b_9.0.30729.6161_none_0a1fd3a3a768b895\ATL90.DLL
0x000007fef2a50000 - 0x000007fef2e5f000 	C:\PROGRA~1\COMMON~1\MICROS~1\OFFICE14\Cultures\office.odf
0x000007fef18f0000 - 0x000007fef2154000 	C:\PROGRA~1\MIF5BA~1\Office14\1033\GrooveIntlResource.dll
0x000007fef40c0000 - 0x000007fef4140000 	C:\Windows\system32\ntshrui.dll
0x000007fefc510000 - 0x000007fefc533000 	C:\Windows\system32\srvcli.dll
0x000007fef4090000 - 0x000007fef409f000 	C:\Windows\system32\cscapi.dll
0x000007fefa5a0000 - 0x000007fefa5ab000 	C:\Windows\system32\slc.dll
0x0000000057920000 - 0x00000000579b2000 	C:\Program Files\Java\jre7\bin\libxml2.dll
0x00000000578e0000 - 0x0000000057913000 	C:\Program Files\Java\jre7\bin\libxslt.dll
0x00000000509b0000 - 0x00000000517e7000 	C:\Program Files\Java\jre7\bin\jfxwebkit.dll
0x0000000057890000 - 0x00000000578df000 	C:\Program Files\Java\jre7\bin\javafx-font.dll
0x000000005ca30000 - 0x000000005ca54000 	C:\Program Files\Java\jre7\bin\sunec.dll
0x000000005d060000 - 0x000000005d06b000 	C:\Program Files\Java\jre7\bin\sunmscapi.dll
0x000007fefca40000 - 0x000007fefcbaa000 	C:\Windows\system32\CRYPT32.dll
0x000007fefc960000 - 0x000007fefc96f000 	C:\Windows\system32\MSASN1.dll
0x000007fefc190000 - 0x000007fefc1a7000 	C:\Windows\system32\CRYPTSP.dll
0x000007fefbe90000 - 0x000007fefbed7000 	C:\Windows\system32\rsaenh.dll
0x000007fefbbb0000 - 0x000007fefbbce000 	C:\Windows\system32\USERENV.dll
0x000007fefc8c0000 - 0x000007fefc8cf000 	C:\Windows\system32\profapi.dll
0x000007fefa6a0000 - 0x000007fefa6b5000 	C:\Windows\system32\NLAapi.dll
0x000007fef3ff0000 - 0x000007fef4005000 	C:\Windows\system32\napinsp.dll
0x000007fef3fd0000 - 0x000007fef3fe9000 	C:\Windows\system32\pnrpnsp.dll
0x000007fefbfb0000 - 0x000007fefc00b000 	C:\Windows\system32\DNSAPI.dll
0x000007fef3fc0000 - 0x000007fef3fcb000 	C:\Windows\System32\winrnr.dll
0x000007fef3fb0000 - 0x000007fef3fc0000 	C:\Windows\system32\wshbth.dll
0x000007fef5fc0000 - 0x000007fef5fef000 	C:\Program Files\Common Files\Microsoft Shared\Windows Live\WLIDNSP.DLL
0x000007fefba80000 - 0x000007fefba87000 	C:\Windows\System32\wshtcpip.dll
0x000007fefa180000 - 0x000007fefa1a7000 	C:\Windows\system32\IPHLPAPI.DLL
0x000007fefa170000 - 0x000007fefa17b000 	C:\Windows\system32\WINNSI.DLL
0x000007fef3fa0000 - 0x000007fef3fa8000 	C:\Windows\system32\rasadhlp.dll
0x000007fef9a30000 - 0x000007fef9a83000 	C:\Windows\System32\fwpuclnt.dll

VM Arguments:
jvm_args: -Dfile.encoding=Cp1252 
java_command: be.artesis.timelog.gui.Main
Launcher Type: SUN_STANDARD

Environment Variables:
CLASSPATH=C:\Program Files (x86)\Belgium Identity Card
PATH=C:\Program Files\Common Files\Microsoft Shared\Windows Live;C:\Program Files (x86)\Common Files\Microsoft Shared\Windows Live;C:\Program Files (x86)\NVIDIA Corporation\PhysX\Common;C:\Windows\system32;C:\Windows;C:\Windows\System32\Wbem;C:\Windows\System32\WindowsPowerShell\v1.0\;C:\Program Files (x86)\Sony\VAIO Startup Setting Tool;C:\Program Files (x86)\Windows Live\Shared;C:\Program Files (x86)\Microsoft SQL Server\100\Tools\Binn\;C:\Program Files\Microsoft SQL Server\100\Tools\Binn\;C:\Program Files\Microsoft SQL Server\100\DTS\Binn\;C:\Program Files (x86)\Microsoft SQL Server\100\Tools\Binn\VSShell\Common7\IDE\;C:\Program Files (x86)\Microsoft Visual Studio 9.0\Common7\IDE\PrivateAssemblies\;C:\Program Files (x86)\Microsoft SQL Server\100\DTS\Binn\;C:\Program Files (x86)\Belgium Identity Card;C:\Program Files\SourceGear\Common\DiffMerge\
USERNAME=Yolan
OS=Windows_NT
PROCESSOR_IDENTIFIER=Intel64 Family 6 Model 42 Stepping 7, GenuineIntel



---------------  S Y S T E M  ---------------

OS: Windows 7 , 64 bit Build 7601 Service Pack 1

CPU:total 8 (4 cores per cpu, 2 threads per core) family 6 model 42 stepping 7, cmov, cx8, fxsr, mmx, sse, sse2, sse3, ssse3, sse4.1, sse4.2, popcnt, avx, ht, tsc, tscinvbit

Memory: 4k page, physical 6272224k(2562588k free), swap 12542592k(7002636k free)

vm_info: Java HotSpot(TM) 64-Bit Server VM (23.5-b02) for windows-amd64 JRE (1.7.0_09-b05), built on Sep 24 2012 21:45:04 by "java_re" with unknown MS VC++:1600

time: Tue Mar 19 10:16:35 2013
elapsed time: 15 seconds

