#
# A fatal error has been detected by the Java Runtime Environment:
#
#  EXCEPTION_ACCESS_VIOLATION (0xc0000005) at pc=0x0000000055e19014, pid=7656, tid=664
#
# JRE version: 7.0_09-b05
# Java VM: Java HotSpot(TM) 64-Bit Server VM (23.5-b02 mixed mode windows-amd64 compressed oops)
# Problematic frame:
# V  [jvm.dll+0x109014]
#
# Failed to write core dump. Minidumps are not enabled by default on client versions of Windows
#
# If you would like to submit a bug report, please visit:
#   http://bugreport.sun.com/bugreport/crash.jsp
#

---------------  T H R E A D  ---------------

Current thread (0x000000000ca61800):  JavaThread "JavaFX Application Thread" [_thread_in_vm, id=664, stack(0x0000000010d20000,0x0000000010e20000)]

siginfo: ExceptionCode=0xc0000005, reading address 0x0000000000000000

Registers:
RAX=0x0000000000000000, RBX=0x000000000ca61800, RCX=0x000000000ca61800, RDX=0x000000000a9d7fa0
RSP=0x0000000010e1e7c0, RBP=0x0000000010e1e8b8, RSI=0x0000000000000000, RDI=0x000000000ca619d8
R8 =0x0000000000000000, R9 =0x0000000010e1e8b8, R10=0x0000000000000000, R11=0x0000000000000200
R12=0x000000000a9d7fa0, R13=0x000000009c145d28, R14=0x0000000010e1ec20, R15=0x000000000ca61800
RIP=0x0000000055e19014, EFLAGS=0x0000000000010246

Top of Stack: (sp=0x0000000010e1e7c0)
0x0000000010e1e7c0:   000000000ca61800 0000000000000000
0x0000000010e1e7d0:   0000000000000000 00000000521e1ddc
0x0000000010e1e7e0:   000000000ca61800 0000000000000000
0x0000000010e1e7f0:   00000000521e1dd0 00000000102dda50
0x0000000010e1e800:   0000000002566ab5 000000005180ea88
0x0000000010e1e810:   000000000ca61800 000000000cc83e70
0x0000000010e1e820:   000000000000063d 00000000562274f0
0x0000000010e1e830:   000000000cbd3900 0000000055e0cacd
0x0000000010e1e840:   0000000010e1ea70 000000008b59f158
0x0000000010e1e850:   000000000ca61800 000000000ca61800
0x0000000010e1e860:   0000000000000000 000000005180e99c
0x0000000010e1e870:   00000000105f75e0 000000000cbd3900
0x0000000010e1e880:   000000000ca619d8 00000000148454c0
0x0000000010e1e890:   00000000148454c0 0000000051b82454
0x0000000010e1e8a0:   00000000105f75e0 000000000ca619d8
0x0000000010e1e8b0:   0000000000000000 00000000148454c0 

Instructions: (pc=0x0000000055e19014)
0x0000000055e18ff4:   00 48 83 7b 08 00 48 89 5c 24 50 48 c7 44 24 58
0x0000000055e19004:   00 00 00 00 74 0a 48 8d 4c 24 50 e8 fc 81 0f 00
0x0000000055e19014:   48 8b 0e c7 44 24 40 0e 00 00 00 48 8b 41 10 48
0x0000000055e19024:   8b 49 18 0f b7 50 42 e8 60 2f f0 ff 48 8d 4c 24 


Register to memory mapping:

RAX=0x0000000000000000 is an unknown value
RBX=0x000000000ca61800 is a thread
RCX=0x000000000ca61800 is a thread
RDX=0x000000000a9d7fa0 is a global jni handle
RSP=0x0000000010e1e7c0 is pointing into the stack for thread: 0x000000000ca61800
RBP=0x0000000010e1e8b8 is pointing into the stack for thread: 0x000000000ca61800
RSI=0x0000000000000000 is an unknown value
RDI=0x000000000ca619d8 is an unknown value
R8 =0x0000000000000000 is an unknown value
R9 =0x0000000010e1e8b8 is pointing into the stack for thread: 0x000000000ca61800
R10=0x0000000000000000 is an unknown value
R11=0x0000000000000200 is an unknown value
R12=0x000000000a9d7fa0 is a global jni handle
R13=0x000000009c145d28 is an oop
{method} 
 - klass: {other class}
R14=0x0000000010e1ec20 is pointing into the stack for thread: 0x000000000ca61800
R15=0x000000000ca61800 is a thread


Stack: [0x0000000010d20000,0x0000000010e20000],  sp=0x0000000010e1e7c0,  free space=1017k
Native frames: (J=compiled Java code, j=interpreted, Vv=VM code, C=native code)
V  [jvm.dll+0x109014]

Java frames: (J=compiled Java code, j=interpreted, Vv=VM code)
j  com.sun.webpane.webkit.network.URLLoader.twkDidReceiveData(Ljava/nio/ByteBuffer;IIJ)V+0
j  com.sun.webpane.webkit.network.URLLoader.access$1200(Ljava/nio/ByteBuffer;IIJ)V+4
j  com.sun.webpane.webkit.network.URLLoader$5.run()V+35
v  ~StubRoutines::call_stub
j  com.sun.glass.ui.win.WinApplication._runLoop([Ljava/lang/String;Lcom/sun/glass/ui/Launchable;)V+0
j  com.sun.glass.ui.win.WinApplication.access$100(Lcom/sun/glass/ui/win/WinApplication;[Ljava/lang/String;Lcom/sun/glass/ui/Launchable;)V+3
j  com.sun.glass.ui.win.WinApplication$3$1.run()V+32
j  java.lang.Thread.run()V+11
v  ~StubRoutines::call_stub

---------------  P R O C E S S  ---------------

Java Threads: ( => current thread )
  0x000000000ca69800 JavaThread "URL-Loader-3" daemon [_thread_blocked, id=7652, stack(0x0000000016720000,0x0000000016820000)]
  0x000000000ca69000 JavaThread "Prism Font Disposer" daemon [_thread_blocked, id=6712, stack(0x0000000016520000,0x0000000016620000)]
  0x000000000ca68000 JavaThread "URL-Loader-2" daemon [_thread_blocked, id=7544, stack(0x00000000162c0000,0x00000000163c0000)]
  0x000000000ca67800 JavaThread "Keep-Alive-Timer" daemon [_thread_blocked, id=6868, stack(0x0000000016170000,0x0000000016270000)]
  0x000000000ca66800 JavaThread "Keep-Alive-SocketCleaner" daemon [_thread_blocked, id=9056, stack(0x0000000015f50000,0x0000000016050000)]
  0x000000000ca66000 JavaThread "URL-Loader-1" daemon [_thread_blocked, id=5544, stack(0x0000000015870000,0x0000000015970000)]
  0x000000000ca65000 JavaThread "Disposer" daemon [_thread_blocked, id=7396, stack(0x00000000140f0000,0x00000000141f0000)]
  0x000000000ca64800 JavaThread "D3D Screen Updater" daemon [_thread_blocked, id=6752, stack(0x0000000013270000,0x0000000013370000)]
  0x000000000ca63800 JavaThread "Image Fetcher 0" daemon [_thread_blocked, id=5036, stack(0x0000000012970000,0x0000000012a70000)]
  0x000000000ca63000 JavaThread "Thread-2" daemon [_thread_in_native, id=5304, stack(0x0000000011600000,0x0000000011700000)]
  0x000000000ca62000 JavaThread "AWT-EventQueue-0" [_thread_blocked, id=8348, stack(0x0000000011780000,0x0000000011880000)]
=>0x000000000ca61800 JavaThread "JavaFX Application Thread" [_thread_in_vm, id=664, stack(0x0000000010d20000,0x0000000010e20000)]
  0x000000000ca60800 JavaThread "Disposer" daemon [_thread_blocked, id=7152, stack(0x0000000010ad0000,0x0000000010bd0000)]
  0x000000000ca60000 JavaThread "QuantumRenderer-0" daemon [_thread_blocked, id=9136, stack(0x0000000010970000,0x0000000010a70000)]
  0x000000000ca5f000 JavaThread "AWT-Windows" daemon [_thread_in_native, id=2528, stack(0x000000000d980000,0x000000000da80000)]
  0x000000000ca5e800 JavaThread "AWT-Shutdown" [_thread_blocked, id=8228, stack(0x000000000d840000,0x000000000d940000)]
  0x000000000ca5d800 JavaThread "Java2D Disposer" daemon [_thread_blocked, id=8364, stack(0x000000000d670000,0x000000000d770000)]
  0x000000000ca5d000 JavaThread "Service Thread" daemon [_thread_blocked, id=6316, stack(0x000000000d2b0000,0x000000000d3b0000)]
  0x000000000ca54000 JavaThread "C2 CompilerThread1" daemon [_thread_blocked, id=3092, stack(0x000000000d0f0000,0x000000000d1f0000)]
  0x000000000ca3b800 JavaThread "C2 CompilerThread0" daemon [_thread_blocked, id=4880, stack(0x000000000ce40000,0x000000000cf40000)]
  0x000000000ca3a800 JavaThread "Attach Listener" daemon [_thread_blocked, id=8260, stack(0x000000000cf70000,0x000000000d070000)]
  0x000000000aa1f800 JavaThread "Signal Dispatcher" daemon [_thread_blocked, id=5468, stack(0x000000000c7b0000,0x000000000c8b0000)]
  0x000000000a9e6000 JavaThread "Finalizer" daemon [_thread_blocked, id=8996, stack(0x000000000c8f0000,0x000000000c9f0000)]
  0x000000000a9dd800 JavaThread "Reference Handler" daemon [_thread_blocked, id=4284, stack(0x000000000c500000,0x000000000c600000)]
  0x000000000230c800 JavaThread "main" [_thread_blocked, id=9064, stack(0x0000000002630000,0x0000000002730000)]

Other Threads:
  0x000000000a9d5000 VMThread [stack: 0x000000000c640000,0x000000000c740000] [id=4776]
  0x000000000ca7d000 WatcherThread [stack: 0x000000000d450000,0x000000000d550000] [id=3572]

VM state:not at safepoint (normal execution)

VM Mutex/Monitor currently owned by a thread: None

Heap
 PSYoungGen      total 107008K, used 19654K [0x00000000e0160000, 0x00000000ed380000, 0x0000000100000000)
  eden space 98304K, 19% used [0x00000000e0160000,0x00000000e1462878,0x00000000e6160000)
  from space 8704K, 2% used [0x00000000e6160000,0x00000000e618efd8,0x00000000e69e0000)
  to   space 9280K, 0% used [0x00000000eca70000,0x00000000eca70000,0x00000000ed380000)
 ParOldGen       total 65408K, used 10422K [0x00000000a0400000, 0x00000000a43e0000, 0x00000000e0160000)
  object space 65408K, 15% used [0x00000000a0400000,0x00000000a0e2daf8,0x00000000a43e0000)
 PSPermGen       total 22400K, used 22312K [0x000000009b200000, 0x000000009c7e0000, 0x00000000a0400000)
  object space 22400K, 99% used [0x000000009b200000,0x000000009c7ca0f0,0x000000009c7e0000)

Card table byte_map: [0x0000000005730000,0x0000000005a60000] byte_map_base: 0x0000000005257000

Polling page: 0x0000000000220000

Code Cache  [0x0000000002730000, 0x00000000029a0000, 0x0000000005730000)
 total_blobs=951 nmethods=235 adapters=667 free_code_cache=47873Kb largest_free_block=48984320

Compilation events (10 events):
Event: 4.382 Thread 0x000000000ca54000 nmethod 226 0x000000000286a190 code [0x000000000286a300, 0x000000000286a818]
Event: 4.382 Thread 0x000000000ca3b800 nmethod 227 0x0000000002869c90 code [0x0000000002869dc0, 0x0000000002869ff8]
Event: 4.386 Thread 0x000000000ca54000  228             java.lang.Math::max (11 bytes)
Event: 4.386 Thread 0x000000000ca54000 nmethod 228 0x000000000286af10 code [0x000000000286b040, 0x000000000286b098]
Event: 4.399 Thread 0x000000000ca3b800  229             sun.misc.URLClassPath::getResource (74 bytes)
Event: 4.415 Thread 0x000000000ca54000  230             com.sun.openpisces.Renderer$ScanlineIterator::next (352 bytes)
Event: 4.429 Thread 0x000000000ca54000 nmethod 230 0x000000000286b7d0 code [0x000000000286b980, 0x000000000286c408]
Event: 4.430 Thread 0x000000000ca54000  231             com.sun.openpisces.Renderer::produceAlphas (589 bytes)
Event: 4.444 Thread 0x000000000ca3b800 nmethod 229 0x0000000002873750 code [0x0000000002873b60, 0x0000000002876868]
Event: 4.450 Thread 0x000000000ca54000 nmethod 231 0x000000000286e490 code [0x000000000286e640, 0x000000000286f350]

GC Heap History (10 events):
Event: 3.972 GC heap before
{Heap before GC invocations=3 (full 0):
 PSYoungGen      total 28608K, used 28563K [0x00000000e0160000, 0x00000000e2140000, 0x0000000100000000)
  eden space 24576K, 99% used [0x00000000e0160000,0x00000000e195ae08,0x00000000e1960000)
  from space 4032K, 99% used [0x00000000e1d50000,0x00000000e213a110,0x00000000e2140000)
  to   space 4032K, 0% used [0x00000000e1960000,0x00000000e1960000,0x00000000e1d50000)
 ParOldGen       total 65408K, used 6337K [0x00000000a0400000, 0x00000000a43e0000, 0x00000000e0160000)
  object space 65408K, 9% used [0x00000000a0400000,0x00000000a0a30598,0x00000000a43e0000)
 PSPermGen       total 21248K, used 20983K [0x000000009b200000, 0x000000009c6c0000, 0x00000000a0400000)
  object space 21248K, 98% used [0x000000009b200000,0x000000009c67df90,0x000000009c6c0000)
Event: 3.976 GC heap after
Heap after GC invocations=3 (full 0):
 PSYoungGen      total 28608K, used 4026K [0x00000000e0160000, 0x00000000e3940000, 0x0000000100000000)
  eden space 24576K, 0% used [0x00000000e0160000,0x00000000e0160000,0x00000000e1960000)
  from space 4032K, 99% used [0x00000000e1960000,0x00000000e1d4eb40,0x00000000e1d50000)
  to   space 4032K, 0% used [0x00000000e3550000,0x00000000e3550000,0x00000000e3940000)
 ParOldGen       total 65408K, used 6425K [0x00000000a0400000, 0x00000000a43e0000, 0x00000000e0160000)
  object space 65408K, 9% used [0x00000000a0400000,0x00000000a0a46598,0x00000000a43e0000)
 PSPermGen       total 21248K, used 20983K [0x000000009b200000, 0x000000009c6c0000, 0x00000000a0400000)
  object space 21248K, 98% used [0x000000009b200000,0x000000009c67df90,0x000000009c6c0000)
}
Event: 3.982 GC heap before
{Heap before GC invocations=4 (full 0):
 PSYoungGen      total 28608K, used 28516K [0x00000000e0160000, 0x00000000e3940000, 0x0000000100000000)
  eden space 24576K, 99% used [0x00000000e0160000,0x00000000e194a810,0x00000000e1960000)
  from space 4032K, 99% used [0x00000000e1960000,0x00000000e1d4eb40,0x00000000e1d50000)
  to   space 4032K, 0% used [0x00000000e3550000,0x00000000e3550000,0x00000000e3940000)
 ParOldGen       total 65408K, used 6425K [0x00000000a0400000, 0x00000000a43e0000, 0x00000000e0160000)
  object space 65408K, 9% used [0x00000000a0400000,0x00000000a0a46598,0x00000000a43e0000)
 PSPermGen       total 21248K, used 20983K [0x000000009b200000, 0x000000009c6c0000, 0x00000000a0400000)
  object space 21248K, 98% used [0x000000009b200000,0x000000009c67df90,0x000000009c6c0000)
Event: 3.987 GC heap after
Heap after GC invocations=4 (full 0):
 PSYoungGen      total 53184K, used 4016K [0x00000000e0160000, 0x00000000e3940000, 0x0000000100000000)
  eden space 49152K, 0% used [0x00000000e0160000,0x00000000e0160000,0x00000000e3160000)
  from space 4032K, 99% used [0x00000000e3550000,0x00000000e393c3b8,0x00000000e3940000)
  to   space 4032K, 0% used [0x00000000e3160000,0x00000000e3160000,0x00000000e3550000)
 ParOldGen       total 65408K, used 6497K [0x00000000a0400000, 0x00000000a43e0000, 0x00000000e0160000)
  object space 65408K, 9% used [0x00000000a0400000,0x00000000a0a58598,0x00000000a43e0000)
 PSPermGen       total 21248K, used 20983K [0x000000009b200000, 0x000000009c6c0000, 0x00000000a0400000)
  object space 21248K, 98% used [0x000000009b200000,0x000000009c67df90,0x000000009c6c0000)
}
Event: 4.001 GC heap before
{Heap before GC invocations=5 (full 0):
 PSYoungGen      total 53184K, used 53123K [0x00000000e0160000, 0x00000000e3940000, 0x0000000100000000)
  eden space 49152K, 99% used [0x00000000e0160000,0x00000000e3154b38,0x00000000e3160000)
  from space 4032K, 99% used [0x00000000e3550000,0x00000000e393c3b8,0x00000000e3940000)
  to   space 4032K, 0% used [0x00000000e3160000,0x00000000e3160000,0x00000000e3550000)
 ParOldGen       total 65408K, used 6497K [0x00000000a0400000, 0x00000000a43e0000, 0x00000000e0160000)
  object space 65408K, 9% used [0x00000000a0400000,0x00000000a0a58598,0x00000000a43e0000)
 PSPermGen       total 21248K, used 20983K [0x000000009b200000, 0x000000009c6c0000, 0x00000000a0400000)
  object space 21248K, 98% used [0x000000009b200000,0x000000009c67df90,0x000000009c6c0000)
Event: 4.005 GC heap after
Heap after GC invocations=5 (full 0):
 PSYoungGen      total 53184K, used 4001K [0x00000000e0160000, 0x00000000e72e0000, 0x0000000100000000)
  eden space 49152K, 0% used [0x00000000e0160000,0x00000000e0160000,0x00000000e3160000)
  from space 4032K, 99% used [0x00000000e3160000,0x00000000e3548648,0x00000000e3550000)
  to   space 8960K, 0% used [0x00000000e6a20000,0x00000000e6a20000,0x00000000e72e0000)
 ParOldGen       total 65408K, used 6545K [0x00000000a0400000, 0x00000000a43e0000, 0x00000000e0160000)
  object space 65408K, 10% used [0x00000000a0400000,0x00000000a0a645c8,0x00000000a43e0000)
 PSPermGen       total 21248K, used 20983K [0x000000009b200000, 0x000000009c6c0000, 0x00000000a0400000)
  object space 21248K, 98% used [0x000000009b200000,0x000000009c67df90,0x000000009c6c0000)
}
Event: 4.016 GC heap before
{Heap before GC invocations=6 (full 0):
 PSYoungGen      total 53184K, used 53068K [0x00000000e0160000, 0x00000000e72e0000, 0x0000000100000000)
  eden space 49152K, 99% used [0x00000000e0160000,0x00000000e314aba0,0x00000000e3160000)
  from space 4032K, 99% used [0x00000000e3160000,0x00000000e3548648,0x00000000e3550000)
  to   space 8960K, 0% used [0x00000000e6a20000,0x00000000e6a20000,0x00000000e72e0000)
 ParOldGen       total 65408K, used 6545K [0x00000000a0400000, 0x00000000a43e0000, 0x00000000e0160000)
  object space 65408K, 10% used [0x00000000a0400000,0x00000000a0a645c8,0x00000000a43e0000)
 PSPermGen       total 21248K, used 20983K [0x000000009b200000, 0x000000009c6c0000, 0x00000000a0400000)
  object space 21248K, 98% used [0x000000009b200000,0x000000009c67df90,0x000000009c6c0000)
Event: 4.020 GC heap after
Heap after GC invocations=6 (full 0):
 PSYoungGen      total 106752K, used 4059K [0x00000000e0160000, 0x00000000e7260000, 0x0000000100000000)
  eden space 98304K, 0% used [0x00000000e0160000,0x00000000e0160000,0x00000000e6160000)
  from space 8448K, 48% used [0x00000000e6a20000,0x00000000e6e16ca8,0x00000000e7260000)
  to   space 8704K, 0% used [0x00000000e6160000,0x00000000e6160000,0x00000000e69e0000)
 ParOldGen       total 65408K, used 6545K [0x00000000a0400000, 0x00000000a43e0000, 0x00000000e0160000)
  object space 65408K, 10% used [0x00000000a0400000,0x00000000a0a645c8,0x00000000a43e0000)
 PSPermGen       total 21248K, used 20983K [0x000000009b200000, 0x000000009c6c0000, 0x00000000a0400000)
  object space 21248K, 98% used [0x000000009b200000,0x000000009c67df90,0x000000009c6c0000)
}
Event: 4.050 GC heap before
{Heap before GC invocations=7 (full 0):
 PSYoungGen      total 106752K, used 102188K [0x00000000e0160000, 0x00000000e7260000, 0x0000000100000000)
  eden space 98304K, 99% used [0x00000000e0160000,0x00000000e6134390,0x00000000e6160000)
  from space 8448K, 48% used [0x00000000e6a20000,0x00000000e6e16ca8,0x00000000e7260000)
  to   space 8704K, 0% used [0x00000000e6160000,0x00000000e6160000,0x00000000e69e0000)
 ParOldGen       total 65408K, used 6545K [0x00000000a0400000, 0x00000000a43e0000, 0x00000000e0160000)
  object space 65408K, 10% used [0x00000000a0400000,0x00000000a0a645c8,0x00000000a43e0000)
 PSPermGen       total 21248K, used 20983K [0x000000009b200000, 0x000000009c6c0000, 0x00000000a0400000)
  object space 21248K, 98% used [0x000000009b200000,0x000000009c67df90,0x000000009c6c0000)
Event: 4.055 GC heap after
Heap after GC invocations=7 (full 0):
 PSYoungGen      total 107008K, used 187K [0x00000000e0160000, 0x00000000ed380000, 0x0000000100000000)
  eden space 98304K, 0% used [0x00000000e0160000,0x00000000e0160000,0x00000000e6160000)
  from space 8704K, 2% used [0x00000000e6160000,0x00000000e618efd8,0x00000000e69e0000)
  to   space 9280K, 0% used [0x00000000eca70000,0x00000000eca70000,0x00000000ed380000)
 ParOldGen       total 65408K, used 10422K [0x00000000a0400000, 0x00000000a43e0000, 0x00000000e0160000)
  object space 65408K, 15% used [0x00000000a0400000,0x00000000a0e2daf8,0x00000000a43e0000)
 PSPermGen       total 21248K, used 20983K [0x000000009b200000, 0x000000009c6c0000, 0x00000000a0400000)
  object space 21248K, 98% used [0x000000009b200000,0x000000009c67df90,0x000000009c6c0000)
}

Deoptimization events (10 events):
Event: 4.057 Thread 0x000000000ca66000 Uncommon trap -34 fr.pc 0x00000000027cd538
Event: 4.057 Thread 0x000000000ca66000 Uncommon trap -34 fr.pc 0x00000000027cd538
Event: 4.057 Thread 0x000000000ca66000 Uncommon trap -34 fr.pc 0x00000000027cd538
Event: 4.095 Thread 0x000000000ca66000 Uncommon trap -83 fr.pc 0x000000000283f4c4
Event: 4.121 Thread 0x000000000ca66000 Uncommon trap -83 fr.pc 0x000000000283b6a8
Event: 4.254 Thread 0x000000000ca68000 Uncommon trap -34 fr.pc 0x000000000282bda0
Event: 4.254 Thread 0x000000000ca68000 Uncommon trap -34 fr.pc 0x000000000282bda0
Event: 4.254 Thread 0x000000000ca68000 Uncommon trap -34 fr.pc 0x000000000282bda0
Event: 4.254 Thread 0x000000000ca68000 Uncommon trap -34 fr.pc 0x000000000282bda0
Event: 4.301 Thread 0x000000000ca61800 Uncommon trap 49 fr.pc 0x00000000027bf3bc

Internal exceptions (10 events):
Event: 4.425 Thread 0x000000000ca60000 Threw 0x00000000e1417d88 at C:\jdk7u1_64p\jdk7u9\hotspot\src\share\vm\prims\jvm.cpp:1166
Event: 4.425 Thread 0x000000000ca60000 Threw 0x00000000e141ae30 at C:\jdk7u1_64p\jdk7u9\hotspot\src\share\vm\prims\jvm.cpp:1166
Event: 4.426 Thread 0x000000000ca60000 Threw 0x00000000e141d8c8 at C:\jdk7u1_64p\jdk7u9\hotspot\src\share\vm\prims\jvm.cpp:1166
Event: 4.426 Thread 0x000000000ca60000 Threw 0x00000000e1420bc8 at C:\jdk7u1_64p\jdk7u9\hotspot\src\share\vm\prims\jvm.cpp:1166
Event: 4.427 Thread 0x000000000ca60000 Threw 0x00000000e14242d0 at C:\jdk7u1_64p\jdk7u9\hotspot\src\share\vm\prims\jvm.cpp:1166
Event: 4.427 Thread 0x000000000ca60000 Threw 0x00000000e1428ba8 at C:\jdk7u1_64p\jdk7u9\hotspot\src\share\vm\prims\jvm.cpp:1166
Event: 4.427 Thread 0x000000000ca60000 Threw 0x00000000e142b780 at C:\jdk7u1_64p\jdk7u9\hotspot\src\share\vm\prims\jvm.cpp:1166
Event: 4.429 Thread 0x000000000ca60000 Threw 0x00000000e1435b60 at C:\jdk7u1_64p\jdk7u9\hotspot\src\share\vm\prims\jvm.cpp:1166
Event: 4.429 Thread 0x000000000ca60000 Threw 0x00000000e1438d98 at C:\jdk7u1_64p\jdk7u9\hotspot\src\share\vm\prims\jvm.cpp:1166
Event: 4.458 Thread 0x000000000ca61800 Threw 0x00000000e113c238 at C:\jdk7u1_64p\jdk7u9\hotspot\src\share\vm\prims\jni.cpp:1597

Events (10 events):
Event: 4.429 loading class 0x0000000014971c20
Event: 4.429 loading class 0x0000000014971c20 done
Event: 4.429 loading class 0x0000000014972120
Event: 4.429 loading class 0x0000000014972120 done
Event: 4.434 Executing VM operation: RevokeBias
Event: 4.434 Executing VM operation: RevokeBias done
Event: 4.435 Executing VM operation: RevokeBias
Event: 4.435 Executing VM operation: RevokeBias done
Event: 4.453 Executing VM operation: RevokeBias
Event: 4.453 Executing VM operation: RevokeBias done


Dynamic libraries:
0x000000013f940000 - 0x000000013f974000 	C:\Program Files\Java\jre7\bin\javaw.exe
0x00000000770d0000 - 0x0000000077279000 	C:\Windows\SYSTEM32\ntdll.dll
0x0000000076da0000 - 0x0000000076ebf000 	C:\Windows\system32\kernel32.dll
0x000007fefc9d0000 - 0x000007fefca3b000 	C:\Windows\system32\KERNELBASE.dll
0x000007fefccc0000 - 0x000007fefcd9b000 	C:\Windows\system32\ADVAPI32.dll
0x000007fefe5a0000 - 0x000007fefe63f000 	C:\Windows\system32\msvcrt.dll
0x000007fefcda0000 - 0x000007fefcdbf000 	C:\Windows\SYSTEM32\sechost.dll
0x000007fefe640000 - 0x000007fefe76d000 	C:\Windows\system32\RPCRT4.dll
0x00000000769f0000 - 0x0000000076aea000 	C:\Windows\system32\USER32.dll
0x000007fefd380000 - 0x000007fefd3e7000 	C:\Windows\system32\GDI32.dll
0x000007fefcc90000 - 0x000007fefcc9e000 	C:\Windows\system32\LPK.dll
0x000007fefcdc0000 - 0x000007fefce89000 	C:\Windows\system32\USP10.dll
0x000007fefaf50000 - 0x000007fefb144000 	C:\Windows\WinSxS\amd64_microsoft.windows.common-controls_6595b64144ccf1df_6.0.7601.17514_none_fa396087175ac9ac\COMCTL32.dll
0x000007fefe4c0000 - 0x000007fefe531000 	C:\Windows\system32\SHLWAPI.dll
0x000007fefe490000 - 0x000007fefe4be000 	C:\Windows\system32\IMM32.DLL
0x000007fefd150000 - 0x000007fefd259000 	C:\Windows\system32\MSCTF.dll
0x000000005c330000 - 0x000000005c401000 	C:\Program Files\Java\jre7\bin\msvcr100.dll
0x0000000055d10000 - 0x000000005642f000 	C:\Program Files\Java\jre7\bin\server\jvm.dll
0x000007feed640000 - 0x000007feed649000 	C:\Windows\system32\WSOCK32.dll
0x000007fefd600000 - 0x000007fefd64d000 	C:\Windows\system32\WS2_32.dll
0x000007fefe3e0000 - 0x000007fefe3e8000 	C:\Windows\system32\NSI.dll
0x000007fefa500000 - 0x000007fefa53b000 	C:\Windows\system32\WINMM.dll
0x0000000077290000 - 0x0000000077297000 	C:\Windows\system32\PSAPI.DLL
0x000000005e250000 - 0x000000005e25f000 	C:\Program Files\Java\jre7\bin\verify.dll
0x000000005e140000 - 0x000000005e168000 	C:\Program Files\Java\jre7\bin\java.dll
0x000000005dcd0000 - 0x000000005dce5000 	C:\Program Files\Java\jre7\bin\zip.dll
0x000000005c190000 - 0x000000005c323000 	C:\Program Files\Java\jre7\bin\awt.dll
0x000007fefce90000 - 0x000007fefcf67000 	C:\Windows\system32\OLEAUT32.dll
0x000007fefd3f0000 - 0x000007fefd5f3000 	C:\Windows\system32\ole32.dll
0x000007fefaaa0000 - 0x000007fefaab8000 	C:\Windows\system32\DWMAPI.DLL
0x000007fefae80000 - 0x000007fefaed6000 	C:\Windows\system32\uxtheme.dll
0x000007fefc7f0000 - 0x000007fefc7ff000 	C:\Windows\system32\CRYPTBASE.dll
0x000007fee5d00000 - 0x000007fee5eff000 	C:\Windows\system32\d3d9.dll
0x000007fefb9b0000 - 0x000007fefb9bc000 	C:\Windows\system32\VERSION.dll
0x000007fef8b30000 - 0x000007fef8b37000 	C:\Windows\system32\d3d8thk.dll
0x000007fee3570000 - 0x000007fee4659000 	C:\Windows\system32\nvd3dumx.dll
0x000007fefb700000 - 0x000007fefb72c000 	C:\Windows\system32\powrprof.dll
0x000007fefcf70000 - 0x000007fefd147000 	C:\Windows\system32\SETUPAPI.dll
0x000007fefcbb0000 - 0x000007fefcbe6000 	C:\Windows\system32\CFGMGR32.dll
0x000007fefc970000 - 0x000007fefc98a000 	C:\Windows\system32\DEVOBJ.dll
0x000007fefd650000 - 0x000007fefe3d8000 	C:\Windows\system32\SHELL32.dll
0x0000000063480000 - 0x000000006348f000 	C:\Program Files\Java\jre7\bin\prism-d3d.dll
0x000000005cb60000 - 0x000000005cb92000 	C:\Program Files\Java\jre7\bin\glass.dll
0x000007fefd2e0000 - 0x000007fefd377000 	C:\Windows\system32\COMDLG32.dll
0x000000005c150000 - 0x000000005c184000 	C:\Program Files\Java\jre7\bin\fontmanager.dll
0x000000005cbf0000 - 0x000000005cc09000 	C:\Program Files\Java\jre7\bin\net.dll
0x000007fefc130000 - 0x000007fefc185000 	C:\Windows\system32\mswsock.dll
0x000007fefc120000 - 0x000007fefc127000 	C:\Windows\System32\wship6.dll
0x000000005cbd0000 - 0x000000005cbe1000 	C:\Program Files\Java\jre7\bin\nio.dll
0x000000005c100000 - 0x000000005c141000 	C:\Program Files\Java\jre7\bin\t2k.dll
0x000007fefe3f0000 - 0x000007fefe489000 	C:\Windows\system32\CLBCatQ.DLL
0x000007fefa8f0000 - 0x000007fefaa51000 	C:\Windows\system32\WindowsCodecs.dll
0x000007fefc790000 - 0x000007fefc7e7000 	C:\Windows\system32\apphelp.dll
0x000007fef3be0000 - 0x000007fef3c0a000 	C:\Users\Yolan\AppData\Roaming\Dropbox\bin\DropboxExt64.17.dll
0x000007fefb440000 - 0x000007fefb565000 	C:\Windows\system32\dbghelp.dll
0x00000000727a0000 - 0x0000000072873000 	C:\Windows\WinSxS\amd64_microsoft.vc90.crt_1fc8b3b9a1e18e3b_9.0.30729.6161_none_08e61857a83bc251\MSVCP90.dll
0x00000000726f0000 - 0x0000000072793000 	C:\Windows\WinSxS\amd64_microsoft.vc90.crt_1fc8b3b9a1e18e3b_9.0.30729.6161_none_08e61857a83bc251\MSVCR90.dll
0x000007fef4140000 - 0x000007fef4175000 	C:\Windows\system32\EhStorShell.dll
0x000007fefb580000 - 0x000007fefb6ac000 	C:\Windows\system32\PROPSYS.dll
0x000007fef2160000 - 0x000007fef27d2000 	C:\PROGRA~1\MIF5BA~1\Office14\GROOVEEX.DLL
0x0000000072880000 - 0x00000000728af000 	C:\Windows\WinSxS\amd64_microsoft.vc90.atl_1fc8b3b9a1e18e3b_9.0.30729.6161_none_0a1fd3a3a768b895\ATL90.DLL
0x000007fef2a50000 - 0x000007fef2e5f000 	C:\PROGRA~1\COMMON~1\MICROS~1\OFFICE14\Cultures\office.odf
0x000007fef18f0000 - 0x000007fef2154000 	C:\PROGRA~1\MIF5BA~1\Office14\1033\GrooveIntlResource.dll
0x000007fef40c0000 - 0x000007fef4140000 	C:\Windows\system32\ntshrui.dll
0x000007fefc510000 - 0x000007fefc533000 	C:\Windows\system32\srvcli.dll
0x000007fef4090000 - 0x000007fef409f000 	C:\Windows\system32\cscapi.dll
0x000007fefa5a0000 - 0x000007fefa5ab000 	C:\Windows\system32\slc.dll
0x000000005c060000 - 0x000000005c0f2000 	C:\Program Files\Java\jre7\bin\libxml2.dll
0x000000005c020000 - 0x000000005c053000 	C:\Program Files\Java\jre7\bin\libxslt.dll
0x00000000517f0000 - 0x0000000052627000 	C:\Program Files\Java\jre7\bin\jfxwebkit.dll
0x000000005bfd0000 - 0x000000005c01f000 	C:\Program Files\Java\jre7\bin\javafx-font.dll
0x000000005cba0000 - 0x000000005cbc4000 	C:\Program Files\Java\jre7\bin\sunec.dll
0x000000005e240000 - 0x000000005e24b000 	C:\Program Files\Java\jre7\bin\sunmscapi.dll
0x000007fefca40000 - 0x000007fefcbaa000 	C:\Windows\system32\CRYPT32.dll
0x000007fefc960000 - 0x000007fefc96f000 	C:\Windows\system32\MSASN1.dll
0x000007fefc190000 - 0x000007fefc1a7000 	C:\Windows\system32\CRYPTSP.dll
0x000007fefbe90000 - 0x000007fefbed7000 	C:\Windows\system32\rsaenh.dll
0x000007fefbbb0000 - 0x000007fefbbce000 	C:\Windows\system32\USERENV.dll
0x000007fefc8c0000 - 0x000007fefc8cf000 	C:\Windows\system32\profapi.dll
0x000007fefa6a0000 - 0x000007fefa6b5000 	C:\Windows\system32\NLAapi.dll
0x000007fef3ff0000 - 0x000007fef4005000 	C:\Windows\system32\napinsp.dll
0x000007fef3fd0000 - 0x000007fef3fe9000 	C:\Windows\system32\pnrpnsp.dll
0x000007fefbfb0000 - 0x000007fefc00b000 	C:\Windows\system32\DNSAPI.dll
0x000007fef3fc0000 - 0x000007fef3fcb000 	C:\Windows\System32\winrnr.dll
0x000007fef3fb0000 - 0x000007fef3fc0000 	C:\Windows\system32\wshbth.dll
0x000007fef5fc0000 - 0x000007fef5fef000 	C:\Program Files\Common Files\Microsoft Shared\Windows Live\WLIDNSP.DLL
0x000007fefba80000 - 0x000007fefba87000 	C:\Windows\System32\wshtcpip.dll
0x000007fefa180000 - 0x000007fefa1a7000 	C:\Windows\system32\IPHLPAPI.DLL
0x000007fefa170000 - 0x000007fefa17b000 	C:\Windows\system32\WINNSI.DLL
0x000007fef3fa0000 - 0x000007fef3fa8000 	C:\Windows\system32\rasadhlp.dll
0x000007fef9a30000 - 0x000007fef9a83000 	C:\Windows\System32\fwpuclnt.dll

VM Arguments:
jvm_args: -Dfile.encoding=Cp1252 
java_command: be.artesis.timelog.gui.Main
Launcher Type: SUN_STANDARD

Environment Variables:
CLASSPATH=C:\Program Files (x86)\Belgium Identity Card
PATH=C:\Program Files\Common Files\Microsoft Shared\Windows Live;C:\Program Files (x86)\Common Files\Microsoft Shared\Windows Live;C:\Program Files (x86)\NVIDIA Corporation\PhysX\Common;C:\Windows\system32;C:\Windows;C:\Windows\System32\Wbem;C:\Windows\System32\WindowsPowerShell\v1.0\;C:\Program Files (x86)\Sony\VAIO Startup Setting Tool;C:\Program Files (x86)\Windows Live\Shared;C:\Program Files (x86)\Microsoft SQL Server\100\Tools\Binn\;C:\Program Files\Microsoft SQL Server\100\Tools\Binn\;C:\Program Files\Microsoft SQL Server\100\DTS\Binn\;C:\Program Files (x86)\Microsoft SQL Server\100\Tools\Binn\VSShell\Common7\IDE\;C:\Program Files (x86)\Microsoft Visual Studio 9.0\Common7\IDE\PrivateAssemblies\;C:\Program Files (x86)\Microsoft SQL Server\100\DTS\Binn\;C:\Program Files (x86)\Belgium Identity Card;C:\Program Files\SourceGear\Common\DiffMerge\
USERNAME=Yolan
OS=Windows_NT
PROCESSOR_IDENTIFIER=Intel64 Family 6 Model 42 Stepping 7, GenuineIntel



---------------  S Y S T E M  ---------------

OS: Windows 7 , 64 bit Build 7601 Service Pack 1

CPU:total 8 (4 cores per cpu, 2 threads per core) family 6 model 42 stepping 7, cmov, cx8, fxsr, mmx, sse, sse2, sse3, ssse3, sse4.1, sse4.2, popcnt, avx, ht, tsc, tscinvbit

Memory: 4k page, physical 6272224k(2634616k free), swap 12542592k(7107716k free)

vm_info: Java HotSpot(TM) 64-Bit Server VM (23.5-b02) for windows-amd64 JRE (1.7.0_09-b05), built on Sep 24 2012 21:45:04 by "java_re" with unknown MS VC++:1600

time: Tue Mar 19 10:18:02 2013
elapsed time: 4 seconds

