#
# A fatal error has been detected by the Java Runtime Environment:
#
#  EXCEPTION_ACCESS_VIOLATION (0xc0000005) at pc=0x5df4299b, pid=6256, tid=4344
#
# JRE version: 7.0_09-b05
# Java VM: Java HotSpot(TM) Client VM (23.5-b02 mixed mode, sharing windows-x86 )
# Problematic frame:
# V  [jvm.dll+0xb299b]
#
# Failed to write core dump. Minidumps are not enabled by default on client versions of Windows
#
# If you would like to submit a bug report, please visit:
#   http://bugreport.sun.com/bugreport/crash.jsp
#

---------------  T H R E A D  ---------------

Current thread (0x04a82000):  JavaThread "JavaFX Application Thread" [_thread_in_vm, id=4344, stack(0x072d0000,0x07320000)]

siginfo: ExceptionCode=0xc0000005, reading address 0x00000000

Registers:
EAX=0x00000000, EBX=0x04a82128, ECX=0x04a82000, EDX=0x5e11c950
ESP=0x0731f1f8, EBP=0x0731f240, ESI=0x04a82000, EDI=0x00000000
EIP=0x5df4299b, EFLAGS=0x00010246

Top of Stack: (sp=0x0731f1f8)
0x0731f1f8:   09a3c5d0 04a82128 00000000 5df3a356
0x0731f208:   04a82000 0731f240 0731f244 5de93d63
0x0731f218:   04a82000 3ce27683 04b4d818 0731f258
0x0731f228:   5de93d63 04a82000 04a82000 00b846e8
0x0731f238:   0000063d 5e11c950 099fa0c0 5701baae
0x0731f248:   04a82128 00b87340 00000000 0731f268
0x0731f258:   573510fd 04a82128 00b87340 00000000
0x0731f268:   09a3c5d0 00000000 099fa0c0 00000000 

Instructions: (pc=0x5df4299b)
0x5df4297b:   f5 ff 83 c4 08 83 7e 04 00 89 75 f0 c7 45 f4 00
0x5df4298b:   00 00 00 74 08 8d 4d f0 e8 b8 a7 0b 00 8b 7d 10
0x5df4299b:   8b 0f c7 45 e0 0e 00 00 00 e8 57 81 f5 ff 50 8d
0x5df429ab:   4d c4 e8 ce d7 08 00 8b 55 0c 8b 45 14 56 8d 4d 


Register to memory mapping:

EAX=0x00000000 is an unknown value
EBX=0x04a82128 is an unknown value
ECX=0x04a82000 is a thread
EDX=0x5e11c950 is an unknown value
ESP=0x0731f1f8 is pointing into the stack for thread: 0x04a82000
EBP=0x0731f240 is pointing into the stack for thread: 0x04a82000
ESI=0x04a82000 is a thread
EDI=0x00000000 is an unknown value


Stack: [0x072d0000,0x07320000],  sp=0x0731f1f8,  free space=316k
Native frames: (J=compiled Java code, j=interpreted, Vv=VM code, C=native code)
V  [jvm.dll+0xb299b]

Java frames: (J=compiled Java code, j=interpreted, Vv=VM code)
j  com.sun.webpane.webkit.network.URLLoader.twkDidReceiveData(Ljava/nio/ByteBuffer;IIJ)V+0
j  com.sun.webpane.webkit.network.URLLoader.access$1200(Ljava/nio/ByteBuffer;IIJ)V+4
j  com.sun.webpane.webkit.network.URLLoader$5.run()V+35
v  ~StubRoutines::call_stub
j  com.sun.glass.ui.win.WinApplication._runLoop([Ljava/lang/String;Lcom/sun/glass/ui/Launchable;)V+0
j  com.sun.glass.ui.win.WinApplication.access$100(Lcom/sun/glass/ui/win/WinApplication;[Ljava/lang/String;Lcom/sun/glass/ui/Launchable;)V+3
j  com.sun.glass.ui.win.WinApplication$3$1.run()V+32
j  java.lang.Thread.run()V+11
v  ~StubRoutines::call_stub

---------------  P R O C E S S  ---------------

Java Threads: ( => current thread )
  0x04a87000 JavaThread "URL-Loader-3" daemon [_thread_blocked, id=6140, stack(0x0b940000,0x0b990000)]
  0x04a86c00 JavaThread "Prism Font Disposer" daemon [_thread_blocked, id=3264, stack(0x0b000000,0x0b050000)]
  0x04a86400 JavaThread "URL-Loader-2" daemon [_thread_blocked, id=5160, stack(0x0aef0000,0x0af40000)]
  0x04a85c00 JavaThread "Keep-Alive-Timer" daemon [_thread_blocked, id=6920, stack(0x0abe0000,0x0ac30000)]
  0x04a85800 JavaThread "Keep-Alive-SocketCleaner" daemon [_thread_blocked, id=3188, stack(0x0aa80000,0x0aad0000)]
  0x04a84c00 JavaThread "URL-Loader-1" daemon [_thread_blocked, id=6900, stack(0x09130000,0x09180000)]
  0x04a84400 JavaThread "Disposer" daemon [_thread_blocked, id=4872, stack(0x09fe0000,0x0a030000)]
  0x04a84000 JavaThread "D3D Screen Updater" daemon [_thread_blocked, id=2852, stack(0x09aa0000,0x09af0000)]
  0x04a83800 JavaThread "Image Fetcher 1" daemon [_thread_blocked, id=6772, stack(0x08de0000,0x08e30000)]
  0x04a83000 JavaThread "Image Fetcher 0" daemon [_thread_blocked, id=1884, stack(0x09070000,0x090c0000)]
  0x04a82c00 JavaThread "Thread-2" daemon [_thread_in_native, id=6064, stack(0x07f10000,0x07f60000)]
  0x04a82400 JavaThread "AWT-EventQueue-0" [_thread_blocked, id=2208, stack(0x05260000,0x052b0000)]
=>0x04a82000 JavaThread "JavaFX Application Thread" [_thread_in_vm, id=4344, stack(0x072d0000,0x07320000)]
  0x04a81800 JavaThread "Disposer" daemon [_thread_blocked, id=6784, stack(0x04ea0000,0x04ef0000)]
  0x04a81400 JavaThread "QuantumRenderer-0" daemon [_thread_blocked, id=6436, stack(0x071f0000,0x07240000)]
  0x04a80c00 JavaThread "AWT-Windows" daemon [_thread_in_native, id=6728, stack(0x04ef0000,0x04f40000)]
  0x04a80400 JavaThread "AWT-Shutdown" [_thread_blocked, id=6468, stack(0x04f80000,0x04fd0000)]
  0x04a80000 JavaThread "Java2D Disposer" daemon [_thread_blocked, id=3752, stack(0x04dc0000,0x04e10000)]
  0x00ba1400 JavaThread "Service Thread" daemon [_thread_blocked, id=6764, stack(0x00890000,0x008e0000)]
  0x00b9d800 JavaThread "C1 CompilerThread0" daemon [_thread_blocked, id=6756, stack(0x04970000,0x049c0000)]
  0x00b9cc00 JavaThread "Attach Listener" daemon [_thread_blocked, id=1648, stack(0x04830000,0x04880000)]
  0x00b9c000 JavaThread "Signal Dispatcher" daemon [_thread_blocked, id=4196, stack(0x047a0000,0x047f0000)]
  0x00b7dc00 JavaThread "Finalizer" daemon [_thread_blocked, id=7100, stack(0x04540000,0x04590000)]
  0x00b7c400 JavaThread "Reference Handler" daemon [_thread_blocked, id=6396, stack(0x04700000,0x04750000)]
  0x00a4b400 JavaThread "main" [_thread_blocked, id=3348, stack(0x00a60000,0x00ab0000)]

Other Threads:
  0x00b7b000 VMThread [stack: 0x00940000,0x00990000] [id=2832]
  0x00baa000 WatcherThread [stack: 0x00be0000,0x00c30000] [id=5424]

VM state:not at safepoint (normal execution)

VM Mutex/Monitor currently owned by a thread: None

Heap
 def new generation   total 4928K, used 2839K [0x24280000, 0x247d0000, 0x297d0000)
  eden space 4416K,  52% used [0x24280000, 0x244c5e90, 0x246d0000)
  from space 512K, 100% used [0x246d0000, 0x24750000, 0x24750000)
  to   space 512K,   0% used [0x24750000, 0x24750000, 0x247d0000)
 tenured generation   total 10944K, used 9965K [0x297d0000, 0x2a280000, 0x34280000)
   the space 10944K,  91% used [0x297d0000, 0x2a18b5e0, 0x2a18b600, 0x2a280000)
 compacting perm gen  total 12288K, used 7666K [0x34280000, 0x34e80000, 0x38280000)
   the space 12288K,  62% used [0x34280000, 0x349fcaf0, 0x349fcc00, 0x34e80000)
    ro space 10240K,  42% used [0x38280000, 0x386c0348, 0x386c0400, 0x38c80000)
    rw space 12288K,  54% used [0x38c80000, 0x393006f0, 0x39300800, 0x39880000)

Card table byte_map: [0x04460000,0x04510000] byte_map_base: 0x0433ec00

Polling page: 0x001d0000

Code Cache  [0x02460000, 0x02640000, 0x04460000)
 total_blobs=1108 nmethods=708 adapters=335 free_code_cache=30878Kb largest_free_block=31619008

Compilation events (10 events):
Event: 3.975 Thread 0x00b9d800  703             java.security.CodeSource::matchCerts (254 bytes)
Event: 3.976 Thread 0x00b9d800 nmethod 703 0x02636f48 code [0x026370a0, 0x02637458]
Event: 3.977 Thread 0x00b9d800  704             java.util.WeakHashMap::eq (19 bytes)
Event: 3.977 Thread 0x00b9d800 nmethod 704 0x026379c8 code [0x02637ad0, 0x02637b7c]
Event: 4.006 Thread 0x00b9d800  706             com.sun.javafx.geom.transform.GeneralTransform3D::isInfOrNaN (40 bytes)
Event: 4.006 Thread 0x00b9d800 nmethod 706 0x02637e88 code [0x02637f90, 0x02638080]
Event: 4.006 Thread 0x00b9d800  707             com.sun.javafx.geom.transform.Affine3D::almostZero (22 bytes)
Event: 4.006 Thread 0x00b9d800 nmethod 707 0x02638188 code [0x02638290, 0x02638340]
Event: 4.008 Thread 0x00b9d800  708             com.sun.javafx.geom.transform.GeneralTransform3D::get (34 bytes)
Event: 4.008 Thread 0x00b9d800 nmethod 708 0x02638388 code [0x02638480, 0x02638520]

GC Heap History (10 events):
Event: 3.499 GC heap before
{Heap before GC invocations=65 (full 0):
 def new generation   total 4928K, used 4461K [0x24280000, 0x247d0000, 0x297d0000)
  eden space 4416K,  96% used [0x24280000, 0x246ad1a0, 0x246d0000)
  from space 512K,  36% used [0x24750000, 0x2477e400, 0x247d0000)
  to   space 512K,   0% used [0x246d0000, 0x246d0000, 0x24750000)
 tenured generation   total 10944K, used 9033K [0x297d0000, 0x2a280000, 0x34280000)
   the space 10944K,  82% used [0x297d0000, 0x2a0a2560, 0x2a0a2600, 0x2a280000)
 compacting perm gen  total 12288K, used 7022K [0x34280000, 0x34e80000, 0x38280000)
   the space 12288K,  57% used [0x34280000, 0x3495b928, 0x3495ba00, 0x34e80000)
    ro space 10240K,  42% used [0x38280000, 0x386c0348, 0x386c0400, 0x38c80000)
    rw space 12288K,  54% used [0x38c80000, 0x393006f0, 0x39300800, 0x39880000)
Event: 3.500 GC heap after
Heap after GC invocations=66 (full 0):
 def new generation   total 4928K, used 186K [0x24280000, 0x247d0000, 0x297d0000)
  eden space 4416K,   0% used [0x24280000, 0x24280000, 0x246d0000)
  from space 512K,  36% used [0x246d0000, 0x246fea78, 0x24750000)
  to   space 512K,   0% used [0x24750000, 0x24750000, 0x247d0000)
 tenured generation   total 10944K, used 9033K [0x297d0000, 0x2a280000, 0x34280000)
   the space 10944K,  82% used [0x297d0000, 0x2a0a2560, 0x2a0a2600, 0x2a280000)
 compacting perm gen  total 12288K, used 7022K [0x34280000, 0x34e80000, 0x38280000)
   the space 12288K,  57% used [0x34280000, 0x3495b928, 0x3495ba00, 0x34e80000)
    ro space 10240K,  42% used [0x38280000, 0x386c0348, 0x386c0400, 0x38c80000)
    rw space 12288K,  54% used [0x38c80000, 0x393006f0, 0x39300800, 0x39880000)
}
Event: 3.502 GC heap before
{Heap before GC invocations=66 (full 0):
 def new generation   total 4928K, used 4500K [0x24280000, 0x247d0000, 0x297d0000)
  eden space 4416K,  97% used [0x24280000, 0x246b6668, 0x246d0000)
  from space 512K,  36% used [0x246d0000, 0x246fea78, 0x24750000)
  to   space 512K,   0% used [0x24750000, 0x24750000, 0x247d0000)
 tenured generation   total 10944K, used 9033K [0x297d0000, 0x2a280000, 0x34280000)
   the space 10944K,  82% used [0x297d0000, 0x2a0a2560, 0x2a0a2600, 0x2a280000)
 compacting perm gen  total 12288K, used 7022K [0x34280000, 0x34e80000, 0x38280000)
   the space 12288K,  57% used [0x34280000, 0x3495b928, 0x3495ba00, 0x34e80000)
    ro space 10240K,  42% used [0x38280000, 0x386c0348, 0x386c0400, 0x38c80000)
    rw space 12288K,  54% used [0x38c80000, 0x393006f0, 0x39300800, 0x39880000)
Event: 3.503 GC heap after
Heap after GC invocations=67 (full 0):
 def new generation   total 4928K, used 188K [0x24280000, 0x247d0000, 0x297d0000)
  eden space 4416K,   0% used [0x24280000, 0x24280000, 0x246d0000)
  from space 512K,  36% used [0x24750000, 0x2477f0f0, 0x247d0000)
  to   space 512K,   0% used [0x246d0000, 0x246d0000, 0x24750000)
 tenured generation   total 10944K, used 9033K [0x297d0000, 0x2a280000, 0x34280000)
   the space 10944K,  82% used [0x297d0000, 0x2a0a2560, 0x2a0a2600, 0x2a280000)
 compacting perm gen  total 12288K, used 7022K [0x34280000, 0x34e80000, 0x38280000)
   the space 12288K,  57% used [0x34280000, 0x3495b928, 0x3495ba00, 0x34e80000)
    ro space 10240K,  42% used [0x38280000, 0x386c0348, 0x386c0400, 0x38c80000)
    rw space 12288K,  54% used [0x38c80000, 0x393006f0, 0x39300800, 0x39880000)
}
Event: 3.552 GC heap before
{Heap before GC invocations=67 (full 0):
 def new generation   total 4928K, used 4604K [0x24280000, 0x247d0000, 0x297d0000)
  eden space 4416K, 100% used [0x24280000, 0x246d0000, 0x246d0000)
  from space 512K,  36% used [0x24750000, 0x2477f0f0, 0x247d0000)
  to   space 512K,   0% used [0x246d0000, 0x246d0000, 0x24750000)
 tenured generation   total 10944K, used 9033K [0x297d0000, 0x2a280000, 0x34280000)
   the space 10944K,  82% used [0x297d0000, 0x2a0a2560, 0x2a0a2600, 0x2a280000)
 compacting perm gen  total 12288K, used 7039K [0x34280000, 0x34e80000, 0x38280000)
   the space 12288K,  57% used [0x34280000, 0x3495fe08, 0x34960000, 0x34e80000)
    ro space 10240K,  42% used [0x38280000, 0x386c0348, 0x386c0400, 0x38c80000)
    rw space 12288K,  54% used [0x38c80000, 0x393006f0, 0x39300800, 0x39880000)
Event: 3.553 GC heap after
Heap after GC invocations=68 (full 0):
 def new generation   total 4928K, used 257K [0x24280000, 0x247d0000, 0x297d0000)
  eden space 4416K,   0% used [0x24280000, 0x24280000, 0x246d0000)
  from space 512K,  50% used [0x246d0000, 0x24710650, 0x24750000)
  to   space 512K,   0% used [0x24750000, 0x24750000, 0x247d0000)
 tenured generation   total 10944K, used 9033K [0x297d0000, 0x2a280000, 0x34280000)
   the space 10944K,  82% used [0x297d0000, 0x2a0a2560, 0x2a0a2600, 0x2a280000)
 compacting perm gen  total 12288K, used 7039K [0x34280000, 0x34e80000, 0x38280000)
   the space 12288K,  57% used [0x34280000, 0x3495fe08, 0x34960000, 0x34e80000)
    ro space 10240K,  42% used [0x38280000, 0x386c0348, 0x386c0400, 0x38c80000)
    rw space 12288K,  54% used [0x38c80000, 0x393006f0, 0x39300800, 0x39880000)
}
Event: 3.581 GC heap before
{Heap before GC invocations=68 (full 0):
 def new generation   total 4928K, used 4673K [0x24280000, 0x247d0000, 0x297d0000)
  eden space 4416K, 100% used [0x24280000, 0x246d0000, 0x246d0000)
  from space 512K,  50% used [0x246d0000, 0x24710650, 0x24750000)
  to   space 512K,   0% used [0x24750000, 0x24750000, 0x247d0000)
 tenured generation   total 10944K, used 9033K [0x297d0000, 0x2a280000, 0x34280000)
   the space 10944K,  82% used [0x297d0000, 0x2a0a2560, 0x2a0a2600, 0x2a280000)
 compacting perm gen  total 12288K, used 7039K [0x34280000, 0x34e80000, 0x38280000)
   the space 12288K,  57% used [0x34280000, 0x3495fe18, 0x34960000, 0x34e80000)
    ro space 10240K,  42% used [0x38280000, 0x386c0348, 0x386c0400, 0x38c80000)
    rw space 12288K,  54% used [0x38c80000, 0x393006f0, 0x39300800, 0x39880000)
Event: 3.583 GC heap after
Heap after GC invocations=69 (full 0):
 def new generation   total 4928K, used 297K [0x24280000, 0x247d0000, 0x297d0000)
  eden space 4416K,   0% used [0x24280000, 0x24280000, 0x246d0000)
  from space 512K,  58% used [0x24750000, 0x2479a500, 0x247d0000)
  to   space 512K,   0% used [0x246d0000, 0x246d0000, 0x24750000)
 tenured generation   total 10944K, used 9282K [0x297d0000, 0x2a280000, 0x34280000)
   the space 10944K,  84% used [0x297d0000, 0x2a0e0b50, 0x2a0e0c00, 0x2a280000)
 compacting perm gen  total 12288K, used 7039K [0x34280000, 0x34e80000, 0x38280000)
   the space 12288K,  57% used [0x34280000, 0x3495fe18, 0x34960000, 0x34e80000)
    ro space 10240K,  42% used [0x38280000, 0x386c0348, 0x386c0400, 0x38c80000)
    rw space 12288K,  54% used [0x38c80000, 0x393006f0, 0x39300800, 0x39880000)
}
Event: 3.791 GC heap before
{Heap before GC invocations=69 (full 0):
 def new generation   total 4928K, used 4713K [0x24280000, 0x247d0000, 0x297d0000)
  eden space 4416K, 100% used [0x24280000, 0x246d0000, 0x246d0000)
  from space 512K,  58% used [0x24750000, 0x2479a500, 0x247d0000)
  to   space 512K,   0% used [0x246d0000, 0x246d0000, 0x24750000)
 tenured generation   total 10944K, used 9282K [0x297d0000, 0x2a280000, 0x34280000)
   the space 10944K,  84% used [0x297d0000, 0x2a0e0b50, 0x2a0e0c00, 0x2a280000)
 compacting perm gen  total 12288K, used 7267K [0x34280000, 0x34e80000, 0x38280000)
   the space 12288K,  59% used [0x34280000, 0x34998f90, 0x34999000, 0x34e80000)
    ro space 10240K,  42% used [0x38280000, 0x386c0348, 0x386c0400, 0x38c80000)
    rw space 12288K,  54% used [0x38c80000, 0x393006f0, 0x39300800, 0x39880000)
Event: 3.799 GC heap after
Heap after GC invocations=70 (full 0):
 def new generation   total 4928K, used 512K [0x24280000, 0x247d0000, 0x297d0000)
  eden space 4416K,   0% used [0x24280000, 0x24280000, 0x246d0000)
  from space 512K, 100% used [0x246d0000, 0x24750000, 0x24750000)
  to   space 512K,   0% used [0x24750000, 0x24750000, 0x247d0000)
 tenured generation   total 10944K, used 9965K [0x297d0000, 0x2a280000, 0x34280000)
   the space 10944K,  91% used [0x297d0000, 0x2a18b5e0, 0x2a18b600, 0x2a280000)
 compacting perm gen  total 12288K, used 7267K [0x34280000, 0x34e80000, 0x38280000)
   the space 12288K,  59% used [0x34280000, 0x34998f90, 0x34999000, 0x34e80000)
    ro space 10240K,  42% used [0x38280000, 0x386c0348, 0x386c0400, 0x38c80000)
    rw space 12288K,  54% used [0x38c80000, 0x393006f0, 0x39300800, 0x39880000)
}

Deoptimization events (0 events):
No events

Internal exceptions (10 events):
Event: 3.969 Thread 0x04a81400 Threw 0x24489dd0 at C:\jdk7u1_32P\jdk7u9_3984_new\hotspot\src\share\vm\prims\jvm.cpp:1166
Event: 3.969 Thread 0x04a81400 Threw 0x2448d038 at C:\jdk7u1_32P\jdk7u9_3984_new\hotspot\src\share\vm\prims\jvm.cpp:1166
Event: 3.970 Thread 0x04a81400 Threw 0x2448fcd8 at C:\jdk7u1_32P\jdk7u9_3984_new\hotspot\src\share\vm\prims\jvm.cpp:1166
Event: 3.970 Thread 0x04a81400 Threw 0x24493130 at C:\jdk7u1_32P\jdk7u9_3984_new\hotspot\src\share\vm\prims\jvm.cpp:1166
Event: 3.971 Thread 0x04a81400 Threw 0x24496898 at C:\jdk7u1_32P\jdk7u9_3984_new\hotspot\src\share\vm\prims\jvm.cpp:1166
Event: 3.972 Thread 0x04a81400 Threw 0x2449b2c8 at C:\jdk7u1_32P\jdk7u9_3984_new\hotspot\src\share\vm\prims\jvm.cpp:1166
Event: 3.972 Thread 0x04a81400 Threw 0x2449dff0 at C:\jdk7u1_32P\jdk7u9_3984_new\hotspot\src\share\vm\prims\jvm.cpp:1166
Event: 3.974 Thread 0x04a81400 Threw 0x244a8848 at C:\jdk7u1_32P\jdk7u9_3984_new\hotspot\src\share\vm\prims\jvm.cpp:1166
Event: 3.974 Thread 0x04a81400 Threw 0x244abbd8 at C:\jdk7u1_32P\jdk7u9_3984_new\hotspot\src\share\vm\prims\jvm.cpp:1166
Event: 4.041 Thread 0x04a82000 Threw 0x244c35d0 at C:\jdk7u1_32P\jdk7u9_3984_new\hotspot\src\share\vm\prims\jni.cpp:1597

Events (10 events):
Event: 3.971 loading class 0x0b103550
Event: 3.971 loading class 0x0b103550 done
Event: 3.972 loading class 0x0b13ead8
Event: 3.972 loading class 0x0b13ead8 done
Event: 3.972 loading class 0x099e1e30
Event: 3.972 loading class 0x099e1e30 done
Event: 3.974 loading class 0x097f4110
Event: 3.974 loading class 0x097f4110 done
Event: 3.974 loading class 0x0b069c48
Event: 3.974 loading class 0x0b069c48 done


Dynamic libraries:
0x00c70000 - 0x00c9f000 	C:\Program Files (x86)\Java\jre7\bin\javaw.exe
0x777e0000 - 0x77960000 	C:\Windows\SysWOW64\ntdll.dll
0x70460000 - 0x7049c000 	C:\Program Files\AVAST Software\Avast\snxhk.dll
0x763a0000 - 0x764b0000 	C:\Windows\syswow64\KERNEL32.dll
0x765a0000 - 0x765e7000 	C:\Windows\syswow64\KERNELBASE.dll
0x76e80000 - 0x76f20000 	C:\Windows\syswow64\ADVAPI32.dll
0x75ea0000 - 0x75f4c000 	C:\Windows\syswow64\msvcrt.dll
0x76580000 - 0x76599000 	C:\Windows\SysWOW64\sechost.dll
0x76790000 - 0x76880000 	C:\Windows\syswow64\RPCRT4.dll
0x74ec0000 - 0x74f20000 	C:\Windows\syswow64\SspiCli.dll
0x74eb0000 - 0x74ebc000 	C:\Windows\syswow64\CRYPTBASE.dll
0x769c0000 - 0x76ac0000 	C:\Windows\syswow64\USER32.dll
0x76930000 - 0x769c0000 	C:\Windows\syswow64\GDI32.dll
0x761d0000 - 0x761da000 	C:\Windows\syswow64\LPK.dll
0x764b0000 - 0x7654d000 	C:\Windows\syswow64\USP10.dll
0x71cd0000 - 0x71e6e000 	C:\Windows\WinSxS\x86_microsoft.windows.common-controls_6595b64144ccf1df_6.0.7601.17514_none_41e6975e2bd6f2b2\COMCTL32.dll
0x76300000 - 0x76357000 	C:\Windows\syswow64\SHLWAPI.dll
0x76c80000 - 0x76ce0000 	C:\Windows\system32\IMM32.DLL
0x75c10000 - 0x75cdc000 	C:\Windows\syswow64\MSCTF.dll
0x58af0000 - 0x58bae000 	C:\Program Files (x86)\Java\jre7\bin\msvcr100.dll
0x5de90000 - 0x5e1dd000 	C:\Program Files (x86)\Java\jre7\bin\client\jvm.dll
0x73ee0000 - 0x73ee7000 	C:\Windows\system32\WSOCK32.dll
0x76360000 - 0x76395000 	C:\Windows\syswow64\WS2_32.dll
0x74f20000 - 0x74f26000 	C:\Windows\syswow64\NSI.dll
0x71f00000 - 0x71f32000 	C:\Windows\system32\WINMM.dll
0x777b0000 - 0x777b5000 	C:\Windows\syswow64\PSAPI.DLL
0x734d0000 - 0x734dc000 	C:\Program Files (x86)\Java\jre7\bin\verify.dll
0x71760000 - 0x71780000 	C:\Program Files (x86)\Java\jre7\bin\java.dll
0x64250000 - 0x64263000 	C:\Program Files (x86)\Java\jre7\bin\zip.dll
0x586c0000 - 0x58802000 	C:\Program Files (x86)\Java\jre7\bin\awt.dll
0x74f30000 - 0x74fbf000 	C:\Windows\syswow64\OLEAUT32.dll
0x75f50000 - 0x760ac000 	C:\Windows\syswow64\ole32.dll
0x70440000 - 0x70453000 	C:\Windows\system32\DWMAPI.DLL
0x70a50000 - 0x70ad0000 	C:\Windows\system32\uxtheme.dll
0x10000000 - 0x10014000 	C:\Windows\system32\LSKHOOK.DLL
0x730b0000 - 0x73273000 	C:\Windows\system32\d3d9.dll
0x74d90000 - 0x74d99000 	C:\Windows\system32\VERSION.dll
0x74cb0000 - 0x74cb6000 	C:\Windows\system32\d3d8thk.dll
0x68e10000 - 0x69c7e000 	C:\Windows\system32\nvd3dum.dll
0x70db0000 - 0x70dd5000 	C:\Windows\system32\powrprof.dll
0x765f0000 - 0x7678d000 	C:\Windows\syswow64\SETUPAPI.dll
0x761a0000 - 0x761c7000 	C:\Windows\syswow64\CFGMGR32.dll
0x760e0000 - 0x760f2000 	C:\Windows\syswow64\DEVOBJ.dll
0x06850000 - 0x0695a000 	C:\Program Files (x86)\NVIDIA Corporation\3D Vision\nvSCPAPI.dll
0x74fc0000 - 0x75c0a000 	C:\Windows\syswow64\SHELL32.dll
0x73600000 - 0x7360d000 	C:\Program Files (x86)\Java\jre7\bin\prism-d3d.dll
0x720c0000 - 0x720e7000 	C:\Program Files (x86)\Java\jre7\bin\glass.dll
0x76e00000 - 0x76e7b000 	C:\Windows\syswow64\COMDLG32.dll
0x70790000 - 0x70a12000 	C:\Windows\system32\nvapi.dll
0x76550000 - 0x7657d000 	C:\Windows\syswow64\WINTRUST.dll
0x76ce0000 - 0x76dfe000 	C:\Windows\syswow64\CRYPT32.dll
0x75ce0000 - 0x75cec000 	C:\Windows\syswow64\MSASN1.dll
0x5e5e0000 - 0x5e60a000 	C:\Program Files (x86)\Java\jre7\bin\fontmanager.dll
0x641f0000 - 0x64204000 	C:\Program Files (x86)\Java\jre7\bin\net.dll
0x73490000 - 0x734cc000 	C:\Windows\system32\mswsock.dll
0x70280000 - 0x70286000 	C:\Windows\System32\wship6.dll
0x70020000 - 0x7002f000 	C:\Program Files (x86)\Java\jre7\bin\nio.dll
0x58c30000 - 0x58c61000 	C:\Program Files (x86)\Java\jre7\bin\t2k.dll
0x047f0000 - 0x04828000 	C:\Program Files\WIDCOMM\Bluetooth Software\SysWOW64\BtMmHook.dll
0x76100000 - 0x76183000 	C:\Windows\syswow64\CLBCatQ.DLL
0x68ce0000 - 0x68e10000 	C:\Windows\system32\WindowsCodecs.dll
0x70af0000 - 0x70b3c000 	C:\Windows\system32\apphelp.dll
0x04d30000 - 0x04d52000 	C:\Users\Stijn\AppData\Roaming\Dropbox\bin\DropboxExt.17.dll
0x73de0000 - 0x73ecb000 	C:\Windows\system32\dbghelp.dll
0x73f70000 - 0x73ffe000 	C:\Windows\WinSxS\x86_microsoft.vc90.crt_1fc8b3b9a1e18e3b_9.0.30729.6161_none_50934f2ebcb7eb57\MSVCP90.dll
0x74410000 - 0x744b3000 	C:\Windows\WinSxS\x86_microsoft.vc90.crt_1fc8b3b9a1e18e3b_9.0.30729.6161_none_50934f2ebcb7eb57\MSVCR90.dll
0x68bd0000 - 0x68c01000 	C:\Windows\system32\EhStorShell.dll
0x727d0000 - 0x728c5000 	C:\Windows\system32\PROPSYS.dll
0x67a20000 - 0x67e26000 	C:\PROGRA~2\MICROS~1\Office14\GROOVEEX.DLL
0x71420000 - 0x7144b000 	C:\Windows\WinSxS\x86_microsoft.vc90.atl_1fc8b3b9a1e18e3b_9.0.30729.6161_none_51cd0a7abbe4e19b\ATL90.DLL
0x67600000 - 0x67a1a000 	C:\PROGRA~2\COMMON~1\MICROS~1\OFFICE14\Cultures\office.odf
0x66d70000 - 0x675f1000 	C:\PROGRA~2\MICROS~1\Office14\1043\GrooveIntlResource.dll
0x6e440000 - 0x6e4b0000 	C:\Windows\system32\ntshrui.dll
0x71af0000 - 0x71b09000 	C:\Windows\system32\srvcli.dll
0x73bb0000 - 0x73bbb000 	C:\Windows\system32\cscapi.dll
0x72370000 - 0x7237a000 	C:\Windows\system32\slc.dll
0x700a0000 - 0x700a6000 	C:\Windows\system32\IconCodecService.dll
0x58bc0000 - 0x58c2f000 	C:\Program Files (x86)\Java\jre7\bin\libxml2.dll
0x5de20000 - 0x5de48000 	C:\Program Files (x86)\Java\jre7\bin\libxslt.dll
0x57000000 - 0x57b5f000 	C:\Program Files (x86)\Java\jre7\bin\jfxwebkit.dll
0x712d0000 - 0x712e6000 	C:\Windows\system32\CRYPTSP.dll
0x71220000 - 0x7125b000 	C:\Windows\system32\rsaenh.dll
0x58ab0000 - 0x58aec000 	C:\Program Files (x86)\Java\jre7\bin\javafx-font.dll
0x62ad0000 - 0x62af0000 	C:\Program Files (x86)\Java\jre7\bin\sunec.dll
0x73610000 - 0x73619000 	C:\Program Files (x86)\Java\jre7\bin\sunmscapi.dll
0x712f0000 - 0x71307000 	C:\Windows\system32\USERENV.dll
0x71410000 - 0x7141b000 	C:\Windows\system32\profapi.dll
0x703e0000 - 0x703f0000 	C:\Windows\system32\NLAapi.dll
0x703d0000 - 0x703e0000 	C:\Windows\system32\napinsp.dll
0x703b0000 - 0x703c2000 	C:\Windows\system32\pnrpnsp.dll
0x703a0000 - 0x703ad000 	C:\Windows\system32\wshbth.dll
0x70350000 - 0x70394000 	C:\Windows\system32\DNSAPI.dll
0x70340000 - 0x70348000 	C:\Windows\System32\winrnr.dll
0x70310000 - 0x70334000 	C:\Program Files (x86)\Common Files\Microsoft Shared\Windows Live\WLIDNSP.DLL
0x71f40000 - 0x71f45000 	C:\Windows\System32\wshtcpip.dll
0x713f0000 - 0x7140c000 	C:\Windows\system32\IPHLPAPI.DLL
0x713e0000 - 0x713e7000 	C:\Windows\system32\WINNSI.DLL
0x702c0000 - 0x702c6000 	C:\Windows\system32\rasadhlp.dll
0x702d0000 - 0x70308000 	C:\Windows\System32\fwpuclnt.dll

VM Arguments:
jvm_args: -Dfile.encoding=Cp1252 
java_command: be.artesis.timelog.gui.Main
Launcher Type: SUN_STANDARD

Environment Variables:
CLASSPATH=C:\Program Files (x86)\Belgium Identity Card
PATH=C:/Program Files (x86)/Java/jre7/bin/client;C:/Program Files (x86)/Java/jre7/bin;C:/Program Files (x86)/Java/jre7/lib/i386;C:\Program Files (x86)\NVIDIA Corporation\PhysX\Common;C:\Program Files\Common Files\Microsoft Shared\Windows Live;C:\Windows\system32;C:\Windows;C:\Windows\System32\Wbem;C:\Windows\System32\WindowsPowerShell\v1.0\;C:\Program Files\WIDCOMM\Bluetooth Software\;C:\Program Files\WIDCOMM\Bluetooth Software\syswow64;C:\Program Files\Intel\WiFi\bin\;C:\Program Files\Common Files\Intel\WirelessCommon\;C:\Program Files (x86)\Sony\VAIO Startup Setting Tool;C:\Cygwin\bin;c:\Program Files (x86)\Microsoft SQL Server\100\Tools\Binn\;c:\Program Files\Microsoft SQL Server\100\Tools\Binn\;c:\Program Files\Microsoft SQL Server\100\DTS\Binn\;C:\Program Files\Microsoft Network Monitor 3\;C:\Program Files (x86)\Belgium Identity Card;C:\Program Files (x86)\Git\cmd;C:\Program Files\Common Files\Microsoft Shared\Windows Live;C:\eclipse;
USERNAME=Stijn
OS=Windows_NT
PROCESSOR_IDENTIFIER=Intel64 Family 6 Model 30 Stepping 5, GenuineIntel



---------------  S Y S T E M  ---------------

OS: Windows 7 , 64 bit Build 7601 Service Pack 1

CPU:total 8 (4 cores per cpu, 2 threads per core) family 6 model 30 stepping 5, cmov, cx8, fxsr, mmx, sse, sse2, sse3, ssse3, sse4.1, sse4.2, popcnt, ht, tsc, tscinvbit

Memory: 4k page, physical 6271928k(3012972k free), swap 12542000k(8518592k free)

vm_info: Java HotSpot(TM) Client VM (23.5-b02) for windows-x86 JRE (1.7.0_09-b05), built on Sep 24 2012 22:01:33 by "java_re" with unknown MS VC++:1600

time: Tue Mar 19 11:32:00 2013
elapsed time: 4 seconds

