#
# A fatal error has been detected by the Java Runtime Environment:
#
#  EXCEPTION_ACCESS_VIOLATION (0xc0000005) at pc=0x000000005bdf9014, pid=8820, tid=2300
#
# JRE version: 7.0_09-b05
# Java VM: Java HotSpot(TM) 64-Bit Server VM (23.5-b02 mixed mode windows-amd64 compressed oops)
# Problematic frame:
# V  [jvm.dll+0x109014]
#
# Failed to write core dump. Minidumps are not enabled by default on client versions of Windows
#
# If you would like to submit a bug report, please visit:
#   http://bugreport.sun.com/bugreport/crash.jsp
#

---------------  T H R E A D  ---------------

Current thread (0x000000000c9ef000):  JavaThread "JavaFX Application Thread" [_thread_in_vm, id=2300, stack(0x0000000010600000,0x0000000010700000)]

siginfo: ExceptionCode=0xc0000005, reading address 0x0000000000000000

Registers:
RAX=0x0000000000000000, RBX=0x000000000c9ef000, RCX=0x000000000c9ef000, RDX=0x000000000c8fd950
RSP=0x00000000106fe8d0, RBP=0x00000000106fe9c8, RSI=0x0000000000000000, RDI=0x000000000c9ef1d8
R8 =0x0000000000000000, R9 =0x00000000106fe9c8, R10=0x0000000000000000, R11=0x0000000000000200
R12=0x000000000c8fd950, R13=0x000000009c145eb0, R14=0x00000000106fed30, R15=0x000000000c9ef000
RIP=0x000000005bdf9014, EFLAGS=0x0000000000010246

Top of Stack: (sp=0x00000000106fe8d0)
0x00000000106fe8d0:   000000000c9ef000 0000000000000000
0x00000000106fe8e0:   0000000000000000 00000000521e1ddc
0x00000000106fe8f0:   000000000c9ef000 0000000000000000
0x00000000106fe900:   00000000521e1dd0 000000000fdfb130
0x00000000106fe910:   0000000002566ab5 000000005180ea88
0x00000000106fe920:   000000000c9ef000 000000000c796b20
0x00000000106fe930:   000000000000063d 000000005c2074f0
0x00000000106fe940:   000000000c8ff410 000000005bdecacd
0x00000000106fe950:   00000000106feb80 000000008b59f158
0x00000000106fe960:   000000000c9ef000 000000000c9ef000
0x00000000106fe970:   0000000000000000 000000005180e99c
0x00000000106fe980:   00000000142d42c0 000000000c8ff410
0x00000000106fe990:   000000000c9ef1d8 0000000013f13890
0x00000000106fe9a0:   0000000013f13890 0000000051b82454
0x00000000106fe9b0:   00000000142d42c0 000000000c9ef1d8
0x00000000106fe9c0:   0000000000000000 0000000013f13890 

Instructions: (pc=0x000000005bdf9014)
0x000000005bdf8ff4:   00 48 83 7b 08 00 48 89 5c 24 50 48 c7 44 24 58
0x000000005bdf9004:   00 00 00 00 74 0a 48 8d 4c 24 50 e8 fc 81 0f 00
0x000000005bdf9014:   48 8b 0e c7 44 24 40 0e 00 00 00 48 8b 41 10 48
0x000000005bdf9024:   8b 49 18 0f b7 50 42 e8 60 2f f0 ff 48 8d 4c 24 


Register to memory mapping:

RAX=0x0000000000000000 is an unknown value
RBX=0x000000000c9ef000 is a thread
RCX=0x000000000c9ef000 is a thread
RDX=0x000000000c8fd950 is a global jni handle
RSP=0x00000000106fe8d0 is pointing into the stack for thread: 0x000000000c9ef000
RBP=0x00000000106fe9c8 is pointing into the stack for thread: 0x000000000c9ef000
RSI=0x0000000000000000 is an unknown value
RDI=0x000000000c9ef1d8 is an unknown value
R8 =0x0000000000000000 is an unknown value
R9 =0x00000000106fe9c8 is pointing into the stack for thread: 0x000000000c9ef000
R10=0x0000000000000000 is an unknown value
R11=0x0000000000000200 is an unknown value
R12=0x000000000c8fd950 is a global jni handle
R13=0x000000009c145eb0 is an oop
{method} 
 - klass: {other class}
R14=0x00000000106fed30 is pointing into the stack for thread: 0x000000000c9ef000
R15=0x000000000c9ef000 is a thread


Stack: [0x0000000010600000,0x0000000010700000],  sp=0x00000000106fe8d0,  free space=1018k
Native frames: (J=compiled Java code, j=interpreted, Vv=VM code, C=native code)
V  [jvm.dll+0x109014]

Java frames: (J=compiled Java code, j=interpreted, Vv=VM code)
j  com.sun.webpane.webkit.network.URLLoader.twkDidReceiveData(Ljava/nio/ByteBuffer;IIJ)V+0
j  com.sun.webpane.webkit.network.URLLoader.access$1200(Ljava/nio/ByteBuffer;IIJ)V+4
j  com.sun.webpane.webkit.network.URLLoader$5.run()V+35
v  ~StubRoutines::call_stub
j  com.sun.glass.ui.win.WinApplication._runLoop([Ljava/lang/String;Lcom/sun/glass/ui/Launchable;)V+0
j  com.sun.glass.ui.win.WinApplication.access$100(Lcom/sun/glass/ui/win/WinApplication;[Ljava/lang/String;Lcom/sun/glass/ui/Launchable;)V+3
j  com.sun.glass.ui.win.WinApplication$3$1.run()V+32
j  java.lang.Thread.run()V+11
v  ~StubRoutines::call_stub

---------------  P R O C E S S  ---------------

Java Threads: ( => current thread )
  0x000000000fddd000 JavaThread "URL-Loader-3" daemon [_thread_blocked, id=6932, stack(0x0000000015a00000,0x0000000015b00000)]
  0x000000000fddc000 JavaThread "Prism Font Disposer" daemon [_thread_blocked, id=2688, stack(0x0000000015780000,0x0000000015880000)]
  0x000000000fddb800 JavaThread "URL-Loader-2" daemon [_thread_blocked, id=1080, stack(0x0000000015670000,0x0000000015770000)]
  0x000000000fdda800 JavaThread "Keep-Alive-Timer" daemon [_thread_blocked, id=6120, stack(0x0000000015530000,0x0000000015630000)]
  0x000000000fdd9800 JavaThread "Keep-Alive-SocketCleaner" daemon [_thread_blocked, id=9148, stack(0x00000000151f0000,0x00000000152f0000)]
  0x000000000fdd9000 JavaThread "URL-Loader-1" daemon [_thread_blocked, id=9132, stack(0x0000000013bd0000,0x0000000013cd0000)]
  0x000000000fdd8000 JavaThread "Disposer" daemon [_thread_blocked, id=1228, stack(0x00000000133a0000,0x00000000134a0000)]
  0x000000000fc43800 JavaThread "D3D Screen Updater" daemon [_thread_blocked, id=3868, stack(0x0000000012e70000,0x0000000012f70000)]
  0x000000000fc35000 JavaThread "Image Fetcher 0" daemon [_thread_blocked, id=544, stack(0x0000000012850000,0x0000000012950000)]
  0x000000000fcbd800 JavaThread "Thread-2" daemon [_thread_in_native, id=9112, stack(0x0000000010fe0000,0x00000000110e0000)]
  0x000000000cad3000 JavaThread "AWT-EventQueue-0" [_thread_blocked, id=3840, stack(0x0000000011240000,0x0000000011340000)]
=>0x000000000c9ef000 JavaThread "JavaFX Application Thread" [_thread_in_vm, id=2300, stack(0x0000000010600000,0x0000000010700000)]
  0x000000000c9ee800 JavaThread "Disposer" daemon [_thread_blocked, id=8408, stack(0x0000000010730000,0x0000000010830000)]
  0x000000000ca65800 JavaThread "QuantumRenderer-0" daemon [_thread_blocked, id=5188, stack(0x0000000010460000,0x0000000010560000)]
  0x000000000c8fd000 JavaThread "AWT-Windows" daemon [_thread_in_native, id=8280, stack(0x000000000d030000,0x000000000d130000)]
  0x000000000c8fa000 JavaThread "AWT-Shutdown" [_thread_blocked, id=7076, stack(0x000000000d580000,0x000000000d680000)]
  0x000000000c8f9800 JavaThread "Java2D Disposer" daemon [_thread_blocked, id=9164, stack(0x000000000d280000,0x000000000d380000)]
  0x000000000c799800 JavaThread "Service Thread" daemon [_thread_blocked, id=8896, stack(0x000000000d160000,0x000000000d260000)]
  0x000000000c792800 JavaThread "C2 CompilerThread1" daemon [_thread_blocked, id=6852, stack(0x000000000cb60000,0x000000000cc60000)]
  0x000000000c77d800 JavaThread "C2 CompilerThread0" daemon [_thread_blocked, id=1212, stack(0x000000000ce00000,0x000000000cf00000)]
  0x000000000c77c800 JavaThread "Attach Listener" daemon [_thread_blocked, id=7620, stack(0x000000000cf00000,0x000000000d000000)]
  0x000000000c77c000 JavaThread "Signal Dispatcher" daemon [_thread_blocked, id=4868, stack(0x000000000cca0000,0x000000000cda0000)]
  0x000000000a748800 JavaThread "Finalizer" daemon [_thread_blocked, id=8224, stack(0x000000000c630000,0x000000000c730000)]
  0x000000000a740800 JavaThread "Reference Handler" daemon [_thread_blocked, id=8972, stack(0x000000000c510000,0x000000000c610000)]
  0x00000000022fc800 JavaThread "main" [_thread_blocked, id=4864, stack(0x00000000024c0000,0x00000000025c0000)]

Other Threads:
  0x000000000a738000 VMThread [stack: 0x000000000c400000,0x000000000c500000] [id=2512]
  0x000000000c7b2800 WatcherThread [stack: 0x000000000d3c0000,0x000000000d4c0000] [id=9120]

VM state:not at safepoint (normal execution)

VM Mutex/Monitor currently owned by a thread: None

Heap
 PSYoungGen      total 107904K, used 19034K [0x00000000e0160000, 0x00000000ed500000, 0x0000000100000000)
  eden space 98240K, 19% used [0x00000000e0160000,0x00000000e13b7aa0,0x00000000e6150000)
  from space 9664K, 2% used [0x00000000e6150000,0x00000000e618ee70,0x00000000e6ac0000)
  to   space 10112K, 0% used [0x00000000ecb20000,0x00000000ecb20000,0x00000000ed500000)
 ParOldGen       total 65408K, used 11745K [0x00000000a0400000, 0x00000000a43e0000, 0x00000000e0160000)
  object space 65408K, 17% used [0x00000000a0400000,0x00000000a0f78680,0x00000000a43e0000)
 PSPermGen       total 22400K, used 22358K [0x000000009b200000, 0x000000009c7e0000, 0x00000000a0400000)
  object space 22400K, 99% used [0x000000009b200000,0x000000009c7d5b10,0x000000009c7e0000)

Card table byte_map: [0x00000000055c0000,0x00000000058f0000] byte_map_base: 0x00000000050e7000

Polling page: 0x0000000000120000

Code Cache  [0x00000000025c0000, 0x0000000002830000, 0x00000000055c0000)
 total_blobs=948 nmethods=229 adapters=670 free_code_cache=47862Kb largest_free_block=48972416

Compilation events (10 events):
Event: 4.431 Thread 0x000000000c792800 nmethod 225 0x00000000026fe0d0 code [0x00000000026fe2a0, 0x00000000026fefd0]
Event: 4.431 Thread 0x000000000c792800  226   !         sun.reflect.UTF8::encode (189 bytes)
Event: 4.441 Thread 0x000000000c792800 nmethod 226 0x00000000026ffb10 code [0x00000000026ffc60, 0x0000000002700458]
Event: 4.441 Thread 0x000000000c792800  227             sun.reflect.UTF8::utf8Length (81 bytes)
Event: 4.444 Thread 0x000000000c792800 nmethod 227 0x0000000002661790 code [0x00000000026618c0, 0x0000000002661af8]
Event: 4.444 Thread 0x000000000c792800  228             com.sun.openpisces.Renderer$ScanlineIterator::next (352 bytes)
Event: 4.446 Thread 0x000000000c77d800 nmethod 224 0x00000000027065d0 code [0x00000000027069e0, 0x00000000027096e8]
Event: 4.446 Thread 0x000000000c77d800  229             com.sun.openpisces.Renderer::produceAlphas (589 bytes)
Event: 4.462 Thread 0x000000000c792800 nmethod 228 0x000000000265e6d0 code [0x000000000265e880, 0x000000000265f308]
Event: 4.467 Thread 0x000000000c77d800 nmethod 229 0x0000000002702810 code [0x00000000027029c0, 0x00000000027036d0]

GC Heap History (10 events):
Event: 3.952 GC heap before
{Heap before GC invocations=3 (full 0):
 PSYoungGen      total 28608K, used 28572K [0x00000000e0160000, 0x00000000e2140000, 0x0000000100000000)
  eden space 24576K, 99% used [0x00000000e0160000,0x00000000e19586a8,0x00000000e1960000)
  from space 4032K, 99% used [0x00000000e1d50000,0x00000000e213ecc0,0x00000000e2140000)
  to   space 4032K, 0% used [0x00000000e1960000,0x00000000e1960000,0x00000000e1d50000)
 ParOldGen       total 65408K, used 6362K [0x00000000a0400000, 0x00000000a43e0000, 0x00000000e0160000)
  object space 65408K, 9% used [0x00000000a0400000,0x00000000a0a36bc0,0x00000000a43e0000)
 PSPermGen       total 21248K, used 21028K [0x000000009b200000, 0x000000009c6c0000, 0x00000000a0400000)
  object space 21248K, 98% used [0x000000009b200000,0x000000009c6891c8,0x000000009c6c0000)
Event: 3.957 GC heap after
Heap after GC invocations=3 (full 0):
 PSYoungGen      total 28608K, used 4004K [0x00000000e0160000, 0x00000000e3940000, 0x0000000100000000)
  eden space 24576K, 0% used [0x00000000e0160000,0x00000000e0160000,0x00000000e1960000)
  from space 4032K, 99% used [0x00000000e1960000,0x00000000e1d492e0,0x00000000e1d50000)
  to   space 4032K, 0% used [0x00000000e3550000,0x00000000e3550000,0x00000000e3940000)
 ParOldGen       total 65408K, used 6418K [0x00000000a0400000, 0x00000000a43e0000, 0x00000000e0160000)
  object space 65408K, 9% used [0x00000000a0400000,0x00000000a0a44bc0,0x00000000a43e0000)
 PSPermGen       total 21248K, used 21028K [0x000000009b200000, 0x000000009c6c0000, 0x00000000a0400000)
  object space 21248K, 98% used [0x000000009b200000,0x000000009c6891c8,0x000000009c6c0000)
}
Event: 3.963 GC heap before
{Heap before GC invocations=4 (full 0):
 PSYoungGen      total 28608K, used 28571K [0x00000000e0160000, 0x00000000e3940000, 0x0000000100000000)
  eden space 24576K, 99% used [0x00000000e0160000,0x00000000e195db78,0x00000000e1960000)
  from space 4032K, 99% used [0x00000000e1960000,0x00000000e1d492e0,0x00000000e1d50000)
  to   space 4032K, 0% used [0x00000000e3550000,0x00000000e3550000,0x00000000e3940000)
 ParOldGen       total 65408K, used 6418K [0x00000000a0400000, 0x00000000a43e0000, 0x00000000e0160000)
  object space 65408K, 9% used [0x00000000a0400000,0x00000000a0a44bc0,0x00000000a43e0000)
 PSPermGen       total 21248K, used 21028K [0x000000009b200000, 0x000000009c6c0000, 0x00000000a0400000)
  object space 21248K, 98% used [0x000000009b200000,0x000000009c6891c8,0x000000009c6c0000)
Event: 3.968 GC heap after
Heap after GC invocations=4 (full 0):
 PSYoungGen      total 53184K, used 4010K [0x00000000e0160000, 0x00000000e3940000, 0x0000000100000000)
  eden space 49152K, 0% used [0x00000000e0160000,0x00000000e0160000,0x00000000e3160000)
  from space 4032K, 99% used [0x00000000e3550000,0x00000000e393aab0,0x00000000e3940000)
  to   space 4032K, 0% used [0x00000000e3160000,0x00000000e3160000,0x00000000e3550000)
 ParOldGen       total 65408K, used 9227K [0x00000000a0400000, 0x00000000a43e0000, 0x00000000e0160000)
  object space 65408K, 14% used [0x00000000a0400000,0x00000000a0d02da0,0x00000000a43e0000)
 PSPermGen       total 21248K, used 21028K [0x000000009b200000, 0x000000009c6c0000, 0x00000000a0400000)
  object space 21248K, 98% used [0x000000009b200000,0x000000009c6891c8,0x000000009c6c0000)
}
Event: 3.982 GC heap before
{Heap before GC invocations=5 (full 0):
 PSYoungGen      total 53184K, used 53130K [0x00000000e0160000, 0x00000000e3940000, 0x0000000100000000)
  eden space 49152K, 99% used [0x00000000e0160000,0x00000000e3157d78,0x00000000e3160000)
  from space 4032K, 99% used [0x00000000e3550000,0x00000000e393aab0,0x00000000e3940000)
  to   space 4032K, 0% used [0x00000000e3160000,0x00000000e3160000,0x00000000e3550000)
 ParOldGen       total 65408K, used 9227K [0x00000000a0400000, 0x00000000a43e0000, 0x00000000e0160000)
  object space 65408K, 14% used [0x00000000a0400000,0x00000000a0d02da0,0x00000000a43e0000)
 PSPermGen       total 21248K, used 21028K [0x000000009b200000, 0x000000009c6c0000, 0x00000000a0400000)
  object space 21248K, 98% used [0x000000009b200000,0x000000009c6891c8,0x000000009c6c0000)
Event: 3.988 GC heap after
Heap after GC invocations=5 (full 0):
 PSYoungGen      total 53184K, used 2655K [0x00000000e0160000, 0x00000000e7420000, 0x0000000100000000)
  eden space 49152K, 0% used [0x00000000e0160000,0x00000000e0160000,0x00000000e3160000)
  from space 4032K, 65% used [0x00000000e3160000,0x00000000e33f7c30,0x00000000e3550000)
  to   space 9600K, 0% used [0x00000000e6ac0000,0x00000000e6ac0000,0x00000000e7420000)
 ParOldGen       total 65408K, used 9227K [0x00000000a0400000, 0x00000000a43e0000, 0x00000000e0160000)
  object space 65408K, 14% used [0x00000000a0400000,0x00000000a0d02da0,0x00000000a43e0000)
 PSPermGen       total 21248K, used 21028K [0x000000009b200000, 0x000000009c6c0000, 0x00000000a0400000)
  object space 21248K, 98% used [0x000000009b200000,0x000000009c6891c8,0x000000009c6c0000)
}
Event: 3.999 GC heap before
{Heap before GC invocations=6 (full 0):
 PSYoungGen      total 53184K, used 51709K [0x00000000e0160000, 0x00000000e7420000, 0x0000000100000000)
  eden space 49152K, 99% used [0x00000000e0160000,0x00000000e3147868,0x00000000e3160000)
  from space 4032K, 65% used [0x00000000e3160000,0x00000000e33f7c30,0x00000000e3550000)
  to   space 9600K, 0% used [0x00000000e6ac0000,0x00000000e6ac0000,0x00000000e7420000)
 ParOldGen       total 65408K, used 9227K [0x00000000a0400000, 0x00000000a43e0000, 0x00000000e0160000)
  object space 65408K, 14% used [0x00000000a0400000,0x00000000a0d02da0,0x00000000a43e0000)
 PSPermGen       total 21248K, used 21028K [0x000000009b200000, 0x000000009c6c0000, 0x00000000a0400000)
  object space 21248K, 98% used [0x000000009b200000,0x000000009c6891c8,0x000000009c6c0000)
Event: 4.004 GC heap after
Heap after GC invocations=6 (full 0):
 PSYoungGen      total 107840K, used 2680K [0x00000000e0160000, 0x00000000e7440000, 0x0000000100000000)
  eden space 98240K, 0% used [0x00000000e0160000,0x00000000e0160000,0x00000000e6150000)
  from space 9600K, 27% used [0x00000000e6ac0000,0x00000000e6d5e290,0x00000000e7420000)
  to   space 9664K, 0% used [0x00000000e6150000,0x00000000e6150000,0x00000000e6ac0000)
 ParOldGen       total 65408K, used 9227K [0x00000000a0400000, 0x00000000a43e0000, 0x00000000e0160000)
  object space 65408K, 14% used [0x00000000a0400000,0x00000000a0d02da0,0x00000000a43e0000)
 PSPermGen       total 21248K, used 21028K [0x000000009b200000, 0x000000009c6c0000, 0x00000000a0400000)
  object space 21248K, 98% used [0x000000009b200000,0x000000009c6891c8,0x000000009c6c0000)
}
Event: 4.035 GC heap before
{Heap before GC invocations=7 (full 0):
 PSYoungGen      total 107840K, used 100754K [0x00000000e0160000, 0x00000000e7440000, 0x0000000100000000)
  eden space 98240K, 99% used [0x00000000e0160000,0x00000000e6126958,0x00000000e6150000)
  from space 9600K, 27% used [0x00000000e6ac0000,0x00000000e6d5e290,0x00000000e7420000)
  to   space 9664K, 0% used [0x00000000e6150000,0x00000000e6150000,0x00000000e6ac0000)
 ParOldGen       total 65408K, used 9227K [0x00000000a0400000, 0x00000000a43e0000, 0x00000000e0160000)
  object space 65408K, 14% used [0x00000000a0400000,0x00000000a0d02da0,0x00000000a43e0000)
 PSPermGen       total 21248K, used 21028K [0x000000009b200000, 0x000000009c6c0000, 0x00000000a0400000)
  object space 21248K, 98% used [0x000000009b200000,0x000000009c6891c8,0x000000009c6c0000)
Event: 4.040 GC heap after
Heap after GC invocations=7 (full 0):
 PSYoungGen      total 107904K, used 251K [0x00000000e0160000, 0x00000000ed500000, 0x0000000100000000)
  eden space 98240K, 0% used [0x00000000e0160000,0x00000000e0160000,0x00000000e6150000)
  from space 9664K, 2% used [0x00000000e6150000,0x00000000e618ee70,0x00000000e6ac0000)
  to   space 10112K, 0% used [0x00000000ecb20000,0x00000000ecb20000,0x00000000ed500000)
 ParOldGen       total 65408K, used 11745K [0x00000000a0400000, 0x00000000a43e0000, 0x00000000e0160000)
  object space 65408K, 17% used [0x00000000a0400000,0x00000000a0f78680,0x00000000a43e0000)
 PSPermGen       total 21248K, used 21028K [0x000000009b200000, 0x000000009c6c0000, 0x00000000a0400000)
  object space 21248K, 98% used [0x000000009b200000,0x000000009c6891c8,0x000000009c6c0000)
}

Deoptimization events (10 events):
Event: 4.258 Thread 0x000000000fddb800 Uncommon trap -122 fr.pc 0x00000000026e2de0
Event: 4.259 Thread 0x000000000fddb800 Uncommon trap -34 fr.pc 0x00000000026b9120
Event: 4.259 Thread 0x000000000fddb800 Uncommon trap -34 fr.pc 0x00000000026b9120
Event: 4.259 Thread 0x000000000fddb800 Uncommon trap -34 fr.pc 0x00000000026b9120
Event: 4.259 Thread 0x000000000fddb800 Uncommon trap -34 fr.pc 0x00000000026b9120
Event: 4.292 Thread 0x000000000c9ef000 Uncommon trap 49 fr.pc 0x000000000265313c
Event: 4.293 Thread 0x000000000fddb800 Uncommon trap -58 fr.pc 0x00000000026f94ac
Event: 4.351 Thread 0x000000000cad3000 Uncommon trap -58 fr.pc 0x00000000026f94ac
Event: 4.385 Thread 0x000000000fddd000 Uncommon trap -58 fr.pc 0x00000000026f94ac
Event: 4.385 Thread 0x000000000fddd000 Uncommon trap -58 fr.pc 0x00000000026f94ac

Internal exceptions (10 events):
Event: 4.436 Thread 0x000000000ca65800 Threw 0x00000000e136d578 at C:\jdk7u1_64p\jdk7u9\hotspot\src\share\vm\prims\jvm.cpp:1166
Event: 4.436 Thread 0x000000000ca65800 Threw 0x00000000e1370620 at C:\jdk7u1_64p\jdk7u9\hotspot\src\share\vm\prims\jvm.cpp:1166
Event: 4.437 Thread 0x000000000ca65800 Threw 0x00000000e13730b8 at C:\jdk7u1_64p\jdk7u9\hotspot\src\share\vm\prims\jvm.cpp:1166
Event: 4.438 Thread 0x000000000ca65800 Threw 0x00000000e13763b8 at C:\jdk7u1_64p\jdk7u9\hotspot\src\share\vm\prims\jvm.cpp:1166
Event: 4.439 Thread 0x000000000ca65800 Threw 0x00000000e1379ac0 at C:\jdk7u1_64p\jdk7u9\hotspot\src\share\vm\prims\jvm.cpp:1166
Event: 4.439 Thread 0x000000000ca65800 Threw 0x00000000e137e398 at C:\jdk7u1_64p\jdk7u9\hotspot\src\share\vm\prims\jvm.cpp:1166
Event: 4.440 Thread 0x000000000ca65800 Threw 0x00000000e1380f70 at C:\jdk7u1_64p\jdk7u9\hotspot\src\share\vm\prims\jvm.cpp:1166
Event: 4.441 Thread 0x000000000ca65800 Threw 0x00000000e138b350 at C:\jdk7u1_64p\jdk7u9\hotspot\src\share\vm\prims\jvm.cpp:1166
Event: 4.442 Thread 0x000000000ca65800 Threw 0x00000000e138e588 at C:\jdk7u1_64p\jdk7u9\hotspot\src\share\vm\prims\jvm.cpp:1166
Event: 4.476 Thread 0x000000000c9ef000 Threw 0x00000000e112d338 at C:\jdk7u1_64p\jdk7u9\hotspot\src\share\vm\prims\jni.cpp:1597

Events (10 events):
Event: 4.441 loading class 0x00000000148cfc90
Event: 4.441 loading class 0x00000000148cfc90 done
Event: 4.442 loading class 0x00000000148d0190
Event: 4.442 loading class 0x00000000148d0190 done
Event: 4.447 Executing VM operation: RevokeBias
Event: 4.447 Executing VM operation: RevokeBias done
Event: 4.448 Executing VM operation: RevokeBias
Event: 4.448 Executing VM operation: RevokeBias done
Event: 4.466 Executing VM operation: RevokeBias
Event: 4.466 Executing VM operation: RevokeBias done


Dynamic libraries:
0x000000013f8c0000 - 0x000000013f8f4000 	C:\Program Files\Java\jre7\bin\javaw.exe
0x00000000770d0000 - 0x0000000077279000 	C:\Windows\SYSTEM32\ntdll.dll
0x0000000076da0000 - 0x0000000076ebf000 	C:\Windows\system32\kernel32.dll
0x000007fefc9d0000 - 0x000007fefca3b000 	C:\Windows\system32\KERNELBASE.dll
0x000007fefccc0000 - 0x000007fefcd9b000 	C:\Windows\system32\ADVAPI32.dll
0x000007fefe5a0000 - 0x000007fefe63f000 	C:\Windows\system32\msvcrt.dll
0x000007fefcda0000 - 0x000007fefcdbf000 	C:\Windows\SYSTEM32\sechost.dll
0x000007fefe640000 - 0x000007fefe76d000 	C:\Windows\system32\RPCRT4.dll
0x00000000769f0000 - 0x0000000076aea000 	C:\Windows\system32\USER32.dll
0x000007fefd380000 - 0x000007fefd3e7000 	C:\Windows\system32\GDI32.dll
0x000007fefcc90000 - 0x000007fefcc9e000 	C:\Windows\system32\LPK.dll
0x000007fefcdc0000 - 0x000007fefce89000 	C:\Windows\system32\USP10.dll
0x000007fefaf50000 - 0x000007fefb144000 	C:\Windows\WinSxS\amd64_microsoft.windows.common-controls_6595b64144ccf1df_6.0.7601.17514_none_fa396087175ac9ac\COMCTL32.dll
0x000007fefe4c0000 - 0x000007fefe531000 	C:\Windows\system32\SHLWAPI.dll
0x000007fefe490000 - 0x000007fefe4be000 	C:\Windows\system32\IMM32.DLL
0x000007fefd150000 - 0x000007fefd259000 	C:\Windows\system32\MSCTF.dll
0x000000005cb30000 - 0x000000005cc01000 	C:\Program Files\Java\jre7\bin\msvcr100.dll
0x000000005bcf0000 - 0x000000005c40f000 	C:\Program Files\Java\jre7\bin\server\jvm.dll
0x000007feed640000 - 0x000007feed649000 	C:\Windows\system32\WSOCK32.dll
0x000007fefd600000 - 0x000007fefd64d000 	C:\Windows\system32\WS2_32.dll
0x000007fefe3e0000 - 0x000007fefe3e8000 	C:\Windows\system32\NSI.dll
0x000007fefa500000 - 0x000007fefa53b000 	C:\Windows\system32\WINMM.dll
0x0000000077290000 - 0x0000000077297000 	C:\Windows\system32\PSAPI.DLL
0x0000000063480000 - 0x000000006348f000 	C:\Program Files\Java\jre7\bin\verify.dll
0x000000005dcc0000 - 0x000000005dce8000 	C:\Program Files\Java\jre7\bin\java.dll
0x000000005e240000 - 0x000000005e255000 	C:\Program Files\Java\jre7\bin\zip.dll
0x0000000056290000 - 0x0000000056423000 	C:\Program Files\Java\jre7\bin\awt.dll
0x000007fefce90000 - 0x000007fefcf67000 	C:\Windows\system32\OLEAUT32.dll
0x000007fefd3f0000 - 0x000007fefd5f3000 	C:\Windows\system32\ole32.dll
0x000007fefaaa0000 - 0x000007fefaab8000 	C:\Windows\system32\DWMAPI.DLL
0x000007fefae80000 - 0x000007fefaed6000 	C:\Windows\system32\uxtheme.dll
0x000007fefc7f0000 - 0x000007fefc7ff000 	C:\Windows\system32\CRYPTBASE.dll
0x000007fee5d00000 - 0x000007fee5eff000 	C:\Windows\system32\d3d9.dll
0x000007fefb9b0000 - 0x000007fefb9bc000 	C:\Windows\system32\VERSION.dll
0x000007fef8b50000 - 0x000007fef8b57000 	C:\Windows\system32\d3d8thk.dll
0x000007fee3570000 - 0x000007fee4659000 	C:\Windows\system32\nvd3dumx.dll
0x000007fefb700000 - 0x000007fefb72c000 	C:\Windows\system32\powrprof.dll
0x000007fefcf70000 - 0x000007fefd147000 	C:\Windows\system32\SETUPAPI.dll
0x000007fefcbb0000 - 0x000007fefcbe6000 	C:\Windows\system32\CFGMGR32.dll
0x000007fefc970000 - 0x000007fefc98a000 	C:\Windows\system32\DEVOBJ.dll
0x000007fefd650000 - 0x000007fefe3d8000 	C:\Windows\system32\SHELL32.dll
0x000000005d060000 - 0x000000005d06f000 	C:\Program Files\Java\jre7\bin\prism-d3d.dll
0x0000000057fc0000 - 0x0000000057ff2000 	C:\Program Files\Java\jre7\bin\glass.dll
0x000007fefd2e0000 - 0x000007fefd377000 	C:\Windows\system32\COMDLG32.dll
0x0000000057c00000 - 0x0000000057c34000 	C:\Program Files\Java\jre7\bin\fontmanager.dll
0x000000005e150000 - 0x000000005e169000 	C:\Program Files\Java\jre7\bin\net.dll
0x000007fefc130000 - 0x000007fefc185000 	C:\Windows\system32\mswsock.dll
0x000007fefc120000 - 0x000007fefc127000 	C:\Windows\System32\wship6.dll
0x000000005e130000 - 0x000000005e141000 	C:\Program Files\Java\jre7\bin\nio.dll
0x0000000057b10000 - 0x0000000057b51000 	C:\Program Files\Java\jre7\bin\t2k.dll
0x000007fefe3f0000 - 0x000007fefe489000 	C:\Windows\system32\CLBCatQ.DLL
0x000007fefa8f0000 - 0x000007fefaa51000 	C:\Windows\system32\WindowsCodecs.dll
0x000007fefc790000 - 0x000007fefc7e7000 	C:\Windows\system32\apphelp.dll
0x000007fef3be0000 - 0x000007fef3c0a000 	C:\Users\Yolan\AppData\Roaming\Dropbox\bin\DropboxExt64.17.dll
0x000007fefb440000 - 0x000007fefb565000 	C:\Windows\system32\dbghelp.dll
0x00000000727a0000 - 0x0000000072873000 	C:\Windows\WinSxS\amd64_microsoft.vc90.crt_1fc8b3b9a1e18e3b_9.0.30729.6161_none_08e61857a83bc251\MSVCP90.dll
0x00000000726f0000 - 0x0000000072793000 	C:\Windows\WinSxS\amd64_microsoft.vc90.crt_1fc8b3b9a1e18e3b_9.0.30729.6161_none_08e61857a83bc251\MSVCR90.dll
0x000007fef4140000 - 0x000007fef4175000 	C:\Windows\system32\EhStorShell.dll
0x000007fefb580000 - 0x000007fefb6ac000 	C:\Windows\system32\PROPSYS.dll
0x000007fef2160000 - 0x000007fef27d2000 	C:\PROGRA~1\MIF5BA~1\Office14\GROOVEEX.DLL
0x0000000072880000 - 0x00000000728af000 	C:\Windows\WinSxS\amd64_microsoft.vc90.atl_1fc8b3b9a1e18e3b_9.0.30729.6161_none_0a1fd3a3a768b895\ATL90.DLL
0x000007fef2a50000 - 0x000007fef2e5f000 	C:\PROGRA~1\COMMON~1\MICROS~1\OFFICE14\Cultures\office.odf
0x000007fef18f0000 - 0x000007fef2154000 	C:\PROGRA~1\MIF5BA~1\Office14\1033\GrooveIntlResource.dll
0x000007fef40c0000 - 0x000007fef4140000 	C:\Windows\system32\ntshrui.dll
0x000007fefc510000 - 0x000007fefc533000 	C:\Windows\system32\srvcli.dll
0x000007fef4090000 - 0x000007fef409f000 	C:\Windows\system32\cscapi.dll
0x000007fefa5a0000 - 0x000007fefa5ab000 	C:\Windows\system32\slc.dll
0x0000000057a70000 - 0x0000000057b02000 	C:\Program Files\Java\jre7\bin\libxml2.dll
0x0000000057bc0000 - 0x0000000057bf3000 	C:\Program Files\Java\jre7\bin\libxslt.dll
0x00000000517f0000 - 0x0000000052627000 	C:\Program Files\Java\jre7\bin\jfxwebkit.dll
0x0000000057a20000 - 0x0000000057a6f000 	C:\Program Files\Java\jre7\bin\javafx-font.dll
0x000000005ca30000 - 0x000000005ca54000 	C:\Program Files\Java\jre7\bin\sunec.dll
0x000000005c6c0000 - 0x000000005c6cb000 	C:\Program Files\Java\jre7\bin\sunmscapi.dll
0x000007fefca40000 - 0x000007fefcbaa000 	C:\Windows\system32\CRYPT32.dll
0x000007fefc960000 - 0x000007fefc96f000 	C:\Windows\system32\MSASN1.dll
0x000007fefc190000 - 0x000007fefc1a7000 	C:\Windows\system32\CRYPTSP.dll
0x000007fefbe90000 - 0x000007fefbed7000 	C:\Windows\system32\rsaenh.dll
0x000007fefbbb0000 - 0x000007fefbbce000 	C:\Windows\system32\USERENV.dll
0x000007fefc8c0000 - 0x000007fefc8cf000 	C:\Windows\system32\profapi.dll
0x000007fefa6a0000 - 0x000007fefa6b5000 	C:\Windows\system32\NLAapi.dll
0x000007fef3ff0000 - 0x000007fef4005000 	C:\Windows\system32\napinsp.dll
0x000007fef3fd0000 - 0x000007fef3fe9000 	C:\Windows\system32\pnrpnsp.dll
0x000007fefbfb0000 - 0x000007fefc00b000 	C:\Windows\system32\DNSAPI.dll
0x000007fef3fc0000 - 0x000007fef3fcb000 	C:\Windows\System32\winrnr.dll
0x000007fef3fb0000 - 0x000007fef3fc0000 	C:\Windows\system32\wshbth.dll
0x000007fef5fc0000 - 0x000007fef5fef000 	C:\Program Files\Common Files\Microsoft Shared\Windows Live\WLIDNSP.DLL
0x000007fefba80000 - 0x000007fefba87000 	C:\Windows\System32\wshtcpip.dll
0x000007fefa180000 - 0x000007fefa1a7000 	C:\Windows\system32\IPHLPAPI.DLL
0x000007fefa170000 - 0x000007fefa17b000 	C:\Windows\system32\WINNSI.DLL
0x000007fef3fa0000 - 0x000007fef3fa8000 	C:\Windows\system32\rasadhlp.dll
0x000007fef9a30000 - 0x000007fef9a83000 	C:\Windows\System32\fwpuclnt.dll

VM Arguments:
jvm_args: -Dfile.encoding=Cp1252 
java_command: be.artesis.timelog.gui.Main
Launcher Type: SUN_STANDARD

Environment Variables:
CLASSPATH=C:\Program Files (x86)\Belgium Identity Card
PATH=C:\Program Files\Common Files\Microsoft Shared\Windows Live;C:\Program Files (x86)\Common Files\Microsoft Shared\Windows Live;C:\Program Files (x86)\NVIDIA Corporation\PhysX\Common;C:\Windows\system32;C:\Windows;C:\Windows\System32\Wbem;C:\Windows\System32\WindowsPowerShell\v1.0\;C:\Program Files (x86)\Sony\VAIO Startup Setting Tool;C:\Program Files (x86)\Windows Live\Shared;C:\Program Files (x86)\Microsoft SQL Server\100\Tools\Binn\;C:\Program Files\Microsoft SQL Server\100\Tools\Binn\;C:\Program Files\Microsoft SQL Server\100\DTS\Binn\;C:\Program Files (x86)\Microsoft SQL Server\100\Tools\Binn\VSShell\Common7\IDE\;C:\Program Files (x86)\Microsoft Visual Studio 9.0\Common7\IDE\PrivateAssemblies\;C:\Program Files (x86)\Microsoft SQL Server\100\DTS\Binn\;C:\Program Files (x86)\Belgium Identity Card;C:\Program Files\SourceGear\Common\DiffMerge\
USERNAME=Yolan
OS=Windows_NT
PROCESSOR_IDENTIFIER=Intel64 Family 6 Model 42 Stepping 7, GenuineIntel



---------------  S Y S T E M  ---------------

OS: Windows 7 , 64 bit Build 7601 Service Pack 1

CPU:total 8 (4 cores per cpu, 2 threads per core) family 6 model 42 stepping 7, cmov, cx8, fxsr, mmx, sse, sse2, sse3, ssse3, sse4.1, sse4.2, popcnt, avx, ht, tsc, tscinvbit

Memory: 4k page, physical 6272224k(2570116k free), swap 12542592k(7001536k free)

vm_info: Java HotSpot(TM) 64-Bit Server VM (23.5-b02) for windows-amd64 JRE (1.7.0_09-b05), built on Sep 24 2012 21:45:04 by "java_re" with unknown MS VC++:1600

time: Tue Mar 19 10:16:50 2013
elapsed time: 4 seconds

