#
# A fatal error has been detected by the Java Runtime Environment:
#
#  EXCEPTION_ACCESS_VIOLATION (0xc0000005) at pc=0x0000000062ec8e34, pid=948, tid=5092
#
# JRE version: 7.0_10-b09
# Java VM: Java HotSpot(TM) 64-Bit Server VM (23.6-b03 mixed mode windows-amd64 compressed oops)
# Problematic frame:
# V  [jvm.dll+0x108e34]
#
# Failed to write core dump. Minidumps are not enabled by default on client versions of Windows
#
# If you would like to submit a bug report, please visit:
#   http://bugreport.sun.com/bugreport/crash.jsp
#

---------------  T H R E A D  ---------------

Current thread (0x000000000d497800):  JavaThread "JavaFX Application Thread" [_thread_in_vm, id=5092, stack(0x0000000011770000,0x0000000011870000)]

siginfo: ExceptionCode=0xc0000005, reading address 0x0000000000000000

Registers:
RAX=0x0000000000000000, RBX=0x000000000d497800, RCX=0x000000000d497800, RDX=0x00000000109d5428
RSP=0x000000001186e290, RBP=0x000000001186e388, RSI=0x0000000000000000, RDI=0x000000000d4979d8
R8 =0x0000000000000000, R9 =0x000000001186e388, R10=0x0000000000000000, R11=0x0000000000000200
R12=0x00000000109d5428, R13=0x0000000084146c28, R14=0x000000001186e6f0, R15=0x000000000d497800
RIP=0x0000000062ec8e34, EFLAGS=0x0000000000010246

Top of Stack: (sp=0x000000001186e290)
0x000000001186e290:   000000000d497800 0000000000000000
0x000000001186e2a0:   0000000000000000 000000005fb5fc0c
0x000000001186e2b0:   000000000d497800 0000000000000000
0x000000001186e2c0:   000000005fb5fc00 0000000010a49030
0x000000001186e2d0:   0000000002566ab5 000000005f18ecb8
0x000000001186e2e0:   000000000d497800 000000000d11c330
0x000000001186e2f0:   000000000000063d 00000000632d7630
0x000000001186e300:   000000000d1a4ef0 0000000062ebc8ed
0x000000001186e310:   000000001186e540 000000008b59f158
0x000000001186e320:   000000000d497800 000000000d497800
0x000000001186e330:   0000000000000000 000000005f18ebcc
0x000000001186e340:   0000000015a3f980 000000000d1a4ef0
0x000000001186e350:   000000000d4979d8 0000000015948f70
0x000000001186e360:   0000000015948f70 000000005f5020f4
0x000000001186e370:   0000000015a3f980 000000000d4979d8
0x000000001186e380:   0000000000000000 0000000015948f70 

Instructions: (pc=0x0000000062ec8e34)
0x0000000062ec8e14:   00 48 83 7b 08 00 48 89 5c 24 50 48 c7 44 24 58
0x0000000062ec8e24:   00 00 00 00 74 0a 48 8d 4c 24 50 e8 ec 82 0f 00
0x0000000062ec8e34:   48 8b 0e c7 44 24 40 0e 00 00 00 48 8b 41 10 48
0x0000000062ec8e44:   8b 49 18 0f b7 50 42 e8 80 31 f0 ff 48 8d 4c 24 


Register to memory mapping:

RAX=0x0000000000000000 is an unknown value
RBX=0x000000000d497800 is a thread
RCX=0x000000000d497800 is a thread
RDX=0x00000000109d5428 is a global jni handle
RSP=0x000000001186e290 is pointing into the stack for thread: 0x000000000d497800
RBP=0x000000001186e388 is pointing into the stack for thread: 0x000000000d497800
RSI=0x0000000000000000 is an unknown value
RDI=0x000000000d4979d8 is an unknown value
R8 =0x0000000000000000 is an unknown value
R9 =0x000000001186e388 is pointing into the stack for thread: 0x000000000d497800
R10=0x0000000000000000 is an unknown value
R11=0x0000000000000200 is an unknown value
R12=0x00000000109d5428 is a global jni handle
R13=0x0000000084146c28 is an oop
{method} 
 - klass: {other class}
R14=0x000000001186e6f0 is pointing into the stack for thread: 0x000000000d497800
R15=0x000000000d497800 is a thread


Stack: [0x0000000011770000,0x0000000011870000],  sp=0x000000001186e290,  free space=1016k
Native frames: (J=compiled Java code, j=interpreted, Vv=VM code, C=native code)
V  [jvm.dll+0x108e34]

Java frames: (J=compiled Java code, j=interpreted, Vv=VM code)
j  com.sun.webpane.webkit.network.URLLoader.twkDidReceiveData(Ljava/nio/ByteBuffer;IIJ)V+0
j  com.sun.webpane.webkit.network.URLLoader.access$1200(Ljava/nio/ByteBuffer;IIJ)V+4
j  com.sun.webpane.webkit.network.URLLoader$5.run()V+35
v  ~StubRoutines::call_stub
j  com.sun.glass.ui.win.WinApplication._runLoop([Ljava/lang/String;Lcom/sun/glass/ui/Launchable;)V+0
j  com.sun.glass.ui.win.WinApplication.access$100(Lcom/sun/glass/ui/win/WinApplication;[Ljava/lang/String;Lcom/sun/glass/ui/Launchable;)V+3
j  com.sun.glass.ui.win.WinApplication$3$1.run()V+32
j  java.lang.Thread.run()V+11
v  ~StubRoutines::call_stub

---------------  P R O C E S S  ---------------

Java Threads: ( => current thread )
  0x00000000156d5000 JavaThread "URL-Loader-11" daemon [_thread_blocked, id=6320, stack(0x0000000017aa0000,0x0000000017ba0000)]
  0x00000000156d4800 JavaThread "URL-Loader-10" daemon [_thread_blocked, id=7092, stack(0x0000000013960000,0x0000000013a60000)]
  0x00000000156d3800 JavaThread "URL-Loader-9" daemon [_thread_blocked, id=5328, stack(0x00000000178b0000,0x00000000179b0000)]
  0x00000000156d3000 JavaThread "URL-Loader-8" daemon [_thread_blocked, id=6328, stack(0x0000000010670000,0x0000000010770000)]
  0x00000000156d2000 JavaThread "URL-Loader-7" daemon [_thread_blocked, id=6288, stack(0x0000000010340000,0x0000000010440000)]
  0x0000000010a3f800 JavaThread "Prism Font Disposer" daemon [_thread_blocked, id=5892, stack(0x0000000010490000,0x0000000010590000)]
  0x0000000010a3e800 JavaThread "URL-Loader-6" daemon [_thread_blocked, id=6904, stack(0x0000000013b70000,0x0000000013c70000)]
  0x0000000010a3e000 JavaThread "URL-Loader-5" daemon [_thread_blocked, id=832, stack(0x00000000177a0000,0x00000000178a0000)]
  0x0000000010a3d000 JavaThread "URL-Loader-4" daemon [_thread_blocked, id=5956, stack(0x0000000017670000,0x0000000017770000)]
  0x0000000010a3c800 JavaThread "URL-Loader-3" daemon [_thread_blocked, id=6716, stack(0x00000000170f0000,0x00000000171f0000)]
  0x0000000010a3b800 JavaThread "URL-Loader-2" daemon [_thread_blocked, id=6784, stack(0x0000000017410000,0x0000000017510000)]
  0x0000000010a3b000 JavaThread "Keep-Alive-Timer" daemon [_thread_blocked, id=6628, stack(0x0000000017220000,0x0000000017320000)]
  0x0000000010a3a000 JavaThread "URL-Loader-1" daemon [_thread_blocked, id=2656, stack(0x0000000015320000,0x0000000015420000)]
  0x0000000010a39800 JavaThread "Disposer" daemon [_thread_blocked, id=6484, stack(0x0000000014b40000,0x0000000014c40000)]
  0x00000000109d1800 JavaThread "D3D Screen Updater" daemon [_thread_blocked, id=5268, stack(0x00000000140a0000,0x00000000141a0000)]
  0x000000000d3a7000 JavaThread "Thread-2" daemon [_thread_in_native, id=6776, stack(0x0000000011a90000,0x0000000011b90000)]
  0x000000000d44c800 JavaThread "AWT-EventQueue-0" [_thread_blocked, id=6500, stack(0x0000000011c90000,0x0000000011d90000)]
=>0x000000000d497800 JavaThread "JavaFX Application Thread" [_thread_in_vm, id=5092, stack(0x0000000011770000,0x0000000011870000)]
  0x000000000d49a000 JavaThread "Disposer" daemon [_thread_blocked, id=6452, stack(0x0000000011630000,0x0000000011730000)]
  0x000000000d25f000 JavaThread "QuantumRenderer-0" daemon [_thread_blocked, id=6756, stack(0x00000000112f0000,0x00000000113f0000)]
  0x000000000d19b000 JavaThread "AWT-Windows" daemon [_thread_in_native, id=6752, stack(0x000000000d800000,0x000000000d900000)]
  0x000000000d19a000 JavaThread "AWT-Shutdown" [_thread_blocked, id=6640, stack(0x000000000d4f0000,0x000000000d5f0000)]
  0x000000000d199800 JavaThread "Java2D Disposer" daemon [_thread_blocked, id=3852, stack(0x000000000d640000,0x000000000d740000)]
  0x000000000b448000 JavaThread "Service Thread" daemon [_thread_blocked, id=6580, stack(0x000000000cfa0000,0x000000000d0a0000)]
  0x000000000b43e800 JavaThread "C2 CompilerThread1" daemon [_thread_blocked, id=6240, stack(0x000000000cda0000,0x000000000cea0000)]
  0x000000000b439800 JavaThread "C2 CompilerThread0" daemon [_thread_blocked, id=5116, stack(0x000000000cc00000,0x000000000cd00000)]
  0x000000000b438800 JavaThread "Attach Listener" daemon [_thread_blocked, id=2808, stack(0x000000000cac0000,0x000000000cbc0000)]
  0x000000000b431800 JavaThread "Signal Dispatcher" daemon [_thread_blocked, id=6548, stack(0x000000000c960000,0x000000000ca60000)]
  0x0000000002409800 JavaThread "Finalizer" daemon [_thread_blocked, id=7040, stack(0x000000000c560000,0x000000000c660000)]
  0x0000000002402800 JavaThread "Reference Handler" daemon [_thread_blocked, id=792, stack(0x000000000c680000,0x000000000c780000)]
  0x000000000230c800 JavaThread "main" [_thread_blocked, id=6176, stack(0x00000000026b0000,0x00000000027b0000)]

Other Threads:
  0x000000000b3b2800 VMThread [stack: 0x000000000c3c0000,0x000000000c4c0000] [id=5496]
  0x000000000b453000 WatcherThread [stack: 0x000000000c790000,0x000000000c890000] [id=6676]

VM state:not at safepoint (normal execution)

VM Mutex/Monitor currently owned by a thread: None

Heap
 PSYoungGen      total 131584K, used 82738K [0x00000000d8160000, 0x00000000e0ae0000, 0x0000000100000000)
  eden space 122880K, 63% used [0x00000000d8160000,0x00000000dcd22aa8,0x00000000df960000)
  from space 8704K, 59% used [0x00000000e0260000,0x00000000e0769eb8,0x00000000e0ae0000)
  to   space 8960K, 0% used [0x00000000df960000,0x00000000df960000,0x00000000e0220000)
 ParOldGen       total 81728K, used 5562K [0x0000000088400000, 0x000000008d3d0000, 0x00000000d8160000)
  object space 81728K, 6% used [0x0000000088400000,0x000000008896ea80,0x000000008d3d0000)
 PSPermGen       total 22976K, used 22917K [0x0000000083200000, 0x0000000084870000, 0x0000000088400000)
  object space 22976K, 99% used [0x0000000083200000,0x0000000084861590,0x0000000084870000)

Card table byte_map: [0x00000000057b0000,0x0000000005ba0000] byte_map_base: 0x0000000005397000

Polling page: 0x0000000000460000

Code Cache  [0x00000000027b0000, 0x0000000002a20000, 0x00000000057b0000)
 total_blobs=965 nmethods=245 adapters=671 free_code_cache=47864Kb largest_free_block=48924416

Compilation events (10 events):
Event: 8.195 Thread 0x000000000b43e800 nmethod 259 0x0000000002883f10 code [0x0000000002884040, 0x0000000002884098]
Event: 8.199 Thread 0x000000000b439800 nmethod 258 0x0000000002899e90 code [0x0000000002899fc0, 0x000000000289a1f8]
Event: 8.206 Thread 0x000000000b43e800  260             com.sun.openpisces.Renderer$ScanlineIterator::next (352 bytes)
Event: 8.216 Thread 0x000000000b439800  261             java.util.Arrays::fill (28 bytes)
Event: 8.220 Thread 0x000000000b439800 nmethod 261 0x00000000028b1710 code [0x00000000028b1860, 0x00000000028b1968]
Event: 8.220 Thread 0x000000000b439800  262             com.sun.openpisces.Renderer::produceAlphas (589 bytes)
Event: 8.236 Thread 0x000000000b43e800 nmethod 260 0x00000000028b1e50 code [0x00000000028b2000, 0x00000000028b2ac8]
Event: 8.252 Thread 0x000000000b439800 nmethod 262 0x000000000286d3d0 code [0x000000000286d580, 0x000000000286e2f0]
Event: 8.269 Thread 0x000000000b43e800  263             java.awt.AWTEvent::getID (5 bytes)
Event: 8.269 Thread 0x000000000b43e800 nmethod 263 0x00000000028b1c50 code [0x00000000028b1d80, 0x00000000028b1dd8]

GC Heap History (10 events):
Event: 6.527 GC heap before
{Heap before GC invocations=2 (full 0):
 PSYoungGen      total 35776K, used 35730K [0x00000000d8160000, 0x00000000da940000, 0x0000000100000000)
  eden space 30720K, 99% used [0x00000000d8160000,0x00000000d9f567d0,0x00000000d9f60000)
  from space 5056K, 99% used [0x00000000d9f60000,0x00000000da44e100,0x00000000da450000)
  to   space 5056K, 0% used [0x00000000da450000,0x00000000da450000,0x00000000da940000)
 ParOldGen       total 81728K, used 1869K [0x0000000088400000, 0x000000008d3d0000, 0x00000000d8160000)
  object space 81728K, 2% used [0x0000000088400000,0x00000000885d3560,0x000000008d3d0000)
 PSPermGen       total 21248K, used 21123K [0x0000000083200000, 0x00000000846c0000, 0x0000000088400000)
  object space 21248K, 99% used [0x0000000083200000,0x00000000846a0d40,0x00000000846c0000)
Event: 6.547 GC heap after
Heap after GC invocations=2 (full 0):
 PSYoungGen      total 35776K, used 5041K [0x00000000d8160000, 0x00000000da940000, 0x0000000100000000)
  eden space 30720K, 0% used [0x00000000d8160000,0x00000000d8160000,0x00000000d9f60000)
  from space 5056K, 99% used [0x00000000da450000,0x00000000da93c610,0x00000000da940000)
  to   space 5056K, 0% used [0x00000000d9f60000,0x00000000d9f60000,0x00000000da450000)
 ParOldGen       total 81728K, used 5434K [0x0000000088400000, 0x000000008d3d0000, 0x00000000d8160000)
  object space 81728K, 6% used [0x0000000088400000,0x000000008894ea80,0x000000008d3d0000)
 PSPermGen       total 21248K, used 21123K [0x0000000083200000, 0x00000000846c0000, 0x0000000088400000)
  object space 21248K, 99% used [0x0000000083200000,0x00000000846a0d40,0x00000000846c0000)
}
Event: 6.570 GC heap before
{Heap before GC invocations=3 (full 0):
 PSYoungGen      total 35776K, used 35754K [0x00000000d8160000, 0x00000000da940000, 0x0000000100000000)
  eden space 30720K, 99% used [0x00000000d8160000,0x00000000d9f5e450,0x00000000d9f60000)
  from space 5056K, 99% used [0x00000000da450000,0x00000000da93c610,0x00000000da940000)
  to   space 5056K, 0% used [0x00000000d9f60000,0x00000000d9f60000,0x00000000da450000)
 ParOldGen       total 81728K, used 5434K [0x0000000088400000, 0x000000008d3d0000, 0x00000000d8160000)
  object space 81728K, 6% used [0x0000000088400000,0x000000008894ea80,0x000000008d3d0000)
 PSPermGen       total 21248K, used 21123K [0x0000000083200000, 0x00000000846c0000, 0x0000000088400000)
  object space 21248K, 99% used [0x0000000083200000,0x00000000846a0de8,0x00000000846c0000)
Event: 6.581 GC heap after
Heap after GC invocations=3 (full 0):
 PSYoungGen      total 35776K, used 5041K [0x00000000d8160000, 0x00000000dc740000, 0x0000000100000000)
  eden space 30720K, 0% used [0x00000000d8160000,0x00000000d8160000,0x00000000d9f60000)
  from space 5056K, 99% used [0x00000000d9f60000,0x00000000da44c6c0,0x00000000da450000)
  to   space 5056K, 0% used [0x00000000dc250000,0x00000000dc250000,0x00000000dc740000)
 ParOldGen       total 81728K, used 5506K [0x0000000088400000, 0x000000008d3d0000, 0x00000000d8160000)
  object space 81728K, 6% used [0x0000000088400000,0x0000000088960a80,0x000000008d3d0000)
 PSPermGen       total 21248K, used 21123K [0x0000000083200000, 0x00000000846c0000, 0x0000000088400000)
  object space 21248K, 99% used [0x0000000083200000,0x00000000846a0de8,0x00000000846c0000)
}
Event: 6.601 GC heap before
{Heap before GC invocations=4 (full 0):
 PSYoungGen      total 35776K, used 35734K [0x00000000d8160000, 0x00000000dc740000, 0x0000000100000000)
  eden space 30720K, 99% used [0x00000000d8160000,0x00000000d9f59228,0x00000000d9f60000)
  from space 5056K, 99% used [0x00000000d9f60000,0x00000000da44c6c0,0x00000000da450000)
  to   space 5056K, 0% used [0x00000000dc250000,0x00000000dc250000,0x00000000dc740000)
 ParOldGen       total 81728K, used 5506K [0x0000000088400000, 0x000000008d3d0000, 0x00000000d8160000)
  object space 81728K, 6% used [0x0000000088400000,0x0000000088960a80,0x000000008d3d0000)
 PSPermGen       total 21248K, used 21123K [0x0000000083200000, 0x00000000846c0000, 0x0000000088400000)
  object space 21248K, 99% used [0x0000000083200000,0x00000000846a0de8,0x00000000846c0000)
Event: 6.612 GC heap after
Heap after GC invocations=4 (full 0):
 PSYoungGen      total 66496K, used 5048K [0x00000000d8160000, 0x00000000dc740000, 0x0000000100000000)
  eden space 61440K, 0% used [0x00000000d8160000,0x00000000d8160000,0x00000000dbd60000)
  from space 5056K, 99% used [0x00000000dc250000,0x00000000dc73e280,0x00000000dc740000)
  to   space 5056K, 0% used [0x00000000dbd60000,0x00000000dbd60000,0x00000000dc250000)
 ParOldGen       total 81728K, used 5530K [0x0000000088400000, 0x000000008d3d0000, 0x00000000d8160000)
  object space 81728K, 6% used [0x0000000088400000,0x0000000088966a80,0x000000008d3d0000)
 PSPermGen       total 21248K, used 21123K [0x0000000083200000, 0x00000000846c0000, 0x0000000088400000)
  object space 21248K, 99% used [0x0000000083200000,0x00000000846a0de8,0x00000000846c0000)
}
Event: 6.658 GC heap before
{Heap before GC invocations=5 (full 0):
 PSYoungGen      total 66496K, used 66383K [0x00000000d8160000, 0x00000000dc740000, 0x0000000100000000)
  eden space 61440K, 99% used [0x00000000d8160000,0x00000000dbd45ba8,0x00000000dbd60000)
  from space 5056K, 99% used [0x00000000dc250000,0x00000000dc73e280,0x00000000dc740000)
  to   space 5056K, 0% used [0x00000000dbd60000,0x00000000dbd60000,0x00000000dc250000)
 ParOldGen       total 81728K, used 5530K [0x0000000088400000, 0x000000008d3d0000, 0x00000000d8160000)
  object space 81728K, 6% used [0x0000000088400000,0x0000000088966a80,0x000000008d3d0000)
 PSPermGen       total 21248K, used 21123K [0x0000000083200000, 0x00000000846c0000, 0x0000000088400000)
  object space 21248K, 99% used [0x0000000083200000,0x00000000846a0f98,0x00000000846c0000)
Event: 6.670 GC heap after
Heap after GC invocations=5 (full 0):
 PSYoungGen      total 66496K, used 5035K [0x00000000d8160000, 0x00000000e0b60000, 0x0000000100000000)
  eden space 61440K, 0% used [0x00000000d8160000,0x00000000d8160000,0x00000000dbd60000)
  from space 5056K, 99% used [0x00000000dbd60000,0x00000000dc24ae58,0x00000000dc250000)
  to   space 9216K, 0% used [0x00000000e0260000,0x00000000e0260000,0x00000000e0b60000)
 ParOldGen       total 81728K, used 5562K [0x0000000088400000, 0x000000008d3d0000, 0x00000000d8160000)
  object space 81728K, 6% used [0x0000000088400000,0x000000008896ea80,0x000000008d3d0000)
 PSPermGen       total 21248K, used 21123K [0x0000000083200000, 0x00000000846c0000, 0x0000000088400000)
  object space 21248K, 99% used [0x0000000083200000,0x00000000846a0f98,0x00000000846c0000)
}
Event: 6.707 GC heap before
{Heap before GC invocations=6 (full 0):
 PSYoungGen      total 66496K, used 66460K [0x00000000d8160000, 0x00000000e0b60000, 0x0000000100000000)
  eden space 61440K, 99% used [0x00000000d8160000,0x00000000dbd5c528,0x00000000dbd60000)
  from space 5056K, 99% used [0x00000000dbd60000,0x00000000dc24ae58,0x00000000dc250000)
  to   space 9216K, 0% used [0x00000000e0260000,0x00000000e0260000,0x00000000e0b60000)
 ParOldGen       total 81728K, used 5562K [0x0000000088400000, 0x000000008d3d0000, 0x00000000d8160000)
  object space 81728K, 6% used [0x0000000088400000,0x000000008896ea80,0x000000008d3d0000)
 PSPermGen       total 21248K, used 21123K [0x0000000083200000, 0x00000000846c0000, 0x0000000088400000)
  object space 21248K, 99% used [0x0000000083200000,0x00000000846a0f98,0x00000000846c0000)
Event: 6.719 GC heap after
Heap after GC invocations=6 (full 0):
 PSYoungGen      total 131584K, used 5159K [0x00000000d8160000, 0x00000000e0ae0000, 0x0000000100000000)
  eden space 122880K, 0% used [0x00000000d8160000,0x00000000d8160000,0x00000000df960000)
  from space 8704K, 59% used [0x00000000e0260000,0x00000000e0769eb8,0x00000000e0ae0000)
  to   space 8960K, 0% used [0x00000000df960000,0x00000000df960000,0x00000000e0220000)
 ParOldGen       total 81728K, used 5562K [0x0000000088400000, 0x000000008d3d0000, 0x00000000d8160000)
  object space 81728K, 6% used [0x0000000088400000,0x000000008896ea80,0x000000008d3d0000)
 PSPermGen       total 21248K, used 21123K [0x0000000083200000, 0x00000000846c0000, 0x0000000088400000)
  object space 21248K, 99% used [0x0000000083200000,0x00000000846a0f98,0x00000000846c0000)
}

Deoptimization events (10 events):
Event: 7.027 Thread 0x0000000010a3b800 Uncommon trap -122 fr.pc 0x0000000002854e64
Event: 7.027 Thread 0x0000000010a3b800 Uncommon trap -34 fr.pc 0x00000000028b83e0
Event: 7.028 Thread 0x0000000010a3b800 Uncommon trap -34 fr.pc 0x00000000028b83e0
Event: 7.028 Thread 0x0000000010a3b800 Uncommon trap -34 fr.pc 0x00000000028b83e0
Event: 7.028 Thread 0x0000000010a3b800 Uncommon trap -34 fr.pc 0x00000000028b83e0
Event: 7.194 Thread 0x0000000010a3d000 Uncommon trap -83 fr.pc 0x000000000288cce8
Event: 7.886 Thread 0x000000000d497800 Uncommon trap 43 fr.pc 0x00000000028d6720
Event: 7.924 Thread 0x000000000d497800 Uncommon trap -12 fr.pc 0x0000000002894858
Event: 7.925 Thread 0x000000000d497800 Uncommon trap -12 fr.pc 0x00000000028814a4
Event: 8.017 Thread 0x00000000156d5000 Uncommon trap -122 fr.pc 0x00000000028a7410

Internal exceptions (10 events):
Event: 8.259 Thread 0x000000000d25f000 Threw 0x00000000dcc8ac50 at C:\jdk7u2_64p\jdk7u10\hotspot\src\share\vm\prims\jvm.cpp:1166
Event: 8.261 Thread 0x000000000d25f000 Threw 0x00000000dcc90fc0 at C:\jdk7u2_64p\jdk7u10\hotspot\src\share\vm\prims\jvm.cpp:1166
Event: 8.449 Thread 0x000000000d25f000 Threw 0x00000000dccaded8 at C:\jdk7u2_64p\jdk7u10\hotspot\src\share\vm\prims\jvm.cpp:1166
Event: 8.500 Thread 0x000000000d497800 Threw 0x00000000dcb592b8 at C:\jdk7u2_64p\jdk7u10\hotspot\src\share\vm\prims\jvm.cpp:1166
Event: 8.502 Thread 0x000000000d497800 Threw 0x00000000dcb5b6f0 at C:\jdk7u2_64p\jdk7u10\hotspot\src\share\vm\prims\jvm.cpp:1166
Event: 8.503 Thread 0x000000000d497800 Threw 0x00000000dcb5db78 at C:\jdk7u2_64p\jdk7u10\hotspot\src\share\vm\prims\jvm.cpp:1166
Event: 8.504 Thread 0x000000000d497800 Threw 0x00000000dcb653f0 at C:\jdk7u2_64p\jdk7u10\hotspot\src\share\vm\prims\jvm.cpp:1166
Event: 8.505 Thread 0x000000000d497800 Threw 0x00000000dcb67b30 at C:\jdk7u2_64p\jdk7u10\hotspot\src\share\vm\prims\jvm.cpp:1166
Event: 8.506 Thread 0x000000000d497800 Threw 0x00000000dcb6b338 at C:\jdk7u2_64p\jdk7u10\hotspot\src\share\vm\prims\jvm.cpp:1166
Event: 8.507 Thread 0x000000000d497800 Threw 0x00000000dcb6dbb0 at C:\jdk7u2_64p\jdk7u10\hotspot\src\share\vm\prims\jni.cpp:1597

Events (10 events):
Event: 8.501 loading class 0x0000000010a70930
Event: 8.501 loading class 0x0000000010a70930 done
Event: 8.503 loading class 0x000000000d3e2a90
Event: 8.503 loading class 0x000000000d3e2a90 done
Event: 8.504 loading class 0x0000000010a6efd0
Event: 8.504 loading class 0x0000000010a6efd0 done
Event: 8.505 loading class 0x0000000010a6ef90
Event: 8.505 loading class 0x0000000010a6ef90 done
Event: 8.506 loading class 0x0000000010a6f050
Event: 8.506 loading class 0x0000000010a6f050 done


Dynamic libraries:
0x000000013f2f0000 - 0x000000013f323000 	C:\Program Files\Java\jre7\bin\javaw.exe
0x0000000076cf0000 - 0x0000000076e99000 	C:\Windows\SYSTEM32\ntdll.dll
0x000000006e010000 - 0x000000006e05d000 	C:\Program Files\AVAST Software\Avast\snxhk64.dll
0x0000000076a70000 - 0x0000000076b8f000 	C:\Windows\system32\KERNEL32.dll
0x000007fefd4b0000 - 0x000007fefd51b000 	C:\Windows\system32\KERNELBASE.dll
0x000007fefe740000 - 0x000007fefe81b000 	C:\Windows\system32\ADVAPI32.dll
0x000007fefea20000 - 0x000007fefeabf000 	C:\Windows\system32\msvcrt.dll
0x000007fefef00000 - 0x000007fefef1f000 	C:\Windows\SYSTEM32\sechost.dll
0x000007fefeb70000 - 0x000007fefec9d000 	C:\Windows\system32\RPCRT4.dll
0x0000000076970000 - 0x0000000076a6a000 	C:\Windows\system32\USER32.dll
0x000007fefed80000 - 0x000007fefede7000 	C:\Windows\system32\GDI32.dll
0x000007fefeff0000 - 0x000007fefeffe000 	C:\Windows\system32\LPK.dll
0x000007fefe820000 - 0x000007fefe8e9000 	C:\Windows\system32\USP10.dll
0x000007fefbba0000 - 0x000007fefbd94000 	C:\Windows\WinSxS\amd64_microsoft.windows.common-controls_6595b64144ccf1df_6.0.7601.17514_none_fa396087175ac9ac\COMCTL32.dll
0x000007fefe6a0000 - 0x000007fefe711000 	C:\Windows\system32\SHLWAPI.dll
0x000007fefefc0000 - 0x000007fefefee000 	C:\Windows\system32\IMM32.DLL
0x000007fefedf0000 - 0x000007fefeef9000 	C:\Windows\system32\MSCTF.dll
0x000000006da40000 - 0x000000006db11000 	C:\Program Files\Java\jre7\bin\msvcr100.dll
0x0000000062dc0000 - 0x00000000634df000 	C:\Program Files\Java\jre7\bin\server\jvm.dll
0x000007fef7490000 - 0x000007fef7499000 	C:\Windows\system32\WSOCK32.dll
0x000007fefeac0000 - 0x000007fefeb0d000 	C:\Windows\system32\WS2_32.dll
0x000007fefea10000 - 0x000007fefea18000 	C:\Windows\system32\NSI.dll
0x000007fef4e20000 - 0x000007fef4e5b000 	C:\Windows\system32\WINMM.dll
0x0000000076ec0000 - 0x0000000076ec7000 	C:\Windows\system32\PSAPI.DLL
0x0000000072bb0000 - 0x0000000072bbf000 	C:\Program Files\Java\jre7\bin\verify.dll
0x000000006f050000 - 0x000000006f078000 	C:\Program Files\Java\jre7\bin\java.dll
0x000000006dc80000 - 0x000000006dc95000 	C:\Program Files\Java\jre7\bin\zip.dll
0x0000000067e90000 - 0x0000000068023000 	C:\Program Files\Java\jre7\bin\awt.dll
0x000007fefeca0000 - 0x000007fefed77000 	C:\Windows\system32\OLEAUT32.dll
0x000007fefe490000 - 0x000007fefe693000 	C:\Windows\system32\ole32.dll
0x000007fefb480000 - 0x000007fefb498000 	C:\Windows\system32\DWMAPI.DLL
0x000007fefb880000 - 0x000007fefb8d6000 	C:\Windows\system32\uxtheme.dll
0x000007fefd080000 - 0x000007fefd08f000 	C:\Windows\system32\CRYPTBASE.dll
0x0000000180000000 - 0x000000018004a000 	C:\Program Files\Packard Bell\Packard Bell Power Management\SysHook.dll
0x000007fef6df0000 - 0x000007fef6e61000 	C:\Windows\system32\WINSPOOL.DRV
0x000007fee9870000 - 0x000007fee9a6f000 	C:\Windows\system32\d3d9.dll
0x000007fefc260000 - 0x000007fefc26c000 	C:\Windows\system32\VERSION.dll
0x000007fef5590000 - 0x000007fef5597000 	C:\Windows\system32\d3d8thk.dll
0x000007fef2960000 - 0x000007fef2a70000 	C:\Windows\system32\aticfx64.dll
0x000007fef55d0000 - 0x000007fef55df000 	C:\Windows\system32\atiu9p64.dll
0x000007fee81e0000 - 0x000007fee8839000 	C:\Windows\system32\atiumd64.dll
0x0000000061470000 - 0x000000006188a000 	C:\Windows\system32\atiumd6a.dll
0x000007fefd700000 - 0x000007fefe488000 	C:\Windows\system32\SHELL32.dll
0x000000006f000000 - 0x000000006f00f000 	C:\Program Files\Java\jre7\bin\prism-d3d.dll
0x000000006d860000 - 0x000000006d892000 	C:\Program Files\Java\jre7\bin\glass.dll
0x000007fefef20000 - 0x000007fefefb7000 	C:\Windows\system32\COMDLG32.dll
0x000000006d8a0000 - 0x000000006d8d4000 	C:\Program Files\Java\jre7\bin\fontmanager.dll
0x000000006da20000 - 0x000000006da39000 	C:\Program Files\Java\jre7\bin\net.dll
0x000007fefc9c0000 - 0x000007fefca15000 	C:\Windows\system32\mswsock.dll
0x000007fefc9b0000 - 0x000007fefc9b7000 	C:\Windows\System32\wship6.dll
0x000000006da00000 - 0x000000006da11000 	C:\Program Files\Java\jre7\bin\nio.dll
0x000000006d790000 - 0x000000006d7d1000 	C:\Program Files\Java\jre7\bin\t2k.dll
0x000007fefe970000 - 0x000007fefea09000 	C:\Windows\system32\CLBCatQ.DLL
0x000007fefb1a0000 - 0x000007fefb301000 	C:\Windows\system32\WindowsCodecs.dll
0x000007fefd020000 - 0x000007fefd077000 	C:\Windows\system32\apphelp.dll
0x000000006d350000 - 0x000000006d375000 	C:\Program Files\AVAST Software\Avast\ashShA64.dll
0x000007fef3f70000 - 0x000007fef4287000 	C:\Windows\system32\msi.dll
0x000007fef4ca0000 - 0x000007fef4cca000 	C:\Users\Girmi\AppData\Roaming\Dropbox\bin\DropboxExt64.17.dll
0x000007fef6e70000 - 0x000007fef6f95000 	C:\Windows\system32\dbghelp.dll
0x0000000073f10000 - 0x0000000073fe3000 	C:\Windows\WinSxS\amd64_microsoft.vc90.crt_1fc8b3b9a1e18e3b_9.0.30729.6161_none_08e61857a83bc251\MSVCP90.dll
0x00000000744e0000 - 0x0000000074583000 	C:\Windows\WinSxS\amd64_microsoft.vc90.crt_1fc8b3b9a1e18e3b_9.0.30729.6161_none_08e61857a83bc251\MSVCR90.dll
0x000007fef4c60000 - 0x000007fef4c95000 	C:\Windows\system32\EhStorShell.dll
0x000007fefd520000 - 0x000007fefd6f7000 	C:\Windows\system32\SETUPAPI.dll
0x000007fefd240000 - 0x000007fefd276000 	C:\Windows\system32\CFGMGR32.dll
0x000007fefd320000 - 0x000007fefd33a000 	C:\Windows\system32\DEVOBJ.dll
0x000007fefb8f0000 - 0x000007fefba1c000 	C:\Windows\system32\PROPSYS.dll
0x000007fef3d70000 - 0x000007fef3e30000 	C:\Program Files (x86)\Google\Drive\googledrivesync64.dll
0x000007fef3700000 - 0x000007fef3d70000 	C:\PROGRA~1\MICROS~3\Office14\GROOVEEX.DLL
0x0000000072680000 - 0x00000000726af000 	C:\Windows\WinSxS\amd64_microsoft.vc90.atl_1fc8b3b9a1e18e3b_9.0.30729.6161_none_0a1fd3a3a768b895\ATL90.DLL
0x000007fef32e0000 - 0x000007fef36fa000 	C:\PROGRA~1\COMMON~1\MICROS~1\OFFICE14\Cultures\office.odf
0x000007fef2a70000 - 0x000007fef32d5000 	C:\PROGRA~1\MICROS~3\Office14\1033\GrooveIntlResource.dll
0x000000006b4e0000 - 0x000000006b572000 	C:\Program Files\Java\jre7\bin\libxml2.dll
0x000000006d7f0000 - 0x000000006d823000 	C:\Program Files\Java\jre7\bin\libxslt.dll
0x000000005f170000 - 0x000000005ffa5000 	C:\Program Files\Java\jre7\bin\jfxwebkit.dll
0x000000006b490000 - 0x000000006b4df000 	C:\Program Files\Java\jre7\bin\javafx-font.dll
0x000000006d9d0000 - 0x000000006d9f4000 	C:\Program Files\Java\jre7\bin\sunec.dll
0x000000006f080000 - 0x000000006f08b000 	C:\Program Files\Java\jre7\bin\sunmscapi.dll
0x000007fefd340000 - 0x000007fefd4aa000 	C:\Windows\system32\CRYPT32.dll
0x000007fefd1f0000 - 0x000007fefd1ff000 	C:\Windows\system32\MSASN1.dll
0x000007fefca20000 - 0x000007fefca37000 	C:\Windows\system32\CRYPTSP.dll
0x000007fefc6e0000 - 0x000007fefc727000 	C:\Windows\system32\rsaenh.dll
0x000007fefc450000 - 0x000007fefc46e000 	C:\Windows\system32\USERENV.dll
0x000007fefd150000 - 0x000007fefd15f000 	C:\Windows\system32\profapi.dll
0x000007fefb050000 - 0x000007fefb065000 	C:\Windows\system32\NLAapi.dll
0x000007fef6930000 - 0x000007fef6945000 	C:\Windows\system32\napinsp.dll
0x000007fef6910000 - 0x000007fef6929000 	C:\Windows\system32\pnrpnsp.dll
0x000007fefc800000 - 0x000007fefc85b000 	C:\Windows\system32\DNSAPI.dll
0x000007fef6900000 - 0x000007fef690b000 	C:\Windows\System32\winrnr.dll
0x000007fef68d0000 - 0x000007fef68ff000 	C:\Program Files\Common Files\Microsoft Shared\Windows Live\WLIDNSP.DLL
0x000007fef68c0000 - 0x000007fef68d0000 	C:\Windows\system32\wshbth.dll
0x000007fefc330000 - 0x000007fefc337000 	C:\Windows\System32\wshtcpip.dll
0x000007fefaf10000 - 0x000007fefaf37000 	C:\Windows\system32\IPHLPAPI.DLL
0x000007fefaf00000 - 0x000007fefaf0b000 	C:\Windows\system32\WINNSI.DLL
0x000007fef5d50000 - 0x000007fef5d58000 	C:\Windows\system32\rasadhlp.dll
0x000007fefadb0000 - 0x000007fefae03000 	C:\Windows\System32\fwpuclnt.dll

VM Arguments:
jvm_args: -Dfile.encoding=Cp1252 
java_command: be.artesis.timelog.gui.Main
Launcher Type: SUN_STANDARD

Environment Variables:
JRE_HOME=C:\Program Files\Java\jre7
PATH=C:\Program Files (x86)\NVIDIA Corporation\PhysX\Common;C:\Program Files\Broadcom\Broadcom 802.11 Network Adapter;C:\Program Files (x86)\AMD APP\bin\x86_64;C:\Program Files (x86)\AMD APP\bin\x86;C:\Ruby193\bin;C:\Program Files\Common Files\Microsoft Shared\Windows Live;C:\Program Files (x86)\Common Files\Microsoft Shared\Windows Live;C:\Windows\system32;C:\Windows;C:\Windows\System32\Wbem;C:\Program Files (x86)\Windows Live\Shared;C:\Program Files (x86)\ATI Technologies\ATI.ACE\Core-Static;C:\Program Files (x86)\Microsoft SQL Server\100\Tools\Binn\;C:\Program Files\Microsoft SQL Server\100\Tools\Binn\;C:\Program Files\Microsoft SQL Server\100\DTS\Binn\;C:\Windows\System32\WindowsPowerShell\v1.0\;C:\Program Files\Java\jre7;C:\Program Files (x86)\Windows Kits\8.0\Windows Performance Toolkit\;C:\Program Files\Microsoft SQL Server\110\Tools\Binn\;C:\Program Files\Microsoft\Web Platform Installer\;C:\Program Files (x86)\Microsoft ASP.NET\ASP.NET Web Pages\v1.0\;C:\Program Files (x86)\Git\cmd;C:\Program Files\SourceGear\Common\DiffMerge\
USERNAME=Girmi
OS=Windows_NT
PROCESSOR_IDENTIFIER=AMD64 Family 18 Model 1 Stepping 0, AuthenticAMD



---------------  S Y S T E M  ---------------

OS: Windows 7 , 64 bit Build 7601 Service Pack 1

CPU:total 4 (4 cores per cpu, 1 threads per core) family 18 model 1 stepping 0, cmov, cx8, fxsr, mmx, sse, sse2, sse3, popcnt, mmxext, 3dnowpref, lzcnt, sse4a, tsc, tscinvbit, tscinv

Memory: 4k page, physical 7842716k(4064024k free), swap 15683576k(10853428k free)

vm_info: Java HotSpot(TM) 64-Bit Server VM (23.6-b03) for windows-amd64 JRE (1.7.0_10-ea-b09), built on Sep 26 2012 03:30:44 by "java_re" with unknown MS VC++:1600

time: Mon Mar 18 15:11:11 2013
elapsed time: 8 seconds

