#
# A fatal error has been detected by the Java Runtime Environment:
#
#  EXCEPTION_ACCESS_VIOLATION (0xc0000005) at pc=0x000000005bdf9014, pid=5448, tid=4776
#
# JRE version: 7.0_09-b05
# Java VM: Java HotSpot(TM) 64-Bit Server VM (23.5-b02 mixed mode windows-amd64 compressed oops)
# Problematic frame:
# V  [jvm.dll+0x109014]
#
# Failed to write core dump. Minidumps are not enabled by default on client versions of Windows
#
# If you would like to submit a bug report, please visit:
#   http://bugreport.sun.com/bugreport/crash.jsp
#

---------------  T H R E A D  ---------------

Current thread (0x000000000cf62800):  JavaThread "JavaFX Application Thread" [_thread_in_vm, id=4776, stack(0x0000000010c00000,0x0000000010d00000)]

siginfo: ExceptionCode=0xc0000005, reading address 0x0000000000000000

Registers:
RAX=0x0000000000000000, RBX=0x000000000cf62800, RCX=0x000000000cf62800, RDX=0x0000000010081948
RSP=0x0000000010cfe470, RBP=0x0000000010cfe568, RSI=0x0000000000000000, RDI=0x000000000cf629d8
R8 =0x0000000000000000, R9 =0x0000000010cfe568, R10=0x0000000000000000, R11=0x0000000000000200
R12=0x0000000010081948, R13=0x000000009c1457a0, R14=0x0000000010cfe8d0, R15=0x000000000cf62800
RIP=0x000000005bdf9014, EFLAGS=0x0000000000010246

Top of Stack: (sp=0x0000000010cfe470)
0x0000000010cfe470:   000000000cf62800 0000000000000000
0x0000000010cfe480:   0000000000000000 00000000513a1ddc
0x0000000010cfe490:   000000000cf62800 0000000000000000
0x0000000010cfe4a0:   00000000513a1dd0 00000000100f1b60
0x0000000010cfe4b0:   0000000002566ab5 00000000509cea88
0x0000000010cfe4c0:   000000000cf62800 000000000cdf6f40
0x0000000010cfe4d0:   000000000000063d 000000005c2074f0
0x0000000010cfe4e0:   000000000cd82e20 000000005bdecacd
0x0000000010cfe4f0:   0000000010cfe720 000000008b59f158
0x0000000010cfe500:   000000000cf62800 000000000cf62800
0x0000000010cfe510:   0000000000000000 00000000509ce99c
0x0000000010cfe520:   0000000014f0d5a0 000000000cd82e20
0x0000000010cfe530:   000000000cf629d8 00000000149c16e0
0x0000000010cfe540:   00000000149c16e0 0000000050d42454
0x0000000010cfe550:   0000000014f0d5a0 000000000cf629d8
0x0000000010cfe560:   0000000000000000 00000000149c16e0 

Instructions: (pc=0x000000005bdf9014)
0x000000005bdf8ff4:   00 48 83 7b 08 00 48 89 5c 24 50 48 c7 44 24 58
0x000000005bdf9004:   00 00 00 00 74 0a 48 8d 4c 24 50 e8 fc 81 0f 00
0x000000005bdf9014:   48 8b 0e c7 44 24 40 0e 00 00 00 48 8b 41 10 48
0x000000005bdf9024:   8b 49 18 0f b7 50 42 e8 60 2f f0 ff 48 8d 4c 24 


Register to memory mapping:

RAX=0x0000000000000000 is an unknown value
RBX=0x000000000cf62800 is a thread
RCX=0x000000000cf62800 is a thread
RDX=0x0000000010081948 is a global jni handle
RSP=0x0000000010cfe470 is pointing into the stack for thread: 0x000000000cf62800
RBP=0x0000000010cfe568 is pointing into the stack for thread: 0x000000000cf62800
RSI=0x0000000000000000 is an unknown value
RDI=0x000000000cf629d8 is an unknown value
R8 =0x0000000000000000 is an unknown value
R9 =0x0000000010cfe568 is pointing into the stack for thread: 0x000000000cf62800
R10=0x0000000000000000 is an unknown value
R11=0x0000000000000200 is an unknown value
R12=0x0000000010081948 is a global jni handle
R13=0x000000009c1457a0 is an oop
{method} 
 - klass: {other class}
R14=0x0000000010cfe8d0 is pointing into the stack for thread: 0x000000000cf62800
R15=0x000000000cf62800 is a thread


Stack: [0x0000000010c00000,0x0000000010d00000],  sp=0x0000000010cfe470,  free space=1017k
Native frames: (J=compiled Java code, j=interpreted, Vv=VM code, C=native code)
V  [jvm.dll+0x109014]

Java frames: (J=compiled Java code, j=interpreted, Vv=VM code)
j  com.sun.webpane.webkit.network.URLLoader.twkDidReceiveData(Ljava/nio/ByteBuffer;IIJ)V+0
j  com.sun.webpane.webkit.network.URLLoader.access$1200(Ljava/nio/ByteBuffer;IIJ)V+4
j  com.sun.webpane.webkit.network.URLLoader$5.run()V+35
v  ~StubRoutines::call_stub
j  com.sun.glass.ui.win.WinApplication._runLoop([Ljava/lang/String;Lcom/sun/glass/ui/Launchable;)V+0
j  com.sun.glass.ui.win.WinApplication.access$100(Lcom/sun/glass/ui/win/WinApplication;[Ljava/lang/String;Lcom/sun/glass/ui/Launchable;)V+3
j  com.sun.glass.ui.win.WinApplication$3$1.run()V+32
j  java.lang.Thread.run()V+11
v  ~StubRoutines::call_stub

---------------  P R O C E S S  ---------------

Java Threads: ( => current thread )
  0x00000000100ce000 JavaThread "URL-Loader-11" daemon [_thread_in_native, id=3800, stack(0x0000000017210000,0x0000000017310000)]
  0x00000000100cd000 JavaThread "URL-Loader-10" daemon [_thread_in_native, id=288, stack(0x0000000017040000,0x0000000017140000)]
  0x00000000100cc800 JavaThread "URL-Loader-9" daemon [_thread_in_native, id=5556, stack(0x0000000016eb0000,0x0000000016fb0000)]
  0x00000000100cb800 JavaThread "URL-Loader-8" daemon [_thread_blocked, id=6312, stack(0x0000000016aa0000,0x0000000016ba0000)]
  0x00000000100ca800 JavaThread "URL-Loader-7" daemon [_thread_blocked, id=5104, stack(0x0000000016c00000,0x0000000016d00000)]
  0x00000000100c9000 JavaThread "Prism Font Disposer" daemon [_thread_blocked, id=7544, stack(0x0000000016950000,0x0000000016a50000)]
  0x00000000100c8800 JavaThread "URL-Loader-6" daemon [_thread_blocked, id=6708, stack(0x0000000016820000,0x0000000016920000)]
  0x00000000100c7800 JavaThread "URL-Loader-5" daemon [_thread_blocked, id=7540, stack(0x00000000162c0000,0x00000000163c0000)]
  0x00000000100c7000 JavaThread "URL-Loader-4" daemon [_thread_blocked, id=8104, stack(0x0000000016660000,0x0000000016760000)]
  0x00000000100c6000 JavaThread "URL-Loader-3" daemon [_thread_blocked, id=9064, stack(0x0000000016430000,0x0000000016530000)]
  0x00000000100c5800 JavaThread "URL-Loader-2" daemon [_thread_blocked, id=9056, stack(0x0000000016180000,0x0000000016280000)]
  0x00000000100c4800 JavaThread "Keep-Alive-Timer" daemon [_thread_blocked, id=9196, stack(0x0000000015fc0000,0x00000000160c0000)]
  0x00000000100c4000 JavaThread "URL-Loader-1" daemon [_thread_blocked, id=6868, stack(0x0000000014100000,0x0000000014200000)]
  0x00000000100c3000 JavaThread "Disposer" daemon [_thread_blocked, id=2184, stack(0x0000000013fe0000,0x00000000140e0000)]
  0x0000000010043800 JavaThread "D3D Screen Updater" daemon [_thread_blocked, id=2312, stack(0x0000000013240000,0x0000000013340000)]
  0x000000000ff57800 JavaThread "Image Fetcher 1" daemon [_thread_blocked, id=2404, stack(0x0000000012ba0000,0x0000000012ca0000)]
  0x000000000ff4d800 JavaThread "Image Fetcher 0" daemon [_thread_blocked, id=1564, stack(0x00000000129f0000,0x0000000012af0000)]
  0x000000000ff91800 JavaThread "Thread-2" daemon [_thread_in_native, id=9200, stack(0x0000000011170000,0x0000000011270000)]
  0x000000000cfbd000 JavaThread "AWT-EventQueue-0" [_thread_blocked, id=7408, stack(0x00000000114b0000,0x00000000115b0000)]
=>0x000000000cf62800 JavaThread "JavaFX Application Thread" [_thread_in_vm, id=4776, stack(0x0000000010c00000,0x0000000010d00000)]
  0x000000000ceea000 JavaThread "Disposer" daemon [_thread_blocked, id=4984, stack(0x0000000010930000,0x0000000010a30000)]
  0x000000000ce72800 JavaThread "QuantumRenderer-0" daemon [_thread_blocked, id=7120, stack(0x0000000010780000,0x0000000010880000)]
  0x000000000cd80800 JavaThread "AWT-Windows" daemon [_thread_in_native, id=1808, stack(0x000000000d8c0000,0x000000000d9c0000)]
  0x000000000cd7e000 JavaThread "AWT-Shutdown" [_thread_blocked, id=6944, stack(0x000000000dbf0000,0x000000000dcf0000)]
  0x000000000cd7d000 JavaThread "Java2D Disposer" daemon [_thread_blocked, id=7676, stack(0x000000000d9c0000,0x000000000dac0000)]
  0x000000000cc1d800 JavaThread "Service Thread" daemon [_thread_blocked, id=9208, stack(0x000000000d460000,0x000000000d560000)]
  0x000000000cc12800 JavaThread "C2 CompilerThread1" daemon [_thread_blocked, id=7264, stack(0x000000000d770000,0x000000000d870000)]
  0x000000000cc0e800 JavaThread "C2 CompilerThread0" daemon [_thread_blocked, id=9100, stack(0x000000000d570000,0x000000000d670000)]
  0x000000000cc0a800 JavaThread "Attach Listener" daemon [_thread_blocked, id=1892, stack(0x000000000d350000,0x000000000d450000)]
  0x000000000cc09000 JavaThread "Signal Dispatcher" daemon [_thread_blocked, id=7892, stack(0x000000000d100000,0x000000000d200000)]
  0x000000000ac76000 JavaThread "Finalizer" daemon [_thread_blocked, id=6188, stack(0x000000000cac0000,0x000000000cbc0000)]
  0x000000000ac6d800 JavaThread "Reference Handler" daemon [_thread_blocked, id=8288, stack(0x000000000c9c0000,0x000000000cac0000)]
  0x000000000223c800 JavaThread "main" [_thread_blocked, id=2560, stack(0x0000000002650000,0x0000000002750000)]

Other Threads:
  0x000000000ac65000 VMThread [stack: 0x000000000c7d0000,0x000000000c8d0000] [id=9192]
  0x000000000cc2e000 WatcherThread [stack: 0x000000000d250000,0x000000000d350000] [id=7880]

VM state:not at safepoint (normal execution)

VM Mutex/Monitor currently owned by a thread: None

Heap
 PSYoungGen      total 108224K, used 23065K [0x00000000e0160000, 0x00000000ed5e0000, 0x0000000100000000)
  eden space 98304K, 23% used [0x00000000e0160000,0x00000000e17b7638,0x00000000e6160000)
  from space 9920K, 1% used [0x00000000e6160000,0x00000000e618ee70,0x00000000e6b10000)
  to   space 10496K, 0% used [0x00000000ecba0000,0x00000000ecba0000,0x00000000ed5e0000)
 ParOldGen       total 65408K, used 13062K [0x00000000a0400000, 0x00000000a43e0000, 0x00000000e0160000)
  object space 65408K, 19% used [0x00000000a0400000,0x00000000a10c19f8,0x00000000a43e0000)
 PSPermGen       total 21824K, used 21693K [0x000000009b200000, 0x000000009c750000, 0x00000000a0400000)
  object space 21824K, 99% used [0x000000009b200000,0x000000009c72f510,0x000000009c750000)

Card table byte_map: [0x0000000005750000,0x0000000005a80000] byte_map_base: 0x0000000005277000

Polling page: 0x0000000000120000

Code Cache  [0x0000000002750000, 0x00000000029c0000, 0x0000000005750000)
 total_blobs=932 nmethods=245 adapters=638 free_code_cache=47873Kb largest_free_block=48992704

Compilation events (10 events):
Event: 3.845 Thread 0x000000000cc0e800  232             java.util.HashMap::<init> (165 bytes)
Event: 3.850 Thread 0x000000000cc0e800 nmethod 232 0x0000000002893810 code [0x00000000028939e0, 0x0000000002893ed0]
Event: 3.872 Thread 0x000000000cc12800 nmethod 231 0x0000000002891a90 code [0x0000000002891ca0, 0x00000000028930a8]
Event: 3.874 Thread 0x000000000cc0e800  233             com.sun.t2k.FontFileReader$Buffer::getInt (107 bytes)
Event: 3.875 Thread 0x000000000cc0e800 nmethod 233 0x0000000002891790 code [0x00000000028918c0, 0x00000000028919b8]
Event: 3.876 Thread 0x000000000cc12800  234             com.sun.t2k.FontFileReader$Buffer::getChar (45 bytes)
Event: 3.877 Thread 0x000000000cc12800 nmethod 234 0x00000000028914d0 code [0x0000000002891600, 0x00000000028916b8]
Event: 3.877 Thread 0x000000000cc0e800   10 % !         com.sun.t2k.T2KFontFile::getAdvance @ 52 (151 bytes)
Event: 3.882 Thread 0x000000000cc0e800 nmethod 10% 0x000000000288fcd0 code [0x000000000288fe20, 0x0000000002890338]
Event: 3.887 Thread 0x000000000cc12800  235             sun.nio.cs.SingleByte$Encoder::encodeArrayLoop (236 bytes)

GC Heap History (10 events):
Event: 3.079 GC heap before
{Heap before GC invocations=3 (full 0):
 PSYoungGen      total 28608K, used 28586K [0x00000000e0160000, 0x00000000e2140000, 0x0000000100000000)
  eden space 24576K, 99% used [0x00000000e0160000,0x00000000e195cb70,0x00000000e1960000)
  from space 4032K, 99% used [0x00000000e1d50000,0x00000000e213dcd0,0x00000000e2140000)
  to   space 4032K, 0% used [0x00000000e1960000,0x00000000e1960000,0x00000000e1d50000)
 ParOldGen       total 65408K, used 9008K [0x00000000a0400000, 0x00000000a43e0000, 0x00000000e0160000)
  object space 65408K, 13% used [0x00000000a0400000,0x00000000a0ccc160,0x00000000a43e0000)
 PSPermGen       total 21248K, used 20999K [0x000000009b200000, 0x000000009c6c0000, 0x00000000a0400000)
  object space 21248K, 98% used [0x000000009b200000,0x000000009c681ed0,0x000000009c6c0000)
Event: 3.084 GC heap after
Heap after GC invocations=3 (full 0):
 PSYoungGen      total 28608K, used 4010K [0x00000000e0160000, 0x00000000e3940000, 0x0000000100000000)
  eden space 24576K, 0% used [0x00000000e0160000,0x00000000e0160000,0x00000000e1960000)
  from space 4032K, 99% used [0x00000000e1960000,0x00000000e1d4a980,0x00000000e1d50000)
  to   space 4032K, 0% used [0x00000000e3550000,0x00000000e3550000,0x00000000e3940000)
 ParOldGen       total 65408K, used 9072K [0x00000000a0400000, 0x00000000a43e0000, 0x00000000e0160000)
  object space 65408K, 13% used [0x00000000a0400000,0x00000000a0cdc160,0x00000000a43e0000)
 PSPermGen       total 21248K, used 20999K [0x000000009b200000, 0x000000009c6c0000, 0x00000000a0400000)
  object space 21248K, 98% used [0x000000009b200000,0x000000009c681ed0,0x000000009c6c0000)
}
Event: 3.090 GC heap before
{Heap before GC invocations=4 (full 0):
 PSYoungGen      total 28608K, used 28538K [0x00000000e0160000, 0x00000000e3940000, 0x0000000100000000)
  eden space 24576K, 99% used [0x00000000e0160000,0x00000000e1954080,0x00000000e1960000)
  from space 4032K, 99% used [0x00000000e1960000,0x00000000e1d4a980,0x00000000e1d50000)
  to   space 4032K, 0% used [0x00000000e3550000,0x00000000e3550000,0x00000000e3940000)
 ParOldGen       total 65408K, used 9072K [0x00000000a0400000, 0x00000000a43e0000, 0x00000000e0160000)
  object space 65408K, 13% used [0x00000000a0400000,0x00000000a0cdc160,0x00000000a43e0000)
 PSPermGen       total 21248K, used 20999K [0x000000009b200000, 0x000000009c6c0000, 0x00000000a0400000)
  object space 21248K, 98% used [0x000000009b200000,0x000000009c681ed0,0x000000009c6c0000)
Event: 3.094 GC heap after
Heap after GC invocations=4 (full 0):
 PSYoungGen      total 53184K, used 4016K [0x00000000e0160000, 0x00000000e3940000, 0x0000000100000000)
  eden space 49152K, 0% used [0x00000000e0160000,0x00000000e0160000,0x00000000e3160000)
  from space 4032K, 99% used [0x00000000e3550000,0x00000000e393c208,0x00000000e3940000)
  to   space 4032K, 0% used [0x00000000e3160000,0x00000000e3160000,0x00000000e3550000)
 ParOldGen       total 65408K, used 9104K [0x00000000a0400000, 0x00000000a43e0000, 0x00000000e0160000)
  object space 65408K, 13% used [0x00000000a0400000,0x00000000a0ce4160,0x00000000a43e0000)
 PSPermGen       total 21248K, used 20999K [0x000000009b200000, 0x000000009c6c0000, 0x00000000a0400000)
  object space 21248K, 98% used [0x000000009b200000,0x000000009c681ed0,0x000000009c6c0000)
}
Event: 3.109 GC heap before
{Heap before GC invocations=5 (full 0):
 PSYoungGen      total 53184K, used 53063K [0x00000000e0160000, 0x00000000e3940000, 0x0000000100000000)
  eden space 49152K, 99% used [0x00000000e0160000,0x00000000e3145d00,0x00000000e3160000)
  from space 4032K, 99% used [0x00000000e3550000,0x00000000e393c208,0x00000000e3940000)
  to   space 4032K, 0% used [0x00000000e3160000,0x00000000e3160000,0x00000000e3550000)
 ParOldGen       total 65408K, used 9104K [0x00000000a0400000, 0x00000000a43e0000, 0x00000000e0160000)
  object space 65408K, 13% used [0x00000000a0400000,0x00000000a0ce4160,0x00000000a43e0000)
 PSPermGen       total 21248K, used 20999K [0x000000009b200000, 0x000000009c6c0000, 0x00000000a0400000)
  object space 21248K, 98% used [0x000000009b200000,0x000000009c681ed0,0x000000009c6c0000)
Event: 3.114 GC heap after
Heap after GC invocations=5 (full 0):
 PSYoungGen      total 53184K, used 4001K [0x00000000e0160000, 0x00000000e7540000, 0x0000000100000000)
  eden space 49152K, 0% used [0x00000000e0160000,0x00000000e0160000,0x00000000e3160000)
  from space 4032K, 99% used [0x00000000e3160000,0x00000000e3548528,0x00000000e3550000)
  to   space 10176K, 0% used [0x00000000e6b50000,0x00000000e6b50000,0x00000000e7540000)
 ParOldGen       total 65408K, used 9152K [0x00000000a0400000, 0x00000000a43e0000, 0x00000000e0160000)
  object space 65408K, 13% used [0x00000000a0400000,0x00000000a0cf0160,0x00000000a43e0000)
 PSPermGen       total 21248K, used 20999K [0x000000009b200000, 0x000000009c6c0000, 0x00000000a0400000)
  object space 21248K, 98% used [0x000000009b200000,0x000000009c681ed0,0x000000009c6c0000)
}
Event: 3.125 GC heap before
{Heap before GC invocations=6 (full 0):
 PSYoungGen      total 53184K, used 53047K [0x00000000e0160000, 0x00000000e7540000, 0x0000000100000000)
  eden space 49152K, 99% used [0x00000000e0160000,0x00000000e3145990,0x00000000e3160000)
  from space 4032K, 99% used [0x00000000e3160000,0x00000000e3548528,0x00000000e3550000)
  to   space 10176K, 0% used [0x00000000e6b50000,0x00000000e6b50000,0x00000000e7540000)
 ParOldGen       total 65408K, used 9152K [0x00000000a0400000, 0x00000000a43e0000, 0x00000000e0160000)
  object space 65408K, 13% used [0x00000000a0400000,0x00000000a0cf0160,0x00000000a43e0000)
 PSPermGen       total 21248K, used 20999K [0x000000009b200000, 0x000000009c6c0000, 0x00000000a0400000)
  object space 21248K, 98% used [0x000000009b200000,0x000000009c681ed0,0x000000009c6c0000)
Event: 3.130 GC heap after
Heap after GC invocations=6 (full 0):
 PSYoungGen      total 107968K, used 4074K [0x00000000e0160000, 0x00000000e74c0000, 0x0000000100000000)
  eden space 98304K, 0% used [0x00000000e0160000,0x00000000e0160000,0x00000000e6160000)
  from space 9664K, 42% used [0x00000000e6b50000,0x00000000e6f4abe0,0x00000000e74c0000)
  to   space 9920K, 0% used [0x00000000e6160000,0x00000000e6160000,0x00000000e6b10000)
 ParOldGen       total 65408K, used 9152K [0x00000000a0400000, 0x00000000a43e0000, 0x00000000e0160000)
  object space 65408K, 13% used [0x00000000a0400000,0x00000000a0cf0160,0x00000000a43e0000)
 PSPermGen       total 21248K, used 20999K [0x000000009b200000, 0x000000009c6c0000, 0x00000000a0400000)
  object space 21248K, 98% used [0x000000009b200000,0x000000009c681ed0,0x000000009c6c0000)
}
Event: 3.159 GC heap before
{Heap before GC invocations=7 (full 0):
 PSYoungGen      total 107968K, used 102266K [0x00000000e0160000, 0x00000000e74c0000, 0x0000000100000000)
  eden space 98304K, 99% used [0x00000000e0160000,0x00000000e6143d38,0x00000000e6160000)
  from space 9664K, 42% used [0x00000000e6b50000,0x00000000e6f4abe0,0x00000000e74c0000)
  to   space 9920K, 0% used [0x00000000e6160000,0x00000000e6160000,0x00000000e6b10000)
 ParOldGen       total 65408K, used 9152K [0x00000000a0400000, 0x00000000a43e0000, 0x00000000e0160000)
  object space 65408K, 13% used [0x00000000a0400000,0x00000000a0cf0160,0x00000000a43e0000)
 PSPermGen       total 21248K, used 20999K [0x000000009b200000, 0x000000009c6c0000, 0x00000000a0400000)
  object space 21248K, 98% used [0x000000009b200000,0x000000009c681ed0,0x000000009c6c0000)
Event: 3.164 GC heap after
Heap after GC invocations=7 (full 0):
 PSYoungGen      total 108224K, used 187K [0x00000000e0160000, 0x00000000ed5e0000, 0x0000000100000000)
  eden space 98304K, 0% used [0x00000000e0160000,0x00000000e0160000,0x00000000e6160000)
  from space 9920K, 1% used [0x00000000e6160000,0x00000000e618ee70,0x00000000e6b10000)
  to   space 10496K, 0% used [0x00000000ecba0000,0x00000000ecba0000,0x00000000ed5e0000)
 ParOldGen       total 65408K, used 13062K [0x00000000a0400000, 0x00000000a43e0000, 0x00000000e0160000)
  object space 65408K, 19% used [0x00000000a0400000,0x00000000a10c19f8,0x00000000a43e0000)
 PSPermGen       total 21248K, used 20999K [0x000000009b200000, 0x000000009c6c0000, 0x00000000a0400000)
  object space 21248K, 98% used [0x000000009b200000,0x000000009c681ed0,0x000000009c6c0000)
}

Deoptimization events (10 events):
Event: 3.167 Thread 0x00000000100c5800 Uncommon trap -34 fr.pc 0x00000000027f1078
Event: 3.167 Thread 0x00000000100c5800 Uncommon trap -34 fr.pc 0x00000000027f1078
Event: 3.209 Thread 0x00000000100c5800 Uncommon trap -83 fr.pc 0x0000000002869bc4
Event: 3.234 Thread 0x00000000100c5800 Uncommon trap -83 fr.pc 0x000000000285c9e8
Event: 3.320 Thread 0x00000000100c5800 Uncommon trap -122 fr.pc 0x000000000286eed0
Event: 3.320 Thread 0x00000000100c5800 Uncommon trap -34 fr.pc 0x000000000285bc60
Event: 3.320 Thread 0x00000000100c5800 Uncommon trap -34 fr.pc 0x000000000285bc60
Event: 3.320 Thread 0x00000000100c5800 Uncommon trap -34 fr.pc 0x000000000285bc60
Event: 3.320 Thread 0x00000000100c5800 Uncommon trap -34 fr.pc 0x000000000285bc60
Event: 3.867 Thread 0x000000000cf62800 Uncommon trap 43 fr.pc 0x000000000287fe20

Internal exceptions (10 events):
Event: 3.834 Thread 0x000000000cf62800 Threw 0x00000000e137e9d8 at C:\jdk7u1_64p\jdk7u9\hotspot\src\share\vm\prims\jni.cpp:716
Event: 3.836 Thread 0x000000000cf62800 Threw 0x00000000e1384130 at C:\jdk7u1_64p\jdk7u9\hotspot\src\share\vm\prims\jni.cpp:716
Event: 3.837 Thread 0x000000000cf62800 Threw 0x00000000e13881f0 at C:\jdk7u1_64p\jdk7u9\hotspot\src\share\vm\prims\jni.cpp:716
Event: 3.887 Thread 0x000000000cf62800 Threw 0x00000000e15a8d18 at C:\jdk7u1_64p\jdk7u9\hotspot\src\share\vm\prims\jvm.cpp:1166
Event: 3.888 Thread 0x000000000cf62800 Threw 0x00000000e15ab330 at C:\jdk7u1_64p\jdk7u9\hotspot\src\share\vm\prims\jvm.cpp:1166
Event: 3.888 Thread 0x000000000cf62800 Threw 0x00000000e1799440 at C:\jdk7u1_64p\jdk7u9\hotspot\src\share\vm\prims\jvm.cpp:1166
Event: 3.889 Thread 0x000000000cf62800 Threw 0x00000000e17a0ea8 at C:\jdk7u1_64p\jdk7u9\hotspot\src\share\vm\prims\jvm.cpp:1166
Event: 3.889 Thread 0x000000000cf62800 Threw 0x00000000e17a37c0 at C:\jdk7u1_64p\jdk7u9\hotspot\src\share\vm\prims\jvm.cpp:1166
Event: 3.889 Thread 0x000000000cf62800 Threw 0x00000000e17a71a8 at C:\jdk7u1_64p\jdk7u9\hotspot\src\share\vm\prims\jvm.cpp:1166
Event: 3.890 Thread 0x000000000cf62800 Threw 0x00000000e17a9bf8 at C:\jdk7u1_64p\jdk7u9\hotspot\src\share\vm\prims\jni.cpp:1597

Events (10 events):
Event: 3.888 loading class 0x00000000100f5030
Event: 3.888 loading class 0x00000000100f5030 done
Event: 3.888 loading class 0x00000000100b0270
Event: 3.888 loading class 0x00000000100b0270 done
Event: 3.889 loading class 0x00000000100f6b90
Event: 3.889 loading class 0x00000000100f6b90 done
Event: 3.889 loading class 0x00000000100f6b50
Event: 3.889 loading class 0x00000000100f6b50 done
Event: 3.889 loading class 0x00000000100f6c10
Event: 3.889 loading class 0x00000000100f6c10 done


Dynamic libraries:
0x000000013faa0000 - 0x000000013fad4000 	C:\Program Files\Java\jre7\bin\javaw.exe
0x00000000770d0000 - 0x0000000077279000 	C:\Windows\SYSTEM32\ntdll.dll
0x0000000076da0000 - 0x0000000076ebf000 	C:\Windows\system32\kernel32.dll
0x000007fefc9d0000 - 0x000007fefca3b000 	C:\Windows\system32\KERNELBASE.dll
0x000007fefccc0000 - 0x000007fefcd9b000 	C:\Windows\system32\ADVAPI32.dll
0x000007fefe5a0000 - 0x000007fefe63f000 	C:\Windows\system32\msvcrt.dll
0x000007fefcda0000 - 0x000007fefcdbf000 	C:\Windows\SYSTEM32\sechost.dll
0x000007fefe640000 - 0x000007fefe76d000 	C:\Windows\system32\RPCRT4.dll
0x00000000769f0000 - 0x0000000076aea000 	C:\Windows\system32\USER32.dll
0x000007fefd380000 - 0x000007fefd3e7000 	C:\Windows\system32\GDI32.dll
0x000007fefcc90000 - 0x000007fefcc9e000 	C:\Windows\system32\LPK.dll
0x000007fefcdc0000 - 0x000007fefce89000 	C:\Windows\system32\USP10.dll
0x000007fefaf50000 - 0x000007fefb144000 	C:\Windows\WinSxS\amd64_microsoft.windows.common-controls_6595b64144ccf1df_6.0.7601.17514_none_fa396087175ac9ac\COMCTL32.dll
0x000007fefe4c0000 - 0x000007fefe531000 	C:\Windows\system32\SHLWAPI.dll
0x000007fefe490000 - 0x000007fefe4be000 	C:\Windows\system32\IMM32.DLL
0x000007fefd150000 - 0x000007fefd259000 	C:\Windows\system32\MSCTF.dll
0x000000005cb30000 - 0x000000005cc01000 	C:\Program Files\Java\jre7\bin\msvcr100.dll
0x000000005bcf0000 - 0x000000005c40f000 	C:\Program Files\Java\jre7\bin\server\jvm.dll
0x000007feed640000 - 0x000007feed649000 	C:\Windows\system32\WSOCK32.dll
0x000007fefd600000 - 0x000007fefd64d000 	C:\Windows\system32\WS2_32.dll
0x000007fefe3e0000 - 0x000007fefe3e8000 	C:\Windows\system32\NSI.dll
0x000007fefa500000 - 0x000007fefa53b000 	C:\Windows\system32\WINMM.dll
0x0000000077290000 - 0x0000000077297000 	C:\Windows\system32\PSAPI.DLL
0x0000000063480000 - 0x000000006348f000 	C:\Program Files\Java\jre7\bin\verify.dll
0x000000005dcc0000 - 0x000000005dce8000 	C:\Program Files\Java\jre7\bin\java.dll
0x000000005e240000 - 0x000000005e255000 	C:\Program Files\Java\jre7\bin\zip.dll
0x00000000579c0000 - 0x0000000057b53000 	C:\Program Files\Java\jre7\bin\awt.dll
0x000007fefce90000 - 0x000007fefcf67000 	C:\Windows\system32\OLEAUT32.dll
0x000007fefd3f0000 - 0x000007fefd5f3000 	C:\Windows\system32\ole32.dll
0x000007fefaaa0000 - 0x000007fefaab8000 	C:\Windows\system32\DWMAPI.DLL
0x000007fefae80000 - 0x000007fefaed6000 	C:\Windows\system32\uxtheme.dll
0x000007fefc7f0000 - 0x000007fefc7ff000 	C:\Windows\system32\CRYPTBASE.dll
0x000007fee92e0000 - 0x000007fee94df000 	C:\Windows\system32\d3d9.dll
0x000007fefb9b0000 - 0x000007fefb9bc000 	C:\Windows\system32\VERSION.dll
0x000007fefaee0000 - 0x000007fefaee7000 	C:\Windows\system32\d3d8thk.dll
0x000007fee2480000 - 0x000007fee3569000 	C:\Windows\system32\nvd3dumx.dll
0x000007fefb700000 - 0x000007fefb72c000 	C:\Windows\system32\powrprof.dll
0x000007fefcf70000 - 0x000007fefd147000 	C:\Windows\system32\SETUPAPI.dll
0x000007fefcbb0000 - 0x000007fefcbe6000 	C:\Windows\system32\CFGMGR32.dll
0x000007fefc970000 - 0x000007fefc98a000 	C:\Windows\system32\DEVOBJ.dll
0x000007fefd650000 - 0x000007fefe3d8000 	C:\Windows\system32\SHELL32.dll
0x000000005c6c0000 - 0x000000005c6cf000 	C:\Program Files\Java\jre7\bin\prism-d3d.dll
0x0000000057c00000 - 0x0000000057c32000 	C:\Program Files\Java\jre7\bin\glass.dll
0x000007fefd2e0000 - 0x000007fefd377000 	C:\Windows\system32\COMDLG32.dll
0x0000000057fc0000 - 0x0000000057ff4000 	C:\Program Files\Java\jre7\bin\fontmanager.dll
0x000000005e150000 - 0x000000005e169000 	C:\Program Files\Java\jre7\bin\net.dll
0x000007fefc130000 - 0x000007fefc185000 	C:\Windows\system32\mswsock.dll
0x000007fefc120000 - 0x000007fefc127000 	C:\Windows\System32\wship6.dll
0x000000005e130000 - 0x000000005e141000 	C:\Program Files\Java\jre7\bin\nio.dll
0x0000000057bb0000 - 0x0000000057bf1000 	C:\Program Files\Java\jre7\bin\t2k.dll
0x000007fefe3f0000 - 0x000007fefe489000 	C:\Windows\system32\CLBCatQ.DLL
0x000007fefa8f0000 - 0x000007fefaa51000 	C:\Windows\system32\WindowsCodecs.dll
0x000007fefc790000 - 0x000007fefc7e7000 	C:\Windows\system32\apphelp.dll
0x000007fef3be0000 - 0x000007fef3c0a000 	C:\Users\Yolan\AppData\Roaming\Dropbox\bin\DropboxExt64.17.dll
0x000007fefb440000 - 0x000007fefb565000 	C:\Windows\system32\dbghelp.dll
0x00000000727a0000 - 0x0000000072873000 	C:\Windows\WinSxS\amd64_microsoft.vc90.crt_1fc8b3b9a1e18e3b_9.0.30729.6161_none_08e61857a83bc251\MSVCP90.dll
0x00000000726f0000 - 0x0000000072793000 	C:\Windows\WinSxS\amd64_microsoft.vc90.crt_1fc8b3b9a1e18e3b_9.0.30729.6161_none_08e61857a83bc251\MSVCR90.dll
0x000007fef4140000 - 0x000007fef4175000 	C:\Windows\system32\EhStorShell.dll
0x000007fefb580000 - 0x000007fefb6ac000 	C:\Windows\system32\PROPSYS.dll
0x000007fef2160000 - 0x000007fef27d2000 	C:\PROGRA~1\MIF5BA~1\Office14\GROOVEEX.DLL
0x0000000072880000 - 0x00000000728af000 	C:\Windows\WinSxS\amd64_microsoft.vc90.atl_1fc8b3b9a1e18e3b_9.0.30729.6161_none_0a1fd3a3a768b895\ATL90.DLL
0x000007fef2a50000 - 0x000007fef2e5f000 	C:\PROGRA~1\COMMON~1\MICROS~1\OFFICE14\Cultures\office.odf
0x000007fef18f0000 - 0x000007fef2154000 	C:\PROGRA~1\MIF5BA~1\Office14\1033\GrooveIntlResource.dll
0x000007fef40c0000 - 0x000007fef4140000 	C:\Windows\system32\ntshrui.dll
0x000007fefc510000 - 0x000007fefc533000 	C:\Windows\system32\srvcli.dll
0x000007fef4090000 - 0x000007fef409f000 	C:\Windows\system32\cscapi.dll
0x000007fefa5a0000 - 0x000007fefa5ab000 	C:\Windows\system32\slc.dll
0x0000000057920000 - 0x00000000579b2000 	C:\Program Files\Java\jre7\bin\libxml2.dll
0x00000000578e0000 - 0x0000000057913000 	C:\Program Files\Java\jre7\bin\libxslt.dll
0x00000000509b0000 - 0x00000000517e7000 	C:\Program Files\Java\jre7\bin\jfxwebkit.dll
0x0000000057890000 - 0x00000000578df000 	C:\Program Files\Java\jre7\bin\javafx-font.dll
0x000000005ca30000 - 0x000000005ca54000 	C:\Program Files\Java\jre7\bin\sunec.dll
0x000000005d060000 - 0x000000005d06b000 	C:\Program Files\Java\jre7\bin\sunmscapi.dll
0x000007fefca40000 - 0x000007fefcbaa000 	C:\Windows\system32\CRYPT32.dll
0x000007fefc960000 - 0x000007fefc96f000 	C:\Windows\system32\MSASN1.dll
0x000007fefc190000 - 0x000007fefc1a7000 	C:\Windows\system32\CRYPTSP.dll
0x000007fefbe90000 - 0x000007fefbed7000 	C:\Windows\system32\rsaenh.dll
0x000007fefbbb0000 - 0x000007fefbbce000 	C:\Windows\system32\USERENV.dll
0x000007fefc8c0000 - 0x000007fefc8cf000 	C:\Windows\system32\profapi.dll
0x000007fefa6a0000 - 0x000007fefa6b5000 	C:\Windows\system32\NLAapi.dll
0x000007fef3ff0000 - 0x000007fef4005000 	C:\Windows\system32\napinsp.dll
0x000007fef3fd0000 - 0x000007fef3fe9000 	C:\Windows\system32\pnrpnsp.dll
0x000007fefbfb0000 - 0x000007fefc00b000 	C:\Windows\system32\DNSAPI.dll
0x000007fef3fc0000 - 0x000007fef3fcb000 	C:\Windows\System32\winrnr.dll
0x000007fef3fb0000 - 0x000007fef3fc0000 	C:\Windows\system32\wshbth.dll
0x000007fef5fc0000 - 0x000007fef5fef000 	C:\Program Files\Common Files\Microsoft Shared\Windows Live\WLIDNSP.DLL
0x000007fefba80000 - 0x000007fefba87000 	C:\Windows\System32\wshtcpip.dll
0x000007fefa180000 - 0x000007fefa1a7000 	C:\Windows\system32\IPHLPAPI.DLL
0x000007fefa170000 - 0x000007fefa17b000 	C:\Windows\system32\WINNSI.DLL
0x000007fef3fa0000 - 0x000007fef3fa8000 	C:\Windows\system32\rasadhlp.dll
0x000007fef9a30000 - 0x000007fef9a83000 	C:\Windows\System32\fwpuclnt.dll

VM Arguments:
jvm_args: -Dfile.encoding=Cp1252 
java_command: be.artesis.timelog.gui.Main
Launcher Type: SUN_STANDARD

Environment Variables:
CLASSPATH=C:\Program Files (x86)\Belgium Identity Card
PATH=C:\Program Files\Common Files\Microsoft Shared\Windows Live;C:\Program Files (x86)\Common Files\Microsoft Shared\Windows Live;C:\Program Files (x86)\NVIDIA Corporation\PhysX\Common;C:\Windows\system32;C:\Windows;C:\Windows\System32\Wbem;C:\Windows\System32\WindowsPowerShell\v1.0\;C:\Program Files (x86)\Sony\VAIO Startup Setting Tool;C:\Program Files (x86)\Windows Live\Shared;C:\Program Files (x86)\Microsoft SQL Server\100\Tools\Binn\;C:\Program Files\Microsoft SQL Server\100\Tools\Binn\;C:\Program Files\Microsoft SQL Server\100\DTS\Binn\;C:\Program Files (x86)\Microsoft SQL Server\100\Tools\Binn\VSShell\Common7\IDE\;C:\Program Files (x86)\Microsoft Visual Studio 9.0\Common7\IDE\PrivateAssemblies\;C:\Program Files (x86)\Microsoft SQL Server\100\DTS\Binn\;C:\Program Files (x86)\Belgium Identity Card;C:\Program Files\SourceGear\Common\DiffMerge\
USERNAME=Yolan
OS=Windows_NT
PROCESSOR_IDENTIFIER=Intel64 Family 6 Model 42 Stepping 7, GenuineIntel



---------------  S Y S T E M  ---------------

OS: Windows 7 , 64 bit Build 7601 Service Pack 1

CPU:total 8 (4 cores per cpu, 2 threads per core) family 6 model 42 stepping 7, cmov, cx8, fxsr, mmx, sse, sse2, sse3, ssse3, sse4.1, sse4.2, popcnt, avx, ht, tsc, tscinvbit

Memory: 4k page, physical 6272224k(2579488k free), swap 12542592k(7022688k free)

vm_info: Java HotSpot(TM) 64-Bit Server VM (23.5-b02) for windows-amd64 JRE (1.7.0_09-b05), built on Sep 24 2012 21:45:04 by "java_re" with unknown MS VC++:1600

time: Tue Mar 19 10:16:57 2013
elapsed time: 3 seconds

